<?xml version="1.0" encoding="UTF-8"?>
<testsuite name="TestSuite" time="1,630.846" tests="14" errors="0" skipped="0" failures="1">
  <properties>
    <property name="java.runtime.name" value="Java(TM) SE Runtime Environment"/>
    <property name="sun.boot.library.path" value="C:\Program Files\Java\jdk1.8.0_251\jre\bin"/>
    <property name="java.vm.version" value="25.251-b08"/>
    <property name="java.vm.vendor" value="Oracle Corporation"/>
    <property name="maven.multiModuleProjectDirectory" value="D:\workspace\bizligo-automation"/>
    <property name="java.vendor.url" value="http://java.oracle.com/"/>
    <property name="path.separator" value=";"/>
    <property name="guice.disable.misplaced.annotation.check" value="true"/>
    <property name="java.vm.name" value="Java HotSpot(TM) 64-Bit Server VM"/>
    <property name="file.encoding.pkg" value="sun.io"/>
    <property name="user.script" value=""/>
    <property name="user.country" value="US"/>
    <property name="sun.java.launcher" value="SUN_STANDARD"/>
    <property name="sun.os.patch.level" value=""/>
    <property name="java.vm.specification.name" value="Java Virtual Machine Specification"/>
    <property name="user.dir" value="D:\workspace\bizligo-automation"/>
    <property name="java.runtime.version" value="1.8.0_251-b08"/>
    <property name="java.awt.graphicsenv" value="sun.awt.Win32GraphicsEnvironment"/>
    <property name="java.endorsed.dirs" value="C:\Program Files\Java\jdk1.8.0_251\jre\lib\endorsed"/>
    <property name="os.arch" value="amd64"/>
    <property name="java.io.tmpdir" value="C:\Users\netwo\AppData\Local\Temp\"/>
    <property name="line.separator" value="&#10;"/>
    <property name="java.vm.specification.vendor" value="Oracle Corporation"/>
    <property name="user.variant" value=""/>
    <property name="os.name" value="Windows 10"/>
    <property name="classworlds.conf" value="C:\apache-maven-3.6.3\bin\..\bin\m2.conf"/>
    <property name="sun.jnu.encoding" value="Cp1252"/>
    <property name="java.library.path" value="C:\Program Files\Java\jdk1.8.0_251\bin;C:\WINDOWS\Sun\Java\bin;C:\WINDOWS\system32;C:\WINDOWS;C:\Program Files (x86)\Common Files\Oracle\Java\javapath;C:\WINDOWS\system32;C:\WINDOWS;C:\WINDOWS\System32\Wbem;C:\WINDOWS\System32\WindowsPowerShell\v1.0\;C:\Program Files (x86)\Common Files\lenovo\easyplussdk\bin;C:\Program Files\Intel\WiFi\bin\;C:\Program Files\Common Files\Intel\WirelessCommon\;C:\WINDOWS\System32\OpenSSH\;C:\apache-maven-3.6.3\bin;C:\Program Files\Java\jdk1.8.0_251\bin;C:\Program Files\Git\cmd;C:\Users\netwo\AppData\Local\Microsoft\WindowsApps;;."/>
    <property name="maven.conf" value="C:\apache-maven-3.6.3\bin\../conf"/>
    <property name="java.specification.name" value="Java Platform API Specification"/>
    <property name="java.class.version" value="52.0"/>
    <property name="sun.management.compiler" value="HotSpot 64-Bit Tiered Compilers"/>
    <property name="os.version" value="10.0"/>
    <property name="library.jansi.path" value="C:\apache-maven-3.6.3\bin\..\lib\jansi-native"/>
    <property name="user.home" value="C:\Users\netwo"/>
    <property name="user.timezone" value="America/New_York"/>
    <property name="java.awt.printerjob" value="sun.awt.windows.WPrinterJob"/>
    <property name="java.specification.version" value="1.8"/>
    <property name="file.encoding" value="Cp1252"/>
    <property name="user.name" value="netwo"/>
    <property name="java.class.path" value="C:\apache-maven-3.6.3\bin\..\boot\plexus-classworlds-2.6.0.jar"/>
    <property name="java.vm.specification.version" value="1.8"/>
    <property name="sun.arch.data.model" value="64"/>
    <property name="java.home" value="C:\Program Files\Java\jdk1.8.0_251\jre"/>
    <property name="sun.java.command" value="org.codehaus.plexus.classworlds.launcher.Launcher clean install"/>
    <property name="java.specification.vendor" value="Oracle Corporation"/>
    <property name="user.language" value="en"/>
    <property name="awt.toolkit" value="sun.awt.windows.WToolkit"/>
    <property name="java.vm.info" value="mixed mode"/>
    <property name="java.version" value="1.8.0_251"/>
    <property name="java.ext.dirs" value="C:\Program Files\Java\jdk1.8.0_251\jre\lib\ext;C:\WINDOWS\Sun\Java\lib\ext"/>
    <property name="sun.boot.class.path" value="C:\Program Files\Java\jdk1.8.0_251\jre\lib\resources.jar;C:\Program Files\Java\jdk1.8.0_251\jre\lib\rt.jar;C:\Program Files\Java\jdk1.8.0_251\jre\lib\sunrsasign.jar;C:\Program Files\Java\jdk1.8.0_251\jre\lib\jsse.jar;C:\Program Files\Java\jdk1.8.0_251\jre\lib\jce.jar;C:\Program Files\Java\jdk1.8.0_251\jre\lib\charsets.jar;C:\Program Files\Java\jdk1.8.0_251\jre\lib\jfr.jar;C:\Program Files\Java\jdk1.8.0_251\jre\classes"/>
    <property name="sun.stderr.encoding" value="cp437"/>
    <property name="java.vendor" value="Oracle Corporation"/>
    <property name="maven.home" value="C:\apache-maven-3.6.3\bin\.."/>
    <property name="file.separator" value="\"/>
    <property name="java.vendor.url.bug" value="http://bugreport.sun.com/bugreport/"/>
    <property name="sun.cpu.endian" value="little"/>
    <property name="sun.io.unicode.encoding" value="UnicodeLittle"/>
    <property name="sun.stdout.encoding" value="cp437"/>
    <property name="sun.desktop" value="windows"/>
    <property name="sun.cpu.isalist" value="amd64"/>
  </properties>
  <testcase name="TC205" classname="com.cpcommunity.testScripts.community.TC205_Tenant_Admin_Create_Community" time="123.022"/>
  <testcase name="TC214" classname="com.cpcommunity.testScripts.community.TC214_Verify_Active_Pricing_Plans_Count_is_Same_In_The_Pricing_Plans_Dropdown_While_Creating_A_Community" time="84.506"/>
  <testcase name="TC206" classname="com.cpcommunity.testScripts.community.TC206_Tenant_Admin_Add_Member_To_Community" time="132.762"/>
  <testcase name="TC212" classname="com.cpcommunity.testScripts.community.TC212_Verify_TA_Created_Community_Is_Not_Displayed_In_Pending_Communities" time="74.512"/>
  <testcase name="TC207" classname="com.cpcommunity.testScripts.community.TC207_Tenant_Admin_Make_Admin_Community" time="129.454"/>
  <testcase name="TC208" classname="com.cpcommunity.testScripts.community.TC208_TA_Not_Able_To_Remove_Admin_Role_When_Only_One_Admin_To_The_Community" time="126.02"/>
  <testcase name="TC213" classname="com.cpcommunity.testScripts.community.TC213_Verify_The_Community_Feature_As_Per_Pricing_Plan" time="185">
    <failure message="no such element: Unable to locate element: {&quot;method&quot;:&quot;xpath&quot;,&quot;selector&quot;:&quot;((//*[@class=&apos;row plan-detail-cont&apos;])[2]//*[contains(text(),&apos;Events&apos;)]/..)//i[@class=&apos;fa fa-check-circle-o&apos;]&quot;}&#10;  (Session info: chrome=85.0.4183.121)&#10;  (Driver info: chromedriver=2.38.552522 (437e6fbedfa8762dec75e2c5b3ddb86763dc9dcb),platform=Windows NT 10.0.18362 x86_64) (WARNING: The server did not provide any stacktrace information)&#10;Command duration or timeout: 0 milliseconds&#10;For documentation on this error, please visit: http://seleniumhq.org/exceptions/no_such_element.html&#10;Build info: version: &apos;3.14.0&apos;, revision: &apos;aacccce0&apos;, time: &apos;2018-08-02T20:19:58.91Z&apos;&#10;System info: host: &apos;LAPTOP-65H8KDP8&apos;, ip: &apos;10.0.0.8&apos;, os.name: &apos;Windows 10&apos;, os.arch: &apos;amd64&apos;, os.version: &apos;10.0&apos;, java.version: &apos;1.8.0_251&apos;&#10;Driver info: org.openqa.selenium.chrome.ChromeDriver&#10;Capabilities {acceptInsecureCerts: false, acceptSslCerts: false, applicationCacheEnabled: false, browserConnectionEnabled: false, browserName: chrome, chrome: {chromedriverVersion: 2.38.552522 (437e6fbedfa876..., userDataDir: C:\Users\netwo\AppData\Loca...}, cssSelectorsEnabled: true, databaseEnabled: false, handlesAlerts: true, hasTouchScreen: false, javascriptEnabled: true, locationContextEnabled: true, mobileEmulationEnabled: false, nativeEvents: true, networkConnectionEnabled: false, pageLoadStrategy: normal, platform: XP, platformName: XP, rotatable: false, setWindowRect: true, takesHeapSnapshot: true, takesScreenshot: true, unexpectedAlertBehaviour: , unhandledPromptBehavior: , version: 85.0.4183.121, webStorageEnabled: true}&#10;Session ID: e5f84592cb1892553cfee41465abc80b&#10;*** Element info: {Using=xpath, value=((//*[@class=&apos;row plan-detail-cont&apos;])[2]//*[contains(text(),&apos;Events&apos;)]/..)//i[@class=&apos;fa fa-check-circle-o&apos;]}" type="org.openqa.selenium.NoSuchElementException">org.openqa.selenium.NoSuchElementException: no such element: Unable to locate element: {"method":"xpath","selector":"((//*[@class='row plan-detail-cont'])[2]//*[contains(text(),'Events')]/..)//i[@class='fa fa-check-circle-o']"}
  (Session info: chrome=85.0.4183.121)
  (Driver info: chromedriver=2.38.552522 (437e6fbedfa8762dec75e2c5b3ddb86763dc9dcb),platform=Windows NT 10.0.18362 x86_64) (WARNING: The server did not provide any stacktrace information)
Command duration or timeout: 0 milliseconds
For documentation on this error, please visit: http://seleniumhq.org/exceptions/no_such_element.html
Build info: version: '3.14.0', revision: 'aacccce0', time: '2018-08-02T20:19:58.91Z'
System info: host: 'LAPTOP-65H8KDP8', ip: '10.0.0.8', os.name: 'Windows 10', os.arch: 'amd64', os.version: '10.0', java.version: '1.8.0_251'
Driver info: org.openqa.selenium.chrome.ChromeDriver
Capabilities {acceptInsecureCerts: false, acceptSslCerts: false, applicationCacheEnabled: false, browserConnectionEnabled: false, browserName: chrome, chrome: {chromedriverVersion: 2.38.552522 (437e6fbedfa876..., userDataDir: C:\Users\netwo\AppData\Loca...}, cssSelectorsEnabled: true, databaseEnabled: false, handlesAlerts: true, hasTouchScreen: false, javascriptEnabled: true, locationContextEnabled: true, mobileEmulationEnabled: false, nativeEvents: true, networkConnectionEnabled: false, pageLoadStrategy: normal, platform: XP, platformName: XP, rotatable: false, setWindowRect: true, takesHeapSnapshot: true, takesScreenshot: true, unexpectedAlertBehaviour: , unhandledPromptBehavior: , version: 85.0.4183.121, webStorageEnabled: true}
Session ID: e5f84592cb1892553cfee41465abc80b
*** Element info: {Using=xpath, value=((//*[@class='row plan-detail-cont'])[2]//*[contains(text(),'Events')]/..)//i[@class='fa fa-check-circle-o']}
	at sun.reflect.GeneratedConstructorAccessor38.newInstance(Unknown Source)
	at sun.reflect.DelegatingConstructorAccessorImpl.newInstance(DelegatingConstructorAccessorImpl.java:45)
	at java.lang.reflect.Constructor.newInstance(Constructor.java:423)
	at org.openqa.selenium.remote.ErrorHandler.createThrowable(ErrorHandler.java:214)
	at org.openqa.selenium.remote.ErrorHandler.throwIfResponseFailed(ErrorHandler.java:166)
	at org.openqa.selenium.remote.http.JsonHttpResponseCodec.reconstructValue(JsonHttpResponseCodec.java:40)
	at org.openqa.selenium.remote.http.AbstractHttpResponseCodec.decode(AbstractHttpResponseCodec.java:80)
	at org.openqa.selenium.remote.http.AbstractHttpResponseCodec.decode(AbstractHttpResponseCodec.java:44)
	at org.openqa.selenium.remote.HttpCommandExecutor.execute(HttpCommandExecutor.java:158)
	at org.openqa.selenium.remote.service.DriverCommandExecutor.execute(DriverCommandExecutor.java:83)
	at org.openqa.selenium.remote.RemoteWebDriver.execute(RemoteWebDriver.java:548)
	at org.openqa.selenium.remote.RemoteWebDriver.findElement(RemoteWebDriver.java:322)
	at org.openqa.selenium.remote.RemoteWebDriver.findElementByXPath(RemoteWebDriver.java:424)
	at org.openqa.selenium.By$ByXPath.findElement(By.java:353)
	at org.openqa.selenium.remote.RemoteWebDriver.findElement(RemoteWebDriver.java:314)
	at com.cpcommunity.PageObjects.PricingPlanDetailsPage.checkFeatureEnabled(PricingPlanDetailsPage.java:25)
	at com.cpcommunity.PageObjects.PricingPlanDetailsPage.checkPlanDetails(PricingPlanDetailsPage.java:32)
	at com.cpcommunity.testScripts.community.TC213_Verify_The_Community_Feature_As_Per_Pricing_Plan.TC213(TC213_Verify_The_Community_Feature_As_Per_Pricing_Plan.java:55)
</failure>
    <system-out><![CDATA[Date Format with dd MMMM yyyy : 28 Sep 2020
INFO    2020-09-28 01:26:52,060 [TestNG-test=Test 4-2] com.cpcommunity.PageObjects.BasePage  - Typing in : search entered the value as : TA Community - 28 Sep 2020
INFO    2020-09-28 01:26:52,293 [TestNG-test=Test 4-1] com.cpcommunity.testScripts.community.BaseTest  - Test Execution Completed !!!
INFO    2020-09-28 01:26:52,365 [TestNG-test=Test 4-2] com.cpcommunity.PageObjects.BasePage  - Clicking on : search Btn
INFO    2020-09-28 01:26:54,486 [TestNG-test=Test 4-2] com.cpcommunity.PageObjects.BasePage  - waiting for :[[ChromeDriver: chrome on XP (e5f84592cb1892553cfee41465abc80b)] -> xpath: //a[contains(text(),'TA Community - 28 Sep 2020')]] for :18 seconds
INFO    2020-09-28 01:26:54,498 [TestNG-test=Test 4-2] com.cpcommunity.PageObjects.BasePage  - [[ChromeDriver: chrome on XP (e5f84592cb1892553cfee41465abc80b)] -> xpath: //a[contains(text(),'TA Community - 28 Sep 2020')]]is displayed
INFO    2020-09-28 01:26:57,799 [TestNG-test=Test 4-2] com.cpcommunity.PageObjects.BasePage  - scrolling up vertically...
INFO    2020-09-28 01:27:02,338 [TestNG-test=Test 4-2] com.cpcommunity.PageObjects.BasePage  - scrolling up vertically...
INFO    2020-09-28 01:27:09,379 [TestNG-test=Test 4-2] com.cpcommunity.PageObjects.BasePage  - waiting for :[[ChromeDriver: chrome on XP (e5f84592cb1892553cfee41465abc80b)] -> xpath: //*[@data-original-title='Manage Community']] for :18 seconds
INFO    2020-09-28 01:27:09,409 [TestNG-test=Test 4-2] com.cpcommunity.PageObjects.BasePage  - [[ChromeDriver: chrome on XP (e5f84592cb1892553cfee41465abc80b)] -> xpath: //*[@data-original-title='Manage Community']]is displayed
INFO    2020-09-28 01:27:19,314 [TestNG-test=Test 4-2] com.cpcommunity.PageObjects.BasePage  - scrolling up vertically...
INFO    2020-09-28 01:27:24,323 [TestNG-test=Test 4-2] com.cpcommunity.PageObjects.BasePage  - Clicking on : Save
INFO    2020-09-28 01:27:25,963 [TestNG-test=Test 4-2] com.cpcommunity.PageObjects.BasePage  - waiting for :[[ChromeDriver: chrome on XP (e5f84592cb1892553cfee41465abc80b)] -> xpath: //h2[contains(text(),'Dashboard')]] for :18 seconds
INFO    2020-09-28 01:27:26,021 [TestNG-test=Test 4-2] com.cpcommunity.PageObjects.BasePage  - [[ChromeDriver: chrome on XP (e5f84592cb1892553cfee41465abc80b)] -> xpath: //h2[contains(text(),'Dashboard')]]is displayed
INFO    2020-09-28 01:27:30,884 [TestNG-test=Test 4-2] com.cpcommunity.PageObjects.BasePage  - scrolling up vertically...
INFO    2020-09-28 01:27:35,891 [TestNG-test=Test 4-2] com.cpcommunity.PageObjects.BasePage  - Clicking on : pricingPlanDetails
INFO    2020-09-28 01:27:40,185 [TestNG-test=Test 4-2] com.cpcommunity.PageObjects.BasePage  - scrolling up vertically...
]]></system-out>
    <system-err><![CDATA[Sep 28, 2020 1:26:59 AM org.openqa.selenium.remote.Augmenter extractRemoteWebDriver
WARNING: Augmenter should be applied to the instances of @Augmentable classes or previously augmented instances only (instance class was: class org.openqa.selenium.chrome.ChromeDriver)
Sep 28, 2020 1:27:01 AM org.openqa.selenium.remote.Augmenter extractRemoteWebDriver
WARNING: Augmenter should be applied to the instances of @Augmentable classes or previously augmented instances only (instance class was: class org.openqa.selenium.chrome.ChromeDriver)
Sep 28, 2020 1:27:14 AM org.openqa.selenium.remote.Augmenter extractRemoteWebDriver
WARNING: Augmenter should be applied to the instances of @Augmentable classes or previously augmented instances only (instance class was: class org.openqa.selenium.chrome.ChromeDriver)
Sep 28, 2020 1:27:15 AM org.openqa.selenium.remote.Augmenter extractRemoteWebDriver
WARNING: Augmenter should be applied to the instances of @Augmentable classes or previously augmented instances only (instance class was: class org.openqa.selenium.chrome.ChromeDriver)
Sep 28, 2020 1:27:17 AM org.openqa.selenium.remote.Augmenter extractRemoteWebDriver
WARNING: Augmenter should be applied to the instances of @Augmentable classes or previously augmented instances only (instance class was: class org.openqa.selenium.chrome.ChromeDriver)
Sep 28, 2020 1:27:18 AM org.openqa.selenium.remote.Augmenter extractRemoteWebDriver
WARNING: Augmenter should be applied to the instances of @Augmentable classes or previously augmented instances only (instance class was: class org.openqa.selenium.chrome.ChromeDriver)
Sep 28, 2020 1:27:29 AM org.openqa.selenium.remote.Augmenter extractRemoteWebDriver
WARNING: Augmenter should be applied to the instances of @Augmentable classes or previously augmented instances only (instance class was: class org.openqa.selenium.chrome.ChromeDriver)
Sep 28, 2020 1:27:30 AM org.openqa.selenium.remote.Augmenter extractRemoteWebDriver
WARNING: Augmenter should be applied to the instances of @Augmentable classes or previously augmented instances only (instance class was: class org.openqa.selenium.chrome.ChromeDriver)
Sep 28, 2020 1:27:38 AM org.openqa.selenium.remote.Augmenter extractRemoteWebDriver
WARNING: Augmenter should be applied to the instances of @Augmentable classes or previously augmented instances only (instance class was: class org.openqa.selenium.chrome.ChromeDriver)
Sep 28, 2020 1:27:39 AM org.openqa.selenium.remote.Augmenter extractRemoteWebDriver
WARNING: Augmenter should be applied to the instances of @Augmentable classes or previously augmented instances only (instance class was: class org.openqa.selenium.chrome.ChromeDriver)
]]></system-err>
  </testcase>
  <testcase name="TC211" classname="com.cpcommunity.testScripts.community.TC211_Verify_TA_Created_Community_Is_Displaying_In_The_Global_Communities_Page" time="74.838"/>
  <testcase name="TC210" classname="com.cpcommunity.testScripts.community.TC210_Tenant_Admin_Remove_Member_From_Community" time="169.651"/>
  <testcase name="TC209" classname="com.cpcommunity.testScripts.community.TC209_Tenant_Admin_Remove_Admin_To_Community" time="178.697"/>
  <testcase name="TC215" classname="com.cpcommunity.testScripts.community.TC215_TA_Update_The_Community_Details" time="134.889"/>
  <testcase name="TC216" classname="com.cpcommunity.testScripts.community.TC216_Verify_TA_Updated_Community_Is_Displayed_In_Community_Details_Page" time="78.375"/>
  <testcase name="TC217" classname="com.cpcommunity.testScripts.community.TC217_TA_InActivate_The_Community" time="74.887"/>
  <testcase name="TC218" classname="com.cpcommunity.testScripts.community.TC218_Verify_TA_InActivated_Community_Is_Not_Displaying_In_The_Global_Communities_Page" time="64.233"/>
</testsuite>