<?xml version="1.0" encoding="UTF-8"?>
<!-- Generated by org.testng.reporters.JUnitXMLReporter -->
<testsuite ignored="30" hostname="ViswanadhMS" failures="15" tests="16" name="Test6" time="750.563" errors="0" timestamp="25 Apr 2021 18:30:43 GMT">
  <testcase classname="com.cpcommunity.testScripts.Create_Free_Event.TC141_Create_Free_Event" name="TC141" time="159.56">
    <failure type="org.openqa.selenium.NoSuchElementException" message="Timed out after 20 seconds. Unable to locate the element">
      <![CDATA[org.openqa.selenium.NoSuchElementException: Timed out after 20 seconds. Unable to locate the element
	at org.openqa.selenium.support.pagefactory.AjaxElementLocator.findElement(AjaxElementLocator.java:123)
	at org.openqa.selenium.support.pagefactory.internal.LocatingElementHandler.invoke(LocatingElementHandler.java:38)
	at com.sun.proxy.$Proxy15.getWrappedElement(Unknown Source)
	at org.openqa.selenium.remote.internal.WebElementToJsonConverter.apply(WebElementToJsonConverter.java:50)
	at java.base/java.util.stream.ReferencePipeline$3$1.accept(ReferencePipeline.java:195)
	at java.base/java.util.Spliterators$ArraySpliterator.forEachRemaining(Spliterators.java:948)
	at java.base/java.util.stream.AbstractPipeline.copyInto(AbstractPipeline.java:484)
	at java.base/java.util.stream.AbstractPipeline.wrapAndCopyInto(AbstractPipeline.java:474)
	at java.base/java.util.stream.ReduceOps$ReduceOp.evaluateSequential(ReduceOps.java:913)
	at java.base/java.util.stream.AbstractPipeline.evaluate(AbstractPipeline.java:234)
	at java.base/java.util.stream.ReferencePipeline.collect(ReferencePipeline.java:578)
	at org.openqa.selenium.remote.RemoteWebDriver.executeScript(RemoteWebDriver.java:480)
	at com.cpcommunity.PageObjects.BasePage.highlightElement(BasePage.java:572)
	at com.cpcommunity.PageObjects.BasePage.click(BasePage.java:219)
	at com.cpcommunity.PageObjects.MyCommunitiesPage.gotoManageCommunity(MyCommunitiesPage.java:390)
	at com.cpcommunity.testScripts.Create_Free_Event.TC141_Create_Free_Event.TC141(TC141_Create_Free_Event.java:31)
Caused by: org.openqa.selenium.NoSuchElementException: no such element: Unable to locate element: {"method":"xpath","selector":"//*[contains(text(),'MANAGE')]"}
  (Session info: chrome=90.0.4430.85)
For documentation on this error, please visit: http://seleniumhq.org/exceptions/no_such_element.html
Build info: version: '3.14.0', revision: 'aacccce0', time: '2018-08-02T20:19:58.91Z'
System info: host: 'VISWANADHMS', ip: '192.168.1.17', os.name: 'Windows 10', os.arch: 'amd64', os.version: '10.0', java.version: '15.0.2'
Driver info: org.openqa.selenium.chrome.ChromeDriver
Capabilities {acceptInsecureCerts: false, browserName: chrome, browserVersion: 90.0.4430.85, chrome: {chromedriverVersion: 90.0.4430.24 (4c6d850f087da..., userDataDir: C:\Users\VISWAN~1\AppData\L...}, goog:chromeOptions: {debuggerAddress: localhost:53470}, javascriptEnabled: true, networkConnectionEnabled: false, pageLoadStrategy: normal, platform: WINDOWS, platformName: WINDOWS, proxy: Proxy(), setWindowRect: true, strictFileInteractability: false, timeouts: {implicit: 0, pageLoad: 300000, script: 30000}, unhandledPromptBehavior: dismiss and notify, webauthn:extension:largeBlob: true, webauthn:virtualAuthenticators: true}
Session ID: d32e809cb6d844c004999efc813bcabd
*** Element info: {Using=xpath, value=//*[contains(text(),'MANAGE')]}
	at org.openqa.selenium.remote.http.W3CHttpResponseCodec.createException(W3CHttpResponseCodec.java:187)
	at org.openqa.selenium.remote.http.W3CHttpResponseCodec.decode(W3CHttpResponseCodec.java:122)
	at org.openqa.selenium.remote.http.W3CHttpResponseCodec.decode(W3CHttpResponseCodec.java:49)
	at org.openqa.selenium.remote.HttpCommandExecutor.execute(HttpCommandExecutor.java:158)
	at org.openqa.selenium.remote.service.DriverCommandExecutor.execute(DriverCommandExecutor.java:83)
	at org.openqa.selenium.remote.RemoteWebDriver.execute(RemoteWebDriver.java:548)
	at org.openqa.selenium.remote.RemoteWebDriver.findElement(RemoteWebDriver.java:322)
	at org.openqa.selenium.remote.RemoteWebDriver.findElementByXPath(RemoteWebDriver.java:424)
	at org.openqa.selenium.By$ByXPath.findElement(By.java:353)
	at org.openqa.selenium.remote.RemoteWebDriver.findElement(RemoteWebDriver.java:314)
	at org.openqa.selenium.support.pagefactory.DefaultElementLocator.findElement(DefaultElementLocator.java:69)
	at org.openqa.selenium.support.pagefactory.AjaxElementLocator.access$001(AjaxElementLocator.java:39)
	at org.openqa.selenium.support.pagefactory.AjaxElementLocator$SlowLoadingElement.isLoaded(AjaxElementLocator.java:194)
	at org.openqa.selenium.support.ui.SlowLoadableComponent.get(SlowLoadableComponent.java:78)
	at org.openqa.selenium.support.pagefactory.AjaxElementLocator.findElement(AjaxElementLocator.java:119)
	... 40 more
... Removed 29 stack frames]]>
    </failure>
  </testcase> <!-- TC141 -->
  <testcase classname="com.cpcommunity.testScripts.myprofiletestcases.TC018_Verify_User_is_Able_to_Select_Email_As_Private" name="TC018" time="95.429"/>
  <testcase classname="com.cpcommunity.testScripts.community.TC041_Member_Reject_Community_request_from_My_Communities" name="TC041ToTC046" time="450.89">
    <failure type="org.openqa.selenium.TimeoutException" message="Expected condition failed: waiting for visibility of Proxy element for: AjaxElementLocator &amp;apos;By.xpath: //*[@id=&amp;apos;mycommunitestab&amp;apos;]//a[contains(text(),&amp;apos;VIEW ALL&amp;apos;)]&amp;apos; (tried for 20 second(s) with 500 milliseconds interval)">
      <![CDATA[org.openqa.selenium.TimeoutException: Expected condition failed: waiting for visibility of Proxy element for: AjaxElementLocator 'By.xpath: //*[@id='mycommunitestab']//a[contains(text(),'VIEW ALL')]' (tried for 20 second(s) with 500 milliseconds interval)
	at org.openqa.selenium.support.ui.WebDriverWait.timeoutException(WebDriverWait.java:113)
	at org.openqa.selenium.support.ui.FluentWait.until(FluentWait.java:283)
	at com.cpcommunity.PageObjects.BasePage.waitForElementToPresent(BasePage.java:196)
	at com.cpcommunity.PageObjects.EcoSystemPage.goToMyCommunities(EcoSystemPage.java:152)
	at com.cpcommunity.testScripts.community.TC041_Member_Reject_Community_request_from_My_Communities.TC041ToTC046(TC041_Member_Reject_Community_request_from_My_Communities.java:33)
Caused by: org.openqa.selenium.NoSuchElementException: Timed out after 20 seconds. Unable to locate the element
	at org.openqa.selenium.support.pagefactory.AjaxElementLocator.findElement(AjaxElementLocator.java:123)
	at org.openqa.selenium.support.pagefactory.internal.LocatingElementHandler.invoke(LocatingElementHandler.java:38)
	at com.sun.proxy.$Proxy15.isDisplayed(Unknown Source)
	at org.openqa.selenium.support.ui.ExpectedConditions.elementIfVisible(ExpectedConditions.java:315)
	at org.openqa.selenium.support.ui.ExpectedConditions.access$100(ExpectedConditions.java:44)
	at org.openqa.selenium.support.ui.ExpectedConditions$10.apply(ExpectedConditions.java:301)
	at org.openqa.selenium.support.ui.ExpectedConditions$10.apply(ExpectedConditions.java:298)
	at org.openqa.selenium.support.ui.FluentWait.until(FluentWait.java:260)
	... 28 more
Caused by: org.openqa.selenium.NoSuchElementException: no such element: Unable to locate element: {"method":"xpath","selector":"//*[@id='mycommunitestab']//a[contains(text(),'VIEW ALL')]"}
  (Session info: chrome=90.0.4430.85)
For documentation on this error, please visit: http://seleniumhq.org/exceptions/no_such_element.html
Build info: version: '3.14.0', revision: 'aacccce0', time: '2018-08-02T20:19:58.91Z'
System info: host: 'VISWANADHMS', ip: '192.168.1.17', os.name: 'Windows 10', os.arch: 'amd64', os.version: '10.0', java.version: '15.0.2'
Driver info: org.openqa.selenium.chrome.ChromeDriver
Capabilities {acceptInsecureCerts: false, browserName: chrome, browserVersion: 90.0.4430.85, chrome: {chromedriverVersion: 90.0.4430.24 (4c6d850f087da..., userDataDir: C:\Users\VISWAN~1\AppData\L...}, goog:chromeOptions: {debuggerAddress: localhost:53579}, javascriptEnabled: true, networkConnectionEnabled: false, pageLoadStrategy: normal, platform: WINDOWS, platformName: WINDOWS, proxy: Proxy(), setWindowRect: true, strictFileInteractability: false, timeouts: {implicit: 0, pageLoad: 300000, script: 30000}, unhandledPromptBehavior: dismiss and notify, webauthn:extension:largeBlob: true, webauthn:virtualAuthenticators: true}
Session ID: 5bd9414aa8ef85d56eaabd286e474b4b
*** Element info: {Using=xpath, value=//*[@id='mycommunitestab']//a[contains(text(),'VIEW ALL')]}
	at org.openqa.selenium.remote.http.W3CHttpResponseCodec.createException(W3CHttpResponseCodec.java:187)
	at org.openqa.selenium.remote.http.W3CHttpResponseCodec.decode(W3CHttpResponseCodec.java:122)
	at org.openqa.selenium.remote.http.W3CHttpResponseCodec.decode(W3CHttpResponseCodec.java:49)
	at org.openqa.selenium.remote.HttpCommandExecutor.execute(HttpCommandExecutor.java:158)
	at org.openqa.selenium.remote.service.DriverCommandExecutor.execute(DriverCommandExecutor.java:83)
	at org.openqa.selenium.remote.RemoteWebDriver.execute(RemoteWebDriver.java:548)
	at org.openqa.selenium.remote.RemoteWebDriver.findElement(RemoteWebDriver.java:322)
	at org.openqa.selenium.remote.RemoteWebDriver.findElementByXPath(RemoteWebDriver.java:424)
	at org.openqa.selenium.By$ByXPath.findElement(By.java:353)
	at org.openqa.selenium.remote.RemoteWebDriver.findElement(RemoteWebDriver.java:314)
	at org.openqa.selenium.support.pagefactory.DefaultElementLocator.findElement(DefaultElementLocator.java:69)
	at org.openqa.selenium.support.pagefactory.AjaxElementLocator.access$001(AjaxElementLocator.java:39)
	at org.openqa.selenium.support.pagefactory.AjaxElementLocator$SlowLoadingElement.isLoaded(AjaxElementLocator.java:194)
	at org.openqa.selenium.support.ui.SlowLoadableComponent.get(SlowLoadableComponent.java:78)
	at org.openqa.selenium.support.pagefactory.AjaxElementLocator.findElement(AjaxElementLocator.java:119)
	... 35 more
... Removed 29 stack frames]]>
    </failure>
  </testcase> <!-- TC041ToTC046 -->
  <testcase classname="com.cpcommunity.testScripts.community.TC042_Member_Reject_community_Request_from_Community_details_page" name="TC041ToTC046" time="1.713">
    <failure type="java.io.FileNotFoundException" message="D:\WorkSpace\bizligo-automation\src\test\resources\testdata\test\26 Apr 2021\ExecutionRunTime\runTime.txt (The system cannot find the path specified)">
      <![CDATA[java.io.FileNotFoundException: D:\WorkSpace\bizligo-automation\src\test\resources\testdata\test\26 Apr 2021\ExecutionRunTime\runTime.txt (The system cannot find the path specified)
	at java.base/java.io.FileInputStream.open0(Native Method)
	at java.base/java.io.FileInputStream.open(FileInputStream.java:211)
	at java.base/java.io.FileInputStream.<init>(FileInputStream.java:153)
	at java.base/java.io.FileReader.<init>(FileReader.java:75)
	at com.cpcommunity.testScripts.community.BaseTest.readInNotePadFile(BaseTest.java:382)
	at com.cpcommunity.testScripts.community.BaseTest.openBrowser(BaseTest.java:613)
	at com.cpcommunity.testScripts.community.TC042_Member_Reject_community_Request_from_Community_details_page.TC041ToTC046(TC042_Member_Reject_community_Request_from_Community_details_page.java:26)
... Removed 25 stack frames]]>
    </failure>
  </testcase> <!-- TC041ToTC046 -->
  <testcase classname="com.cpcommunity.testScripts.community.TC043_Member_Reject_Community_Request_From_Global_Community" name="TC041ToTC046" time="1.578">
    <failure type="java.io.FileNotFoundException" message="D:\WorkSpace\bizligo-automation\src\test\resources\testdata\test\26 Apr 2021\ExecutionRunTime\runTime.txt (The system cannot find the path specified)">
      <![CDATA[java.io.FileNotFoundException: D:\WorkSpace\bizligo-automation\src\test\resources\testdata\test\26 Apr 2021\ExecutionRunTime\runTime.txt (The system cannot find the path specified)
	at java.base/java.io.FileInputStream.open0(Native Method)
	at java.base/java.io.FileInputStream.open(FileInputStream.java:211)
	at java.base/java.io.FileInputStream.<init>(FileInputStream.java:153)
	at java.base/java.io.FileReader.<init>(FileReader.java:75)
	at com.cpcommunity.testScripts.community.BaseTest.readInNotePadFile(BaseTest.java:382)
	at com.cpcommunity.testScripts.community.BaseTest.openBrowser(BaseTest.java:613)
	at com.cpcommunity.testScripts.community.TC043_Member_Reject_Community_Request_From_Global_Community.TC041ToTC046(TC043_Member_Reject_Community_Request_From_Global_Community.java:27)
... Removed 25 stack frames]]>
    </failure>
  </testcase> <!-- TC041ToTC046 -->
  <testcase classname="com.cpcommunity.testScripts.community.TC044_Member_Accept_Community_Request_From_Community_details_page" name="TC041ToTC046" time="1.58">
    <failure type="java.io.FileNotFoundException" message="D:\WorkSpace\bizligo-automation\src\test\resources\testdata\test\26 Apr 2021\ExecutionRunTime\runTime.txt (The system cannot find the path specified)">
      <![CDATA[java.io.FileNotFoundException: D:\WorkSpace\bizligo-automation\src\test\resources\testdata\test\26 Apr 2021\ExecutionRunTime\runTime.txt (The system cannot find the path specified)
	at java.base/java.io.FileInputStream.open0(Native Method)
	at java.base/java.io.FileInputStream.open(FileInputStream.java:211)
	at java.base/java.io.FileInputStream.<init>(FileInputStream.java:153)
	at java.base/java.io.FileReader.<init>(FileReader.java:75)
	at com.cpcommunity.testScripts.community.BaseTest.readInNotePadFile(BaseTest.java:382)
	at com.cpcommunity.testScripts.community.BaseTest.openBrowser(BaseTest.java:613)
	at com.cpcommunity.testScripts.community.TC044_Member_Accept_Community_Request_From_Community_details_page.TC041ToTC046(TC044_Member_Accept_Community_Request_From_Community_details_page.java:27)
... Removed 25 stack frames]]>
    </failure>
  </testcase> <!-- TC041ToTC046 -->
  <testcase classname="com.cpcommunity.testScripts.community.TC045_Member_Accept_Community_Request_From_Global_Community" name="TC041ToTC046" time="1.527">
    <failure type="java.io.FileNotFoundException" message="D:\WorkSpace\bizligo-automation\src\test\resources\testdata\test\26 Apr 2021\ExecutionRunTime\runTime.txt (The system cannot find the path specified)">
      <![CDATA[java.io.FileNotFoundException: D:\WorkSpace\bizligo-automation\src\test\resources\testdata\test\26 Apr 2021\ExecutionRunTime\runTime.txt (The system cannot find the path specified)
	at java.base/java.io.FileInputStream.open0(Native Method)
	at java.base/java.io.FileInputStream.open(FileInputStream.java:211)
	at java.base/java.io.FileInputStream.<init>(FileInputStream.java:153)
	at java.base/java.io.FileReader.<init>(FileReader.java:75)
	at com.cpcommunity.testScripts.community.BaseTest.readInNotePadFile(BaseTest.java:382)
	at com.cpcommunity.testScripts.community.BaseTest.openBrowser(BaseTest.java:613)
	at com.cpcommunity.testScripts.community.TC045_Member_Accept_Community_Request_From_Global_Community.TC041ToTC046(TC045_Member_Accept_Community_Request_From_Global_Community.java:28)
... Removed 25 stack frames]]>
    </failure>
  </testcase> <!-- TC041ToTC046 -->
  <testcase classname="com.cpcommunity.testScripts.community.TC046_Member_Accept_Community_Request_from_My_Communities" name="TC041ToTC046" time="1.526">
    <failure type="java.io.FileNotFoundException" message="D:\WorkSpace\bizligo-automation\src\test\resources\testdata\test\26 Apr 2021\ExecutionRunTime\runTime.txt (The system cannot find the path specified)">
      <![CDATA[java.io.FileNotFoundException: D:\WorkSpace\bizligo-automation\src\test\resources\testdata\test\26 Apr 2021\ExecutionRunTime\runTime.txt (The system cannot find the path specified)
	at java.base/java.io.FileInputStream.open0(Native Method)
	at java.base/java.io.FileInputStream.open(FileInputStream.java:211)
	at java.base/java.io.FileInputStream.<init>(FileInputStream.java:153)
	at java.base/java.io.FileReader.<init>(FileReader.java:75)
	at com.cpcommunity.testScripts.community.BaseTest.readInNotePadFile(BaseTest.java:382)
	at com.cpcommunity.testScripts.community.BaseTest.openBrowser(BaseTest.java:613)
	at com.cpcommunity.testScripts.community.TC046_Member_Accept_Community_Request_from_My_Communities.TC041ToTC046(TC046_Member_Accept_Community_Request_from_My_Communities.java:27)
... Removed 25 stack frames]]>
    </failure>
  </testcase> <!-- TC041ToTC046 -->
  <testcase classname="com.cpcommunity.testScripts.community.TC063_Member_to_Join_Private_Communities_From_Community_Details" name="TC063" time="1.543">
    <failure type="java.io.FileNotFoundException" message="D:\WorkSpace\bizligo-automation\src\test\resources\testdata\test\26 Apr 2021\ExecutionRunTime\runTime.txt (The system cannot find the path specified)">
      <![CDATA[java.io.FileNotFoundException: D:\WorkSpace\bizligo-automation\src\test\resources\testdata\test\26 Apr 2021\ExecutionRunTime\runTime.txt (The system cannot find the path specified)
	at java.base/java.io.FileInputStream.open0(Native Method)
	at java.base/java.io.FileInputStream.open(FileInputStream.java:211)
	at java.base/java.io.FileInputStream.<init>(FileInputStream.java:153)
	at java.base/java.io.FileReader.<init>(FileReader.java:75)
	at com.cpcommunity.testScripts.community.BaseTest.readInNotePadFile(BaseTest.java:382)
	at com.cpcommunity.testScripts.community.BaseTest.openBrowser(BaseTest.java:613)
	at com.cpcommunity.testScripts.community.TC063_Member_to_Join_Private_Communities_From_Community_Details.TC063(TC063_Member_to_Join_Private_Communities_From_Community_Details.java:27)
... Removed 25 stack frames]]>
    </failure>
  </testcase> <!-- TC063 -->
  <testcase classname="com.cpcommunity.testScripts.community.TC075_Member_Cancel_Community_Join_Request_from_My_Communities________" name="TC075" time="1.531">
    <failure type="java.io.FileNotFoundException" message="D:\WorkSpace\bizligo-automation\src\test\resources\testdata\test\26 Apr 2021\ExecutionRunTime\runTime.txt (The system cannot find the path specified)">
      <![CDATA[java.io.FileNotFoundException: D:\WorkSpace\bizligo-automation\src\test\resources\testdata\test\26 Apr 2021\ExecutionRunTime\runTime.txt (The system cannot find the path specified)
	at java.base/java.io.FileInputStream.open0(Native Method)
	at java.base/java.io.FileInputStream.open(FileInputStream.java:211)
	at java.base/java.io.FileInputStream.<init>(FileInputStream.java:153)
	at java.base/java.io.FileReader.<init>(FileReader.java:75)
	at com.cpcommunity.testScripts.community.BaseTest.readInNotePadFile(BaseTest.java:382)
	at com.cpcommunity.testScripts.community.BaseTest.openBrowser(BaseTest.java:613)
	at com.cpcommunity.testScripts.community.TC075_Member_Cancel_Community_Join_Request_from_My_Communities________.TC075(TC075_Member_Cancel_Community_Join_Request_from_My_Communities________.java:26)
... Removed 25 stack frames]]>
    </failure>
  </testcase> <!-- TC075 -->
  <testcase classname="com.cpcommunity.testScripts.community.TC077_Member_Join_And_Cancel_Community_From_Global_Communities_______" name="TC077" time="1.566">
    <failure type="java.io.FileNotFoundException" message="D:\WorkSpace\bizligo-automation\src\test\resources\testdata\test\26 Apr 2021\ExecutionRunTime\runTime.txt (The system cannot find the path specified)">
      <![CDATA[java.io.FileNotFoundException: D:\WorkSpace\bizligo-automation\src\test\resources\testdata\test\26 Apr 2021\ExecutionRunTime\runTime.txt (The system cannot find the path specified)
	at java.base/java.io.FileInputStream.open0(Native Method)
	at java.base/java.io.FileInputStream.open(FileInputStream.java:211)
	at java.base/java.io.FileInputStream.<init>(FileInputStream.java:153)
	at java.base/java.io.FileReader.<init>(FileReader.java:75)
	at com.cpcommunity.testScripts.community.BaseTest.readInNotePadFile(BaseTest.java:382)
	at com.cpcommunity.testScripts.community.BaseTest.openBrowser(BaseTest.java:613)
	at com.cpcommunity.testScripts.community.TC077_Member_Join_And_Cancel_Community_From_Global_Communities_______.TC077(TC077_Member_Join_And_Cancel_Community_From_Global_Communities_______.java:27)
... Removed 25 stack frames]]>
    </failure>
  </testcase> <!-- TC077 -->
  <testcase classname="com.cpcommunity.testScripts.community.TC125_Member_Cancel_Created_Community_Request" name="TC125" time="1.504">
    <failure type="java.io.FileNotFoundException" message="D:\WorkSpace\bizligo-automation\src\test\resources\testdata\test\26 Apr 2021\ExecutionRunTime\runTime.txt (The system cannot find the path specified)">
      <![CDATA[java.io.FileNotFoundException: D:\WorkSpace\bizligo-automation\src\test\resources\testdata\test\26 Apr 2021\ExecutionRunTime\runTime.txt (The system cannot find the path specified)
	at java.base/java.io.FileInputStream.open0(Native Method)
	at java.base/java.io.FileInputStream.open(FileInputStream.java:211)
	at java.base/java.io.FileInputStream.<init>(FileInputStream.java:153)
	at java.base/java.io.FileReader.<init>(FileReader.java:75)
	at com.cpcommunity.testScripts.community.BaseTest.readInNotePadFile(BaseTest.java:382)
	at com.cpcommunity.testScripts.community.BaseTest.openBrowser(BaseTest.java:613)
	at com.cpcommunity.testScripts.community.TC125_Member_Cancel_Created_Community_Request.TC125(TC125_Member_Cancel_Created_Community_Request.java:28)
... Removed 25 stack frames]]>
    </failure>
  </testcase> <!-- TC125 -->
  <testcase classname="com.cpcommunity.testScripts.advertisments.TC132_Create_Advertisement_Plans_With_No_Approval" name="TC132" time="1.559">
    <failure type="java.io.FileNotFoundException" message="D:\WorkSpace\bizligo-automation\src\test\resources\testdata\test\26 Apr 2021\ExecutionRunTime\runTime.txt (The system cannot find the path specified)">
      <![CDATA[java.io.FileNotFoundException: D:\WorkSpace\bizligo-automation\src\test\resources\testdata\test\26 Apr 2021\ExecutionRunTime\runTime.txt (The system cannot find the path specified)
	at java.base/java.io.FileInputStream.open0(Native Method)
	at java.base/java.io.FileInputStream.open(FileInputStream.java:211)
	at java.base/java.io.FileInputStream.<init>(FileInputStream.java:153)
	at java.base/java.io.FileReader.<init>(FileReader.java:75)
	at com.cpcommunity.testScripts.community.BaseTest.readInNotePadFile(BaseTest.java:382)
	at com.cpcommunity.testScripts.community.BaseTest.openBrowser(BaseTest.java:613)
	at com.cpcommunity.testScripts.advertisments.TC132_Create_Advertisement_Plans_With_No_Approval.TC132(TC132_Create_Advertisement_Plans_With_No_Approval.java:20)
... Removed 25 stack frames]]>
    </failure>
  </testcase> <!-- TC132 -->
  <testcase classname="com.cpcommunity.testScripts.advertisments.TC133_Create_Advertisement_Plans_With_Required_Approval" name="TC133" time="1.524">
    <failure type="java.io.FileNotFoundException" message="D:\WorkSpace\bizligo-automation\src\test\resources\testdata\test\26 Apr 2021\ExecutionRunTime\runTime.txt (The system cannot find the path specified)">
      <![CDATA[java.io.FileNotFoundException: D:\WorkSpace\bizligo-automation\src\test\resources\testdata\test\26 Apr 2021\ExecutionRunTime\runTime.txt (The system cannot find the path specified)
	at java.base/java.io.FileInputStream.open0(Native Method)
	at java.base/java.io.FileInputStream.open(FileInputStream.java:211)
	at java.base/java.io.FileInputStream.<init>(FileInputStream.java:153)
	at java.base/java.io.FileReader.<init>(FileReader.java:75)
	at com.cpcommunity.testScripts.community.BaseTest.readInNotePadFile(BaseTest.java:382)
	at com.cpcommunity.testScripts.community.BaseTest.openBrowser(BaseTest.java:613)
	at com.cpcommunity.testScripts.advertisments.TC133_Create_Advertisement_Plans_With_Required_Approval.TC133(TC133_Create_Advertisement_Plans_With_Required_Approval.java:24)
... Removed 25 stack frames]]>
    </failure>
  </testcase> <!-- TC133 -->
  <testcase classname="com.cpcommunity.testScripts.community.TC209_Tenant_Admin_Remove_Admin_To_Community" name="TC209" time="1.553">
    <failure type="java.io.FileNotFoundException" message="D:\WorkSpace\bizligo-automation\src\test\resources\testdata\test\26 Apr 2021\ExecutionRunTime\runTime.txt (The system cannot find the path specified)">
      <![CDATA[java.io.FileNotFoundException: D:\WorkSpace\bizligo-automation\src\test\resources\testdata\test\26 Apr 2021\ExecutionRunTime\runTime.txt (The system cannot find the path specified)
	at java.base/java.io.FileInputStream.open0(Native Method)
	at java.base/java.io.FileInputStream.open(FileInputStream.java:211)
	at java.base/java.io.FileInputStream.<init>(FileInputStream.java:153)
	at java.base/java.io.FileReader.<init>(FileReader.java:75)
	at com.cpcommunity.testScripts.community.BaseTest.readInNotePadFile(BaseTest.java:382)
	at com.cpcommunity.testScripts.community.BaseTest.openBrowser(BaseTest.java:613)
	at com.cpcommunity.testScripts.community.TC209_Tenant_Admin_Remove_Admin_To_Community.TC209(TC209_Tenant_Admin_Remove_Admin_To_Community.java:30)
... Removed 25 stack frames]]>
    </failure>
  </testcase> <!-- TC209 -->
  <testcase classname="com.cpcommunity.testScripts.community.TC210_Tenant_Admin_Remove_Member_From_Community" name="TC210" time="1.621">
    <failure type="java.io.FileNotFoundException" message="D:\WorkSpace\bizligo-automation\src\test\resources\testdata\test\26 Apr 2021\ExecutionRunTime\runTime.txt (The system cannot find the path specified)">
      <![CDATA[java.io.FileNotFoundException: D:\WorkSpace\bizligo-automation\src\test\resources\testdata\test\26 Apr 2021\ExecutionRunTime\runTime.txt (The system cannot find the path specified)
	at java.base/java.io.FileInputStream.open0(Native Method)
	at java.base/java.io.FileInputStream.open(FileInputStream.java:211)
	at java.base/java.io.FileInputStream.<init>(FileInputStream.java:153)
	at java.base/java.io.FileReader.<init>(FileReader.java:75)
	at com.cpcommunity.testScripts.community.BaseTest.readInNotePadFile(BaseTest.java:382)
	at com.cpcommunity.testScripts.community.BaseTest.openBrowser(BaseTest.java:613)
	at com.cpcommunity.testScripts.community.TC210_Tenant_Admin_Remove_Member_From_Community.TC210(TC210_Tenant_Admin_Remove_Member_From_Community.java:25)
... Removed 25 stack frames]]>
    </failure>
  </testcase> <!-- TC210 -->
  <testcase classname="com.cpcommunity.testScripts.community.BaseTest" name="@BeforeSuite setUpFramework" time="0.0">
    <ignored/>
  </testcase> <!-- @BeforeSuite setUpFramework -->
  <testcase classname="com.cpcommunity.testScripts.community.BaseTest" name="@BeforeSuite setUpFramework" time="0.0">
    <ignored/>
  </testcase> <!-- @BeforeSuite setUpFramework -->
  <testcase classname="com.cpcommunity.testScripts.community.BaseTest" name="@BeforeSuite setUpFramework" time="0.0">
    <ignored/>
  </testcase> <!-- @BeforeSuite setUpFramework -->
  <testcase classname="com.cpcommunity.testScripts.community.BaseTest" name="@BeforeSuite setUpFramework" time="0.0">
    <ignored/>
  </testcase> <!-- @BeforeSuite setUpFramework -->
  <testcase classname="com.cpcommunity.testScripts.community.BaseTest" name="@BeforeSuite setUpFramework" time="0.0">
    <ignored/>
  </testcase> <!-- @BeforeSuite setUpFramework -->
  <testcase classname="com.cpcommunity.testScripts.community.BaseTest" name="@BeforeSuite setUpFramework" time="0.0">
    <ignored/>
  </testcase> <!-- @BeforeSuite setUpFramework -->
  <testcase classname="com.cpcommunity.testScripts.community.BaseTest" name="@BeforeSuite setUpFramework" time="0.0">
    <ignored/>
  </testcase> <!-- @BeforeSuite setUpFramework -->
  <testcase classname="com.cpcommunity.testScripts.community.BaseTest" name="@BeforeSuite setUpFramework" time="0.0">
    <ignored/>
  </testcase> <!-- @BeforeSuite setUpFramework -->
  <testcase classname="com.cpcommunity.testScripts.community.BaseTest" name="@BeforeSuite setUpFramework" time="0.0">
    <ignored/>
  </testcase> <!-- @BeforeSuite setUpFramework -->
  <testcase classname="com.cpcommunity.testScripts.community.BaseTest" name="@BeforeSuite setUpFramework" time="0.0">
    <ignored/>
  </testcase> <!-- @BeforeSuite setUpFramework -->
  <testcase classname="com.cpcommunity.testScripts.community.BaseTest" name="@BeforeSuite setUpFramework" time="0.0">
    <ignored/>
  </testcase> <!-- @BeforeSuite setUpFramework -->
  <testcase classname="com.cpcommunity.testScripts.community.BaseTest" name="@BeforeSuite setUpFramework" time="0.0">
    <ignored/>
  </testcase> <!-- @BeforeSuite setUpFramework -->
  <testcase classname="com.cpcommunity.testScripts.community.BaseTest" name="@BeforeSuite setUpFramework" time="0.0">
    <ignored/>
  </testcase> <!-- @BeforeSuite setUpFramework -->
  <testcase classname="com.cpcommunity.testScripts.community.BaseTest" name="@BeforeSuite setUpFramework" time="0.0">
    <ignored/>
  </testcase> <!-- @BeforeSuite setUpFramework -->
  <testcase classname="com.cpcommunity.testScripts.community.BaseTest" name="@BeforeSuite setUpFramework" time="0.0">
    <ignored/>
  </testcase> <!-- @BeforeSuite setUpFramework -->
  <testcase classname="com.cpcommunity.testScripts.community.BaseTest" name="@AfterSuite sendmail" time="0.0">
    <ignored/>
  </testcase> <!-- @AfterSuite sendmail -->
  <testcase classname="com.cpcommunity.testScripts.community.BaseTest" name="@AfterSuite sendmail" time="0.0">
    <ignored/>
  </testcase> <!-- @AfterSuite sendmail -->
  <testcase classname="com.cpcommunity.testScripts.community.BaseTest" name="@AfterSuite sendmail" time="0.0">
    <ignored/>
  </testcase> <!-- @AfterSuite sendmail -->
  <testcase classname="com.cpcommunity.testScripts.community.BaseTest" name="@AfterSuite sendmail" time="0.0">
    <ignored/>
  </testcase> <!-- @AfterSuite sendmail -->
  <testcase classname="com.cpcommunity.testScripts.community.BaseTest" name="@AfterSuite sendmail" time="0.0">
    <ignored/>
  </testcase> <!-- @AfterSuite sendmail -->
  <testcase classname="com.cpcommunity.testScripts.community.BaseTest" name="@AfterSuite sendmail" time="0.0">
    <ignored/>
  </testcase> <!-- @AfterSuite sendmail -->
  <testcase classname="com.cpcommunity.testScripts.community.BaseTest" name="@AfterSuite sendmail" time="0.0">
    <ignored/>
  </testcase> <!-- @AfterSuite sendmail -->
  <testcase classname="com.cpcommunity.testScripts.community.BaseTest" name="@AfterSuite sendmail" time="0.0">
    <ignored/>
  </testcase> <!-- @AfterSuite sendmail -->
  <testcase classname="com.cpcommunity.testScripts.community.BaseTest" name="@AfterSuite sendmail" time="0.0">
    <ignored/>
  </testcase> <!-- @AfterSuite sendmail -->
  <testcase classname="com.cpcommunity.testScripts.community.BaseTest" name="@AfterSuite sendmail" time="0.0">
    <ignored/>
  </testcase> <!-- @AfterSuite sendmail -->
  <testcase classname="com.cpcommunity.testScripts.community.BaseTest" name="@AfterSuite sendmail" time="0.0">
    <ignored/>
  </testcase> <!-- @AfterSuite sendmail -->
  <testcase classname="com.cpcommunity.testScripts.community.BaseTest" name="@AfterSuite sendmail" time="0.0">
    <ignored/>
  </testcase> <!-- @AfterSuite sendmail -->
  <testcase classname="com.cpcommunity.testScripts.community.BaseTest" name="@AfterSuite sendmail" time="0.0">
    <ignored/>
  </testcase> <!-- @AfterSuite sendmail -->
  <testcase classname="com.cpcommunity.testScripts.community.BaseTest" name="@AfterSuite sendmail" time="0.0">
    <ignored/>
  </testcase> <!-- @AfterSuite sendmail -->
  <testcase classname="com.cpcommunity.testScripts.community.BaseTest" name="@AfterSuite sendmail" time="0.0">
    <ignored/>
  </testcase> <!-- @AfterSuite sendmail -->
</testsuite> <!-- Test6 -->
