<?xml version="1.0" encoding="UTF-8"?>
<!-- Generated by org.testng.reporters.JUnitXMLReporter -->
<testsuite ignored="14" hostname="ViswanadhMS" failures="4" tests="8" name="Test3" time="1371.187" errors="0" timestamp="25 Apr 2021 16:45:18 GMT">
  <testcase classname="com.cpcommunity.testScripts.community.TC033_Complete_Community_Setup" name="TC033" time="174.374">
    <failure type="java.lang.IllegalStateException" message="This is not the SelectPlanPage page">
      <![CDATA[java.lang.IllegalStateException: This is not the SelectPlanPage page
	at com.cpcommunity.PageObjects.BasePage.openPage(BasePage.java:97)
	at com.cpcommunity.PageObjects.MyCommunitiesPage.completeSetup(MyCommunitiesPage.java:161)
	at com.cpcommunity.testScripts.community.TC033_Complete_Community_Setup.TC033(TC033_Complete_Community_Setup.java:32)
... Removed 25 stack frames]]>
    </failure>
  </testcase> <!-- TC033 -->
  <testcase classname="com.cpcommunity.testScripts.myprofiletestcases.TC024_Verify_User_Is_Able_To_Delete_Protfolio" name="TC024" time="143.012"/>
  <testcase classname="com.cpcommunity.testScripts.myprofiletestcases.TC016_Verify_User_is_Able_to_Select_Private_Radio_Button" name="TC016" time="110.094"/>
  <testcase classname="com.cpcommunity.testScripts.community.TC166_Verify_Rejected_Community_Is_Not_Displayed_In_MyCommunities" name="TC166" time="196.925">
    <failure type="org.openqa.selenium.WebDriverException" message="disconnected: not connected to DevTools
  (Session info: chrome=90.0.4430.85)
Build info: version: &amp;apos;3.14.0&amp;apos;, revision: &amp;apos;aacccce0&amp;apos;, time: &amp;apos;2018-08-02T20:19:58.91Z&amp;apos;
System info: host: &amp;apos;VISWANADHMS&amp;apos;, ip: &amp;apos;192.168.1.17&amp;apos;, os.name: &amp;apos;Windows 10&amp;apos;, os.arch: &amp;apos;amd64&amp;apos;, os.version: &amp;apos;10.0&amp;apos;, java.version: &amp;apos;15.0.2&amp;apos;
Driver info: org.openqa.selenium.chrome.ChromeDriver
Capabilities {acceptInsecureCerts: false, browserName: chrome, browserVersion: 90.0.4430.85, chrome: {chromedriverVersion: 90.0.4430.24 (4c6d850f087da..., userDataDir: C:\Users\VISWAN~1\AppData\L...}, goog:chromeOptions: {debuggerAddress: localhost:51686}, javascriptEnabled: true, networkConnectionEnabled: false, pageLoadStrategy: normal, platform: WINDOWS, platformName: WINDOWS, proxy: Proxy(), setWindowRect: true, strictFileInteractability: false, timeouts: {implicit: 0, pageLoad: 300000, script: 30000}, unhandledPromptBehavior: dismiss and notify, webauthn:extension:largeBlob: true, webauthn:virtualAuthenticators: true}
Session ID: e28153f7d9e91e42211491fa9fc85f32
*** Element info: {Using=xpath, value=//*[contains(text(),&amp;apos;MY ECOSYSTEM&amp;apos;)]}">
      <![CDATA[org.openqa.selenium.WebDriverException: disconnected: not connected to DevTools
  (Session info: chrome=90.0.4430.85)
Build info: version: '3.14.0', revision: 'aacccce0', time: '2018-08-02T20:19:58.91Z'
System info: host: 'VISWANADHMS', ip: '192.168.1.17', os.name: 'Windows 10', os.arch: 'amd64', os.version: '10.0', java.version: '15.0.2'
Driver info: org.openqa.selenium.chrome.ChromeDriver
Capabilities {acceptInsecureCerts: false, browserName: chrome, browserVersion: 90.0.4430.85, chrome: {chromedriverVersion: 90.0.4430.24 (4c6d850f087da..., userDataDir: C:\Users\VISWAN~1\AppData\L...}, goog:chromeOptions: {debuggerAddress: localhost:51686}, javascriptEnabled: true, networkConnectionEnabled: false, pageLoadStrategy: normal, platform: WINDOWS, platformName: WINDOWS, proxy: Proxy(), setWindowRect: true, strictFileInteractability: false, timeouts: {implicit: 0, pageLoad: 300000, script: 30000}, unhandledPromptBehavior: dismiss and notify, webauthn:extension:largeBlob: true, webauthn:virtualAuthenticators: true}
Session ID: e28153f7d9e91e42211491fa9fc85f32
*** Element info: {Using=xpath, value=//*[contains(text(),'MY ECOSYSTEM')]}
	at org.openqa.selenium.remote.http.W3CHttpResponseCodec.createException(W3CHttpResponseCodec.java:187)
	at org.openqa.selenium.remote.http.W3CHttpResponseCodec.decode(W3CHttpResponseCodec.java:122)
	at org.openqa.selenium.remote.http.W3CHttpResponseCodec.decode(W3CHttpResponseCodec.java:49)
	at org.openqa.selenium.remote.HttpCommandExecutor.execute(HttpCommandExecutor.java:158)
	at org.openqa.selenium.remote.service.DriverCommandExecutor.execute(DriverCommandExecutor.java:83)
	at org.openqa.selenium.remote.RemoteWebDriver.execute(RemoteWebDriver.java:548)
	at org.openqa.selenium.remote.RemoteWebDriver.findElement(RemoteWebDriver.java:322)
	at org.openqa.selenium.remote.RemoteWebDriver.findElementByXPath(RemoteWebDriver.java:424)
	at org.openqa.selenium.By$ByXPath.findElement(By.java:353)
	at org.openqa.selenium.remote.RemoteWebDriver.findElement(RemoteWebDriver.java:314)
	at org.openqa.selenium.support.pagefactory.DefaultElementLocator.findElement(DefaultElementLocator.java:69)
	at org.openqa.selenium.support.pagefactory.AjaxElementLocator.access$001(AjaxElementLocator.java:39)
	at org.openqa.selenium.support.pagefactory.AjaxElementLocator$SlowLoadingElement.isLoaded(AjaxElementLocator.java:194)
	at org.openqa.selenium.support.ui.SlowLoadableComponent.get(SlowLoadableComponent.java:67)
	at org.openqa.selenium.support.pagefactory.AjaxElementLocator.findElement(AjaxElementLocator.java:119)
	at org.openqa.selenium.support.pagefactory.internal.LocatingElementHandler.invoke(LocatingElementHandler.java:38)
	at com.sun.proxy.$Proxy15.toString(Unknown Source)
	at java.base/java.lang.String.valueOf(String.java:3367)
	at java.base/java.lang.StringBuilder.append(StringBuilder.java:167)
	at org.openqa.selenium.support.ui.ExpectedConditions$10.toString(ExpectedConditions.java:306)
	at java.base/java.lang.String.valueOf(String.java:3367)
	at java.base/java.lang.StringBuilder.append(StringBuilder.java:167)
	at org.openqa.selenium.support.ui.FluentWait.until(FluentWait.java:279)
	at com.cpcommunity.PageObjects.BasePage.waitForPageToLoad(BasePage.java:105)
	at com.cpcommunity.PageObjects.BasePage.openPage(BasePage.java:90)
	at com.cpcommunity.PageObjects.LoginPage.loginToApplication(LoginPage.java:113)
	at com.cpcommunity.testScripts.community.TC166_Verify_Rejected_Community_Is_Not_Displayed_In_MyCommunities.TC166(TC166_Verify_Rejected_Community_Is_Not_Displayed_In_MyCommunities.java:28)
... Removed 30 stack frames]]>
    </failure>
  </testcase> <!-- TC166 -->
  <testcase classname="com.cpcommunity.testScripts.myprofiletestcases.TC026_Verify_User_Is_Able_To_Update_Skills" name="TC026" time="103.051"/>
  <testcase classname="com.cpcommunity.testScripts.community.TC206_Tenant_Admin_Add_Member_To_Community" name="TC206" time="243.681">
    <failure type="org.openqa.selenium.TimeoutException" message="Expected condition failed: waiting for visibility of Proxy element for: AjaxElementLocator &amp;apos;By.xpath: //*[text()=&amp;apos;Manage Communities&amp;apos;]&amp;apos; (tried for 20 second(s) with 500 milliseconds interval)">
      <![CDATA[org.openqa.selenium.TimeoutException: Expected condition failed: waiting for visibility of Proxy element for: AjaxElementLocator 'By.xpath: //*[text()='Manage Communities']' (tried for 20 second(s) with 500 milliseconds interval)
	at org.openqa.selenium.support.ui.WebDriverWait.timeoutException(WebDriverWait.java:113)
	at org.openqa.selenium.support.ui.FluentWait.until(FluentWait.java:283)
	at com.cpcommunity.PageObjects.BasePage.waitForElementToPresent(BasePage.java:196)
	at com.cpcommunity.PageObjects.SystemAdminDashboardPage.navigateToCommunitiesPage(SystemAdminDashboardPage.java:96)
	at com.cpcommunity.testScripts.community.TC206_Tenant_Admin_Add_Member_To_Community.TC206(TC206_Tenant_Admin_Add_Member_To_Community.java:31)
Caused by: org.openqa.selenium.NoSuchElementException: Timed out after 20 seconds. Unable to locate the element
	at org.openqa.selenium.support.pagefactory.AjaxElementLocator.findElement(AjaxElementLocator.java:123)
	at org.openqa.selenium.support.pagefactory.internal.LocatingElementHandler.invoke(LocatingElementHandler.java:38)
	at com.sun.proxy.$Proxy15.isDisplayed(Unknown Source)
	at org.openqa.selenium.support.ui.ExpectedConditions.elementIfVisible(ExpectedConditions.java:315)
	at org.openqa.selenium.support.ui.ExpectedConditions.access$100(ExpectedConditions.java:44)
	at org.openqa.selenium.support.ui.ExpectedConditions$10.apply(ExpectedConditions.java:301)
	at org.openqa.selenium.support.ui.ExpectedConditions$10.apply(ExpectedConditions.java:298)
	at org.openqa.selenium.support.ui.FluentWait.until(FluentWait.java:260)
	... 28 more
Caused by: org.openqa.selenium.NoSuchElementException: no such element: Unable to locate element: {"method":"xpath","selector":"//*[text()='Manage Communities']"}
  (Session info: chrome=90.0.4430.85)
For documentation on this error, please visit: http://seleniumhq.org/exceptions/no_such_element.html
Build info: version: '3.14.0', revision: 'aacccce0', time: '2018-08-02T20:19:58.91Z'
System info: host: 'VISWANADHMS', ip: '192.168.1.17', os.name: 'Windows 10', os.arch: 'amd64', os.version: '10.0', java.version: '15.0.2'
Driver info: org.openqa.selenium.chrome.ChromeDriver
Capabilities {acceptInsecureCerts: false, browserName: chrome, browserVersion: 90.0.4430.85, chrome: {chromedriverVersion: 90.0.4430.24 (4c6d850f087da..., userDataDir: C:\Users\VISWAN~1\AppData\L...}, goog:chromeOptions: {debuggerAddress: localhost:51815}, javascriptEnabled: true, networkConnectionEnabled: false, pageLoadStrategy: normal, platform: WINDOWS, platformName: WINDOWS, proxy: Proxy(), setWindowRect: true, strictFileInteractability: false, timeouts: {implicit: 0, pageLoad: 300000, script: 30000}, unhandledPromptBehavior: dismiss and notify, webauthn:extension:largeBlob: true, webauthn:virtualAuthenticators: true}
Session ID: 33a1ced8fbd8dba31960827c828e7787
*** Element info: {Using=xpath, value=//*[text()='Manage Communities']}
	at org.openqa.selenium.remote.http.W3CHttpResponseCodec.createException(W3CHttpResponseCodec.java:187)
	at org.openqa.selenium.remote.http.W3CHttpResponseCodec.decode(W3CHttpResponseCodec.java:122)
	at org.openqa.selenium.remote.http.W3CHttpResponseCodec.decode(W3CHttpResponseCodec.java:49)
	at org.openqa.selenium.remote.HttpCommandExecutor.execute(HttpCommandExecutor.java:158)
	at org.openqa.selenium.remote.service.DriverCommandExecutor.execute(DriverCommandExecutor.java:83)
	at org.openqa.selenium.remote.RemoteWebDriver.execute(RemoteWebDriver.java:548)
	at org.openqa.selenium.remote.RemoteWebDriver.findElement(RemoteWebDriver.java:322)
	at org.openqa.selenium.remote.RemoteWebDriver.findElementByXPath(RemoteWebDriver.java:424)
	at org.openqa.selenium.By$ByXPath.findElement(By.java:353)
	at org.openqa.selenium.remote.RemoteWebDriver.findElement(RemoteWebDriver.java:314)
	at org.openqa.selenium.support.pagefactory.DefaultElementLocator.findElement(DefaultElementLocator.java:69)
	at org.openqa.selenium.support.pagefactory.AjaxElementLocator.access$001(AjaxElementLocator.java:39)
	at org.openqa.selenium.support.pagefactory.AjaxElementLocator$SlowLoadingElement.isLoaded(AjaxElementLocator.java:194)
	at org.openqa.selenium.support.ui.SlowLoadableComponent.get(SlowLoadableComponent.java:78)
	at org.openqa.selenium.support.pagefactory.AjaxElementLocator.findElement(AjaxElementLocator.java:119)
	... 35 more
... Removed 29 stack frames]]>
    </failure>
  </testcase> <!-- TC206 -->
  <testcase classname="com.cpcommunity.testScripts.community.TC212_Verify_TA_Created_Community_Is_Not_Displayed_In_Pending_Communities" name="TC212" time="99.722"/>
  <testcase classname="com.cpcommunity.testScripts.TA_Organizations.TC238_Verify_TA_Add_Member_To_Orginzation" name="TC238" time="112.923">
    <failure type="org.openqa.selenium.NoSuchElementException" message="Timed out after 20 seconds. Unable to locate the element">
      <![CDATA[org.openqa.selenium.NoSuchElementException: Timed out after 20 seconds. Unable to locate the element
	at org.openqa.selenium.support.pagefactory.AjaxElementLocator.findElement(AjaxElementLocator.java:123)
	at org.openqa.selenium.support.pagefactory.internal.LocatingElementHandler.invoke(LocatingElementHandler.java:38)
	at com.sun.proxy.$Proxy15.getWrappedElement(Unknown Source)
	at org.openqa.selenium.remote.internal.WebElementToJsonConverter.apply(WebElementToJsonConverter.java:50)
	at java.base/java.util.stream.ReferencePipeline$3$1.accept(ReferencePipeline.java:195)
	at java.base/java.util.Spliterators$ArraySpliterator.forEachRemaining(Spliterators.java:948)
	at java.base/java.util.stream.AbstractPipeline.copyInto(AbstractPipeline.java:484)
	at java.base/java.util.stream.AbstractPipeline.wrapAndCopyInto(AbstractPipeline.java:474)
	at java.base/java.util.stream.ReduceOps$ReduceOp.evaluateSequential(ReduceOps.java:913)
	at java.base/java.util.stream.AbstractPipeline.evaluate(AbstractPipeline.java:234)
	at java.base/java.util.stream.ReferencePipeline.collect(ReferencePipeline.java:578)
	at org.openqa.selenium.remote.RemoteWebDriver.executeScript(RemoteWebDriver.java:480)
	at com.cpcommunity.PageObjects.BasePage.highlightElement(BasePage.java:572)
	at com.cpcommunity.PageObjects.BasePage.click(BasePage.java:219)
	at com.cpcommunity.PageObjects.SystemAdminDashboardPage.goToOrganizationsPage(SystemAdminDashboardPage.java:102)
	at com.cpcommunity.testScripts.TA_Organizations.TC238_Verify_TA_Add_Member_To_Orginzation.TC238(TC238_Verify_TA_Add_Member_To_Orginzation.java:31)
Caused by: org.openqa.selenium.NoSuchElementException: no such element: Unable to locate element: {"method":"xpath","selector":"//*[@title='Manage Organizations/Companies']"}
  (Session info: chrome=90.0.4430.85)
For documentation on this error, please visit: http://seleniumhq.org/exceptions/no_such_element.html
Build info: version: '3.14.0', revision: 'aacccce0', time: '2018-08-02T20:19:58.91Z'
System info: host: 'VISWANADHMS', ip: '192.168.1.17', os.name: 'Windows 10', os.arch: 'amd64', os.version: '10.0', java.version: '15.0.2'
Driver info: org.openqa.selenium.chrome.ChromeDriver
Capabilities {acceptInsecureCerts: false, browserName: chrome, browserVersion: 90.0.4430.85, chrome: {chromedriverVersion: 90.0.4430.24 (4c6d850f087da..., userDataDir: C:\Users\VISWAN~1\AppData\L...}, goog:chromeOptions: {debuggerAddress: localhost:51916}, javascriptEnabled: true, networkConnectionEnabled: false, pageLoadStrategy: normal, platform: WINDOWS, platformName: WINDOWS, proxy: Proxy(), setWindowRect: true, strictFileInteractability: false, timeouts: {implicit: 0, pageLoad: 300000, script: 30000}, unhandledPromptBehavior: dismiss and notify, webauthn:extension:largeBlob: true, webauthn:virtualAuthenticators: true}
Session ID: c25ac039fad71b8c557f54a8f838713b
*** Element info: {Using=xpath, value=//*[@title='Manage Organizations/Companies']}
	at org.openqa.selenium.remote.http.W3CHttpResponseCodec.createException(W3CHttpResponseCodec.java:187)
	at org.openqa.selenium.remote.http.W3CHttpResponseCodec.decode(W3CHttpResponseCodec.java:122)
	at org.openqa.selenium.remote.http.W3CHttpResponseCodec.decode(W3CHttpResponseCodec.java:49)
	at org.openqa.selenium.remote.HttpCommandExecutor.execute(HttpCommandExecutor.java:158)
	at org.openqa.selenium.remote.service.DriverCommandExecutor.execute(DriverCommandExecutor.java:83)
	at org.openqa.selenium.remote.RemoteWebDriver.execute(RemoteWebDriver.java:548)
	at org.openqa.selenium.remote.RemoteWebDriver.findElement(RemoteWebDriver.java:322)
	at org.openqa.selenium.remote.RemoteWebDriver.findElementByXPath(RemoteWebDriver.java:424)
	at org.openqa.selenium.By$ByXPath.findElement(By.java:353)
	at org.openqa.selenium.remote.RemoteWebDriver.findElement(RemoteWebDriver.java:314)
	at org.openqa.selenium.support.pagefactory.DefaultElementLocator.findElement(DefaultElementLocator.java:69)
	at org.openqa.selenium.support.pagefactory.AjaxElementLocator.access$001(AjaxElementLocator.java:39)
	at org.openqa.selenium.support.pagefactory.AjaxElementLocator$SlowLoadingElement.isLoaded(AjaxElementLocator.java:194)
	at org.openqa.selenium.support.ui.SlowLoadableComponent.get(SlowLoadableComponent.java:78)
	at org.openqa.selenium.support.pagefactory.AjaxElementLocator.findElement(AjaxElementLocator.java:119)
	... 40 more
... Removed 29 stack frames]]>
    </failure>
  </testcase> <!-- TC238 -->
  <testcase classname="com.cpcommunity.testScripts.community.BaseTest" name="@BeforeSuite setUpFramework" time="0.0">
    <ignored/>
  </testcase> <!-- @BeforeSuite setUpFramework -->
  <testcase classname="com.cpcommunity.testScripts.community.BaseTest" name="@BeforeSuite setUpFramework" time="0.0">
    <ignored/>
  </testcase> <!-- @BeforeSuite setUpFramework -->
  <testcase classname="com.cpcommunity.testScripts.community.BaseTest" name="@BeforeSuite setUpFramework" time="0.0">
    <ignored/>
  </testcase> <!-- @BeforeSuite setUpFramework -->
  <testcase classname="com.cpcommunity.testScripts.community.BaseTest" name="@BeforeSuite setUpFramework" time="0.0">
    <ignored/>
  </testcase> <!-- @BeforeSuite setUpFramework -->
  <testcase classname="com.cpcommunity.testScripts.community.BaseTest" name="@BeforeSuite setUpFramework" time="0.0">
    <ignored/>
  </testcase> <!-- @BeforeSuite setUpFramework -->
  <testcase classname="com.cpcommunity.testScripts.community.BaseTest" name="@BeforeSuite setUpFramework" time="0.0">
    <ignored/>
  </testcase> <!-- @BeforeSuite setUpFramework -->
  <testcase classname="com.cpcommunity.testScripts.community.BaseTest" name="@BeforeSuite setUpFramework" time="0.0">
    <ignored/>
  </testcase> <!-- @BeforeSuite setUpFramework -->
  <testcase classname="com.cpcommunity.testScripts.community.BaseTest" name="@AfterSuite sendmail" time="0.0">
    <ignored/>
  </testcase> <!-- @AfterSuite sendmail -->
  <testcase classname="com.cpcommunity.testScripts.community.BaseTest" name="@AfterSuite sendmail" time="0.0">
    <ignored/>
  </testcase> <!-- @AfterSuite sendmail -->
  <testcase classname="com.cpcommunity.testScripts.community.BaseTest" name="@AfterSuite sendmail" time="0.0">
    <ignored/>
  </testcase> <!-- @AfterSuite sendmail -->
  <testcase classname="com.cpcommunity.testScripts.community.BaseTest" name="@AfterSuite sendmail" time="0.0">
    <ignored/>
  </testcase> <!-- @AfterSuite sendmail -->
  <testcase classname="com.cpcommunity.testScripts.community.BaseTest" name="@AfterSuite sendmail" time="0.0">
    <ignored/>
  </testcase> <!-- @AfterSuite sendmail -->
  <testcase classname="com.cpcommunity.testScripts.community.BaseTest" name="@AfterSuite sendmail" time="0.0">
    <ignored/>
  </testcase> <!-- @AfterSuite sendmail -->
  <testcase classname="com.cpcommunity.testScripts.community.BaseTest" name="@AfterSuite sendmail" time="0.0">
    <ignored/>
  </testcase> <!-- @AfterSuite sendmail -->
</testsuite> <!-- Test3 -->
