<?xml version="1.0" encoding="UTF-8"?>
<!-- Generated by org.testng.reporters.JUnitXMLReporter -->
<testsuite ignored="16" hostname="ViswanadhMS" failures="9" tests="9" name="Test10" time="27.942" errors="0" timestamp="25 Apr 2021 18:32:02 GMT">
  <testcase classname="com.cpcommunity.testScripts.Event_Registrations.TC151_Paid_Event_Registration_With_Cheque_From_Event_CheckIn" name="TC151" time="1.593">
    <failure type="java.io.FileNotFoundException" message="D:\WorkSpace\bizligo-automation\src\test\resources\testdata\test\26 Apr 2021\ExecutionRunTime\runTime.txt (The system cannot find the path specified)">
      <![CDATA[java.io.FileNotFoundException: D:\WorkSpace\bizligo-automation\src\test\resources\testdata\test\26 Apr 2021\ExecutionRunTime\runTime.txt (The system cannot find the path specified)
	at java.base/java.io.FileInputStream.open0(Native Method)
	at java.base/java.io.FileInputStream.open(FileInputStream.java:211)
	at java.base/java.io.FileInputStream.<init>(FileInputStream.java:153)
	at java.base/java.io.FileReader.<init>(FileReader.java:75)
	at com.cpcommunity.testScripts.community.BaseTest.readInNotePadFile(BaseTest.java:382)
	at com.cpcommunity.testScripts.community.BaseTest.openBrowser(BaseTest.java:613)
	at com.cpcommunity.testScripts.Event_Registrations.TC151_Paid_Event_Registration_With_Cheque_From_Event_CheckIn.TC151(TC151_Paid_Event_Registration_With_Cheque_From_Event_CheckIn.java:23)
... Removed 25 stack frames]]>
    </failure>
  </testcase> <!-- TC151 -->
  <testcase classname="com.cpcommunity.testScripts.community.TC067_Join_Leave_Public_And_Join_Cance_Private_Groups_From_Community_Details" name="TC067" time="1.661">
    <failure type="java.io.FileNotFoundException" message="D:\WorkSpace\bizligo-automation\src\test\resources\testdata\test\26 Apr 2021\ExecutionRunTime\runTime.txt (The system cannot find the path specified)">
      <![CDATA[java.io.FileNotFoundException: D:\WorkSpace\bizligo-automation\src\test\resources\testdata\test\26 Apr 2021\ExecutionRunTime\runTime.txt (The system cannot find the path specified)
	at java.base/java.io.FileInputStream.open0(Native Method)
	at java.base/java.io.FileInputStream.open(FileInputStream.java:211)
	at java.base/java.io.FileInputStream.<init>(FileInputStream.java:153)
	at java.base/java.io.FileReader.<init>(FileReader.java:75)
	at com.cpcommunity.testScripts.community.BaseTest.readInNotePadFile(BaseTest.java:382)
	at com.cpcommunity.testScripts.community.BaseTest.openBrowser(BaseTest.java:613)
	at com.cpcommunity.testScripts.community.TC067_Join_Leave_Public_And_Join_Cance_Private_Groups_From_Community_Details.TC067(TC067_Join_Leave_Public_And_Join_Cance_Private_Groups_From_Community_Details.java:25)
... Removed 25 stack frames]]>
    </failure>
  </testcase> <!-- TC067 -->
  <testcase classname="com.cpcommunity.testScripts.community.TC053_Community_Admin_Manage_Group_Members" name="TC053" time="1.611">
    <failure type="java.io.FileNotFoundException" message="D:\WorkSpace\bizligo-automation\src\test\resources\testdata\test\26 Apr 2021\ExecutionRunTime\runTime.txt (The system cannot find the path specified)">
      <![CDATA[java.io.FileNotFoundException: D:\WorkSpace\bizligo-automation\src\test\resources\testdata\test\26 Apr 2021\ExecutionRunTime\runTime.txt (The system cannot find the path specified)
	at java.base/java.io.FileInputStream.open0(Native Method)
	at java.base/java.io.FileInputStream.open(FileInputStream.java:211)
	at java.base/java.io.FileInputStream.<init>(FileInputStream.java:153)
	at java.base/java.io.FileReader.<init>(FileReader.java:75)
	at com.cpcommunity.testScripts.community.BaseTest.readInNotePadFile(BaseTest.java:382)
	at com.cpcommunity.testScripts.community.BaseTest.openBrowser(BaseTest.java:613)
	at com.cpcommunity.testScripts.community.TC053_Community_Admin_Manage_Group_Members.TC053(TC053_Community_Admin_Manage_Group_Members.java:26)
... Removed 25 stack frames]]>
    </failure>
  </testcase> <!-- TC053 -->
  <testcase classname="com.cpcommunity.testScripts.community.TC058_Group_Admin_Manage_Group_Members" name="TC058" time="1.559">
    <failure type="java.io.FileNotFoundException" message="D:\WorkSpace\bizligo-automation\src\test\resources\testdata\test\26 Apr 2021\ExecutionRunTime\runTime.txt (The system cannot find the path specified)">
      <![CDATA[java.io.FileNotFoundException: D:\WorkSpace\bizligo-automation\src\test\resources\testdata\test\26 Apr 2021\ExecutionRunTime\runTime.txt (The system cannot find the path specified)
	at java.base/java.io.FileInputStream.open0(Native Method)
	at java.base/java.io.FileInputStream.open(FileInputStream.java:211)
	at java.base/java.io.FileInputStream.<init>(FileInputStream.java:153)
	at java.base/java.io.FileReader.<init>(FileReader.java:75)
	at com.cpcommunity.testScripts.community.BaseTest.readInNotePadFile(BaseTest.java:382)
	at com.cpcommunity.testScripts.community.BaseTest.openBrowser(BaseTest.java:613)
	at com.cpcommunity.testScripts.community.TC058_Group_Admin_Manage_Group_Members.TC058(TC058_Group_Admin_Manage_Group_Members.java:27)
... Removed 25 stack frames]]>
    </failure>
  </testcase> <!-- TC058 -->
  <testcase classname="com.cpcommunity.testScripts.community.TC108_Share_Posts_in_Group" name="TC108" time="1.579">
    <failure type="java.io.FileNotFoundException" message="D:\WorkSpace\bizligo-automation\src\test\resources\testdata\test\26 Apr 2021\ExecutionRunTime\runTime.txt (The system cannot find the path specified)">
      <![CDATA[java.io.FileNotFoundException: D:\WorkSpace\bizligo-automation\src\test\resources\testdata\test\26 Apr 2021\ExecutionRunTime\runTime.txt (The system cannot find the path specified)
	at java.base/java.io.FileInputStream.open0(Native Method)
	at java.base/java.io.FileInputStream.open(FileInputStream.java:211)
	at java.base/java.io.FileInputStream.<init>(FileInputStream.java:153)
	at java.base/java.io.FileReader.<init>(FileReader.java:75)
	at com.cpcommunity.testScripts.community.BaseTest.readInNotePadFile(BaseTest.java:382)
	at com.cpcommunity.testScripts.community.BaseTest.openBrowser(BaseTest.java:613)
	at com.cpcommunity.testScripts.community.TC108_Share_Posts_in_Group.TC108(TC108_Share_Posts_in_Group.java:25)
... Removed 25 stack frames]]>
    </failure>
  </testcase> <!-- TC108 -->
  <testcase classname="com.cpcommunity.testScripts.community.TC129_Apply_Job_Requirement_From_Community_Details_Page" name="TC129" time="1.55">
    <failure type="java.io.FileNotFoundException" message="D:\WorkSpace\bizligo-automation\src\test\resources\testdata\test\26 Apr 2021\ExecutionRunTime\runTime.txt (The system cannot find the path specified)">
      <![CDATA[java.io.FileNotFoundException: D:\WorkSpace\bizligo-automation\src\test\resources\testdata\test\26 Apr 2021\ExecutionRunTime\runTime.txt (The system cannot find the path specified)
	at java.base/java.io.FileInputStream.open0(Native Method)
	at java.base/java.io.FileInputStream.open(FileInputStream.java:211)
	at java.base/java.io.FileInputStream.<init>(FileInputStream.java:153)
	at java.base/java.io.FileReader.<init>(FileReader.java:75)
	at com.cpcommunity.testScripts.community.BaseTest.readInNotePadFile(BaseTest.java:382)
	at com.cpcommunity.testScripts.community.BaseTest.openBrowser(BaseTest.java:613)
	at com.cpcommunity.testScripts.community.TC129_Apply_Job_Requirement_From_Community_Details_Page.TC129(TC129_Apply_Job_Requirement_From_Community_Details_Page.java:27)
... Removed 25 stack frames]]>
    </failure>
  </testcase> <!-- TC129 -->
  <testcase classname="com.cpcommunity.testScripts.community.TC130_Apply_Job_Requirement_From_Global_Careers" name="TC130" time="1.525">
    <failure type="java.io.FileNotFoundException" message="D:\WorkSpace\bizligo-automation\src\test\resources\testdata\test\26 Apr 2021\ExecutionRunTime\runTime.txt (The system cannot find the path specified)">
      <![CDATA[java.io.FileNotFoundException: D:\WorkSpace\bizligo-automation\src\test\resources\testdata\test\26 Apr 2021\ExecutionRunTime\runTime.txt (The system cannot find the path specified)
	at java.base/java.io.FileInputStream.open0(Native Method)
	at java.base/java.io.FileInputStream.open(FileInputStream.java:211)
	at java.base/java.io.FileInputStream.<init>(FileInputStream.java:153)
	at java.base/java.io.FileReader.<init>(FileReader.java:75)
	at com.cpcommunity.testScripts.community.BaseTest.readInNotePadFile(BaseTest.java:382)
	at com.cpcommunity.testScripts.community.BaseTest.openBrowser(BaseTest.java:613)
	at com.cpcommunity.testScripts.community.TC130_Apply_Job_Requirement_From_Global_Careers.TC130(TC130_Apply_Job_Requirement_From_Global_Careers.java:26)
... Removed 25 stack frames]]>
    </failure>
  </testcase> <!-- TC130 -->
  <testcase classname="com.cpcommunity.testScripts.community.TC179_Verify_Member_Is_Able_Update_Membership_Plan" name="TC179" time="1.619">
    <failure type="java.io.FileNotFoundException" message="D:\WorkSpace\bizligo-automation\src\test\resources\testdata\test\26 Apr 2021\ExecutionRunTime\runTime.txt (The system cannot find the path specified)">
      <![CDATA[java.io.FileNotFoundException: D:\WorkSpace\bizligo-automation\src\test\resources\testdata\test\26 Apr 2021\ExecutionRunTime\runTime.txt (The system cannot find the path specified)
	at java.base/java.io.FileInputStream.open0(Native Method)
	at java.base/java.io.FileInputStream.open(FileInputStream.java:211)
	at java.base/java.io.FileInputStream.<init>(FileInputStream.java:153)
	at java.base/java.io.FileReader.<init>(FileReader.java:75)
	at com.cpcommunity.testScripts.community.BaseTest.readInNotePadFile(BaseTest.java:382)
	at com.cpcommunity.testScripts.community.BaseTest.openBrowser(BaseTest.java:613)
	at com.cpcommunity.testScripts.community.TC179_Verify_Member_Is_Able_Update_Membership_Plan.TC179(TC179_Verify_Member_Is_Able_Update_Membership_Plan.java:27)
... Removed 25 stack frames]]>
    </failure>
  </testcase> <!-- TC179 -->
  <testcase classname="com.cpcommunity.testScripts.community.TC218_Verify_TA_InActivated_Community_Is_Not_Displaying_In_The_Global_Communities_Page" name="TC218" time="1.688">
    <failure type="java.io.FileNotFoundException" message="D:\WorkSpace\bizligo-automation\src\test\resources\testdata\test\26 Apr 2021\ExecutionRunTime\runTime.txt (The system cannot find the path specified)">
      <![CDATA[java.io.FileNotFoundException: D:\WorkSpace\bizligo-automation\src\test\resources\testdata\test\26 Apr 2021\ExecutionRunTime\runTime.txt (The system cannot find the path specified)
	at java.base/java.io.FileInputStream.open0(Native Method)
	at java.base/java.io.FileInputStream.open(FileInputStream.java:211)
	at java.base/java.io.FileInputStream.<init>(FileInputStream.java:153)
	at java.base/java.io.FileReader.<init>(FileReader.java:75)
	at com.cpcommunity.testScripts.community.BaseTest.readInNotePadFile(BaseTest.java:382)
	at com.cpcommunity.testScripts.community.BaseTest.openBrowser(BaseTest.java:613)
	at com.cpcommunity.testScripts.community.TC218_Verify_TA_InActivated_Community_Is_Not_Displaying_In_The_Global_Communities_Page.TC218(TC218_Verify_TA_InActivated_Community_Is_Not_Displaying_In_The_Global_Communities_Page.java:31)
... Removed 25 stack frames]]>
    </failure>
  </testcase> <!-- TC218 -->
  <testcase classname="com.cpcommunity.testScripts.community.BaseTest" name="@BeforeSuite setUpFramework" time="0.0">
    <ignored/>
  </testcase> <!-- @BeforeSuite setUpFramework -->
  <testcase classname="com.cpcommunity.testScripts.community.BaseTest" name="@BeforeSuite setUpFramework" time="0.0">
    <ignored/>
  </testcase> <!-- @BeforeSuite setUpFramework -->
  <testcase classname="com.cpcommunity.testScripts.community.BaseTest" name="@BeforeSuite setUpFramework" time="0.0">
    <ignored/>
  </testcase> <!-- @BeforeSuite setUpFramework -->
  <testcase classname="com.cpcommunity.testScripts.community.BaseTest" name="@BeforeSuite setUpFramework" time="0.0">
    <ignored/>
  </testcase> <!-- @BeforeSuite setUpFramework -->
  <testcase classname="com.cpcommunity.testScripts.community.BaseTest" name="@BeforeSuite setUpFramework" time="0.0">
    <ignored/>
  </testcase> <!-- @BeforeSuite setUpFramework -->
  <testcase classname="com.cpcommunity.testScripts.community.BaseTest" name="@BeforeSuite setUpFramework" time="0.0">
    <ignored/>
  </testcase> <!-- @BeforeSuite setUpFramework -->
  <testcase classname="com.cpcommunity.testScripts.community.BaseTest" name="@BeforeSuite setUpFramework" time="0.0">
    <ignored/>
  </testcase> <!-- @BeforeSuite setUpFramework -->
  <testcase classname="com.cpcommunity.testScripts.community.BaseTest" name="@BeforeSuite setUpFramework" time="0.0">
    <ignored/>
  </testcase> <!-- @BeforeSuite setUpFramework -->
  <testcase classname="com.cpcommunity.testScripts.community.BaseTest" name="@AfterSuite sendmail" time="0.0">
    <ignored/>
  </testcase> <!-- @AfterSuite sendmail -->
  <testcase classname="com.cpcommunity.testScripts.community.BaseTest" name="@AfterSuite sendmail" time="0.0">
    <ignored/>
  </testcase> <!-- @AfterSuite sendmail -->
  <testcase classname="com.cpcommunity.testScripts.community.BaseTest" name="@AfterSuite sendmail" time="0.0">
    <ignored/>
  </testcase> <!-- @AfterSuite sendmail -->
  <testcase classname="com.cpcommunity.testScripts.community.BaseTest" name="@AfterSuite sendmail" time="0.0">
    <ignored/>
  </testcase> <!-- @AfterSuite sendmail -->
  <testcase classname="com.cpcommunity.testScripts.community.BaseTest" name="@AfterSuite sendmail" time="0.0">
    <ignored/>
  </testcase> <!-- @AfterSuite sendmail -->
  <testcase classname="com.cpcommunity.testScripts.community.BaseTest" name="@AfterSuite sendmail" time="0.0">
    <ignored/>
  </testcase> <!-- @AfterSuite sendmail -->
  <testcase classname="com.cpcommunity.testScripts.community.BaseTest" name="@AfterSuite sendmail" time="0.0">
    <ignored/>
  </testcase> <!-- @AfterSuite sendmail -->
  <testcase classname="com.cpcommunity.testScripts.community.BaseTest" name="@AfterSuite sendmail" time="0.0">
    <ignored/>
  </testcase> <!-- @AfterSuite sendmail -->
</testsuite> <!-- Test10 -->
