<?xml version="1.0" encoding="UTF-8"?>
<!-- Generated by org.testng.reporters.JUnitXMLReporter -->
<testsuite ignored="10" hostname="ViswanadhMS" failures="6" tests="6" name="Test9" time="17.593" errors="0" timestamp="25 Apr 2021 18:31:34 GMT">
  <testcase classname="com.cpcommunity.testScripts.Event_Registrations.TC150_Paid_Event_Registration_With_Authorize_From_Event_CheckIn" name="TC150" time="1.58">
    <failure type="java.io.FileNotFoundException" message="D:\WorkSpace\bizligo-automation\src\test\resources\testdata\test\26 Apr 2021\ExecutionRunTime\runTime.txt (The system cannot find the path specified)">
      <![CDATA[java.io.FileNotFoundException: D:\WorkSpace\bizligo-automation\src\test\resources\testdata\test\26 Apr 2021\ExecutionRunTime\runTime.txt (The system cannot find the path specified)
	at java.base/java.io.FileInputStream.open0(Native Method)
	at java.base/java.io.FileInputStream.open(FileInputStream.java:211)
	at java.base/java.io.FileInputStream.<init>(FileInputStream.java:153)
	at java.base/java.io.FileReader.<init>(FileReader.java:75)
	at com.cpcommunity.testScripts.community.BaseTest.readInNotePadFile(BaseTest.java:382)
	at com.cpcommunity.testScripts.community.BaseTest.openBrowser(BaseTest.java:613)
	at com.cpcommunity.testScripts.Event_Registrations.TC150_Paid_Event_Registration_With_Authorize_From_Event_CheckIn.TC150(TC150_Paid_Event_Registration_With_Authorize_From_Event_CheckIn.java:23)
... Removed 25 stack frames]]>
    </failure>
  </testcase> <!-- TC150 -->
  <testcase classname="com.cpcommunity.testScripts.myprofiletestcases.TC021_Verify_User_is_Able_to_Un_Select_Phone_Private" name="TC021" time="1.832">
    <failure type="java.io.FileNotFoundException" message="D:\WorkSpace\bizligo-automation\src\test\resources\testdata\test\26 Apr 2021\ExecutionRunTime\runTime.txt (The system cannot find the path specified)">
      <![CDATA[java.io.FileNotFoundException: D:\WorkSpace\bizligo-automation\src\test\resources\testdata\test\26 Apr 2021\ExecutionRunTime\runTime.txt (The system cannot find the path specified)
	at java.base/java.io.FileInputStream.open0(Native Method)
	at java.base/java.io.FileInputStream.open(FileInputStream.java:211)
	at java.base/java.io.FileInputStream.<init>(FileInputStream.java:153)
	at java.base/java.io.FileReader.<init>(FileReader.java:75)
	at com.cpcommunity.testScripts.community.BaseTest.readInNotePadFile(BaseTest.java:382)
	at com.cpcommunity.testScripts.community.BaseTest.openBrowser(BaseTest.java:613)
	at com.cpcommunity.testScripts.myprofiletestcases.TC021_Verify_User_is_Able_to_Un_Select_Phone_Private.TC021(TC021_Verify_User_is_Able_to_Un_Select_Phone_Private.java:27)
... Removed 25 stack frames]]>
    </failure>
  </testcase> <!-- TC021 -->
  <testcase classname="com.cpcommunity.testScripts.community.TC122_Member_Accept_Community_Request_From_Global_Community" name="TC122" time="1.781">
    <failure type="java.io.FileNotFoundException" message="D:\WorkSpace\bizligo-automation\src\test\resources\testdata\test\26 Apr 2021\ExecutionRunTime\runTime.txt (The system cannot find the path specified)">
      <![CDATA[java.io.FileNotFoundException: D:\WorkSpace\bizligo-automation\src\test\resources\testdata\test\26 Apr 2021\ExecutionRunTime\runTime.txt (The system cannot find the path specified)
	at java.base/java.io.FileInputStream.open0(Native Method)
	at java.base/java.io.FileInputStream.open(FileInputStream.java:211)
	at java.base/java.io.FileInputStream.<init>(FileInputStream.java:153)
	at java.base/java.io.FileReader.<init>(FileReader.java:75)
	at com.cpcommunity.testScripts.community.BaseTest.readInNotePadFile(BaseTest.java:382)
	at com.cpcommunity.testScripts.community.BaseTest.openBrowser(BaseTest.java:613)
	at com.cpcommunity.testScripts.community.TC122_Member_Accept_Community_Request_From_Global_Community.TC122(TC122_Member_Accept_Community_Request_From_Global_Community.java:27)
... Removed 25 stack frames]]>
    </failure>
  </testcase> <!-- TC122 -->
  <testcase classname="com.cpcommunity.testScripts.community.TC123_Member_Accept_Community_Request_from_My_Communities" name="TC123" time="1.614">
    <failure type="java.io.FileNotFoundException" message="D:\WorkSpace\bizligo-automation\src\test\resources\testdata\test\26 Apr 2021\ExecutionRunTime\runTime.txt (The system cannot find the path specified)">
      <![CDATA[java.io.FileNotFoundException: D:\WorkSpace\bizligo-automation\src\test\resources\testdata\test\26 Apr 2021\ExecutionRunTime\runTime.txt (The system cannot find the path specified)
	at java.base/java.io.FileInputStream.open0(Native Method)
	at java.base/java.io.FileInputStream.open(FileInputStream.java:211)
	at java.base/java.io.FileInputStream.<init>(FileInputStream.java:153)
	at java.base/java.io.FileReader.<init>(FileReader.java:75)
	at com.cpcommunity.testScripts.community.BaseTest.readInNotePadFile(BaseTest.java:382)
	at com.cpcommunity.testScripts.community.BaseTest.openBrowser(BaseTest.java:613)
	at com.cpcommunity.testScripts.community.TC123_Member_Accept_Community_Request_from_My_Communities.TC123(TC123_Member_Accept_Community_Request_from_My_Communities.java:29)
... Removed 25 stack frames]]>
    </failure>
  </testcase> <!-- TC123 -->
  <testcase classname="com.cpcommunity.testScripts.community.TC217_TA_InActivate_The_Community" name="TC217" time="1.515">
    <failure type="java.io.FileNotFoundException" message="D:\WorkSpace\bizligo-automation\src\test\resources\testdata\test\26 Apr 2021\ExecutionRunTime\runTime.txt (The system cannot find the path specified)">
      <![CDATA[java.io.FileNotFoundException: D:\WorkSpace\bizligo-automation\src\test\resources\testdata\test\26 Apr 2021\ExecutionRunTime\runTime.txt (The system cannot find the path specified)
	at java.base/java.io.FileInputStream.open0(Native Method)
	at java.base/java.io.FileInputStream.open(FileInputStream.java:211)
	at java.base/java.io.FileInputStream.<init>(FileInputStream.java:153)
	at java.base/java.io.FileReader.<init>(FileReader.java:75)
	at com.cpcommunity.testScripts.community.BaseTest.readInNotePadFile(BaseTest.java:382)
	at com.cpcommunity.testScripts.community.BaseTest.openBrowser(BaseTest.java:613)
	at com.cpcommunity.testScripts.community.TC217_TA_InActivate_The_Community.TC217(TC217_TA_InActivate_The_Community.java:29)
... Removed 25 stack frames]]>
    </failure>
  </testcase> <!-- TC217 -->
  <testcase classname="com.cpcommunity.testScripts.community.TC124_Member_Accept_Community_Request_From_Community_details_page" name="TC124" time="1.519">
    <failure type="java.io.FileNotFoundException" message="D:\WorkSpace\bizligo-automation\src\test\resources\testdata\test\26 Apr 2021\ExecutionRunTime\runTime.txt (The system cannot find the path specified)">
      <![CDATA[java.io.FileNotFoundException: D:\WorkSpace\bizligo-automation\src\test\resources\testdata\test\26 Apr 2021\ExecutionRunTime\runTime.txt (The system cannot find the path specified)
	at java.base/java.io.FileInputStream.open0(Native Method)
	at java.base/java.io.FileInputStream.open(FileInputStream.java:211)
	at java.base/java.io.FileInputStream.<init>(FileInputStream.java:153)
	at java.base/java.io.FileReader.<init>(FileReader.java:75)
	at com.cpcommunity.testScripts.community.BaseTest.readInNotePadFile(BaseTest.java:382)
	at com.cpcommunity.testScripts.community.BaseTest.openBrowser(BaseTest.java:613)
	at com.cpcommunity.testScripts.community.TC124_Member_Accept_Community_Request_From_Community_details_page.TC124(TC124_Member_Accept_Community_Request_From_Community_details_page.java:26)
... Removed 25 stack frames]]>
    </failure>
  </testcase> <!-- TC124 -->
  <testcase classname="com.cpcommunity.testScripts.community.BaseTest" name="@BeforeSuite setUpFramework" time="0.0">
    <ignored/>
  </testcase> <!-- @BeforeSuite setUpFramework -->
  <testcase classname="com.cpcommunity.testScripts.community.BaseTest" name="@BeforeSuite setUpFramework" time="0.0">
    <ignored/>
  </testcase> <!-- @BeforeSuite setUpFramework -->
  <testcase classname="com.cpcommunity.testScripts.community.BaseTest" name="@BeforeSuite setUpFramework" time="0.0">
    <ignored/>
  </testcase> <!-- @BeforeSuite setUpFramework -->
  <testcase classname="com.cpcommunity.testScripts.community.BaseTest" name="@BeforeSuite setUpFramework" time="0.0">
    <ignored/>
  </testcase> <!-- @BeforeSuite setUpFramework -->
  <testcase classname="com.cpcommunity.testScripts.community.BaseTest" name="@BeforeSuite setUpFramework" time="0.0">
    <ignored/>
  </testcase> <!-- @BeforeSuite setUpFramework -->
  <testcase classname="com.cpcommunity.testScripts.community.BaseTest" name="@AfterSuite sendmail" time="0.0">
    <ignored/>
  </testcase> <!-- @AfterSuite sendmail -->
  <testcase classname="com.cpcommunity.testScripts.community.BaseTest" name="@AfterSuite sendmail" time="0.0">
    <ignored/>
  </testcase> <!-- @AfterSuite sendmail -->
  <testcase classname="com.cpcommunity.testScripts.community.BaseTest" name="@AfterSuite sendmail" time="0.0">
    <ignored/>
  </testcase> <!-- @AfterSuite sendmail -->
  <testcase classname="com.cpcommunity.testScripts.community.BaseTest" name="@AfterSuite sendmail" time="0.0">
    <ignored/>
  </testcase> <!-- @AfterSuite sendmail -->
  <testcase classname="com.cpcommunity.testScripts.community.BaseTest" name="@AfterSuite sendmail" time="0.0">
    <ignored/>
  </testcase> <!-- @AfterSuite sendmail -->
</testsuite> <!-- Test9 -->
