<html>
<head>
<title>TestNG:  Test 1</title>
<link href="../testng.css" rel="stylesheet" type="text/css" />
<link href="../my-testng.css" rel="stylesheet" type="text/css" />

<style type="text/css">
.log { display: none;} 
.stack-trace { display: none;} 
</style>
<script type="text/javascript">
<!--
function flip(e) {
  current = e.style.display;
  if (current == 'block') {
    e.style.display = 'none';
    return 0;
  }
  else {
    e.style.display = 'block';
    return 1;
  }
}

function toggleBox(szDivId, elem, msg1, msg2)
{
  var res = -1;  if (document.getElementById) {
    res = flip(document.getElementById(szDivId));
  }
  else if (document.all) {
    // this is the way old msie versions work
    res = flip(document.all[szDivId]);
  }
  if(elem) {
    if(res == 0) elem.innerHTML = msg1; else elem.innerHTML = msg2;
  }

}

function toggleAllBoxes() {
  if (document.getElementsByTagName) {
    d = document.getElementsByTagName('div');
    for (i = 0; i < d.length; i++) {
      if (d[i].className == 'log') {
        flip(d[i]);
      }
    }
  }
}

// -->
</script>

</head>
<body>
<h2 align='center'>Test 1</h2><table border='1' align="center">
<tr>
<td>Tests passed/Failed/Skipped:</td><td>0/2/0</td>
</tr><tr>
<td>Started on:</td><td>Mon Apr 26 23:07:40 IST 2021</td>
</tr>
<tr><td>Total time:</td><td>350 seconds (350141 ms)</td>
</tr><tr>
<td>Included groups:</td><td></td>
</tr><tr>
<td>Excluded groups:</td><td></td>
</tr>
</table><p/>
<small><i>(Hover the method name to see the test class name)</i></small><p/>
<table width='100%' border='1' class='invocation-failed'>
<tr><td colspan='4' align='center'><b>FAILED TESTS</b></td></tr>
<tr><td><b>Test method</b></td>
<td width="30%"><b>Exception</b></td>
<td width="10%"><b>Time (seconds)</b></td>
<td><b>Instance</b></td>
</tr>
<tr>
<td title='com.cpcommunity.testScripts.community.TC052_Community_Admin_Create_Groups.TC052()'><b>TC052</b><br>Test class: com.cpcommunity.testScripts.community.TC052_Community_Admin_Create_Groups<br>Parameters: {Description=Please check back soon...., Test Descrption=TC052_Community_Admin_Create_Groups, Runmode=TC052, Name=Public Group, CityName=Hyderabad, browser=chrome, GroupTypeName=Public, communityName=SheTEK CA, email=viswanadh.ms@gmail.com, StateName=Telangana, password=B!zliG0#T@s1, CategoryName=Music, tenantType=B2B}</td>
<td><div><pre>org.openqa.selenium.NoSuchElementException: Cannot locate element with text: Hyderabad
For documentation on this error, please visit: http://seleniumhq.org/exceptions/no_such_element.html
Build info: version: &apos;3.14.0&apos;, revision: &apos;aacccce0&apos;, time: &apos;2018-08-02T20:19:58.91Z&apos;
System info: host: &apos;VISWANADHMS&apos;, ip: &apos;192.168.1.17&apos;, os.name: &apos;Windows 10&apos;, os.arch: &apos;amd64&apos;, os.version: &apos;10.0&apos;, java.version: &apos;15.0.2&apos;
Driver info: driver.version: unknown
	at org.openqa.selenium.support.ui.Select.selectByVisibleText(Select.java:151)
	at com.cpcommunity.PageObjects.BasePage.selectByVisibleText(BasePage.java:265)
	at com.cpcommunity.PageObjects.Create_UpdateGroupPage.fillGroupDetails(Create_UpdateGroupPage.java:113)
	at com.cpcommunity.PageObjects.Create_UpdateGroupPage.createGroup(Create_UpdateGroupPage.java:78)
	at com.cpcommunity.testScripts.community.TC052_Community_Admin_Create_Groups.TC052(TC052_Community_Admin_Create_Groups.java:37)
... Removed 25 stack frames</pre></div><a href='#' onClick='toggleBox("stack-trace1388979794", this, "Click to show all stack frames", "Click to hide stack frames")'>Click to show all stack frames</a>
<div class='stack-trace' id='stack-trace1388979794'><pre>org.openqa.selenium.NoSuchElementException: Cannot locate element with text: Hyderabad
For documentation on this error, please visit: http://seleniumhq.org/exceptions/no_such_element.html
Build info: version: &apos;3.14.0&apos;, revision: &apos;aacccce0&apos;, time: &apos;2018-08-02T20:19:58.91Z&apos;
System info: host: &apos;VISWANADHMS&apos;, ip: &apos;192.168.1.17&apos;, os.name: &apos;Windows 10&apos;, os.arch: &apos;amd64&apos;, os.version: &apos;10.0&apos;, java.version: &apos;15.0.2&apos;
Driver info: driver.version: unknown
	at org.openqa.selenium.support.ui.Select.selectByVisibleText(Select.java:151)
	at com.cpcommunity.PageObjects.BasePage.selectByVisibleText(BasePage.java:265)
	at com.cpcommunity.PageObjects.Create_UpdateGroupPage.fillGroupDetails(Create_UpdateGroupPage.java:113)
	at com.cpcommunity.PageObjects.Create_UpdateGroupPage.createGroup(Create_UpdateGroupPage.java:78)
	at com.cpcommunity.testScripts.community.TC052_Community_Admin_Create_Groups.TC052(TC052_Community_Admin_Create_Groups.java:37)
	at java.base/jdk.internal.reflect.NativeMethodAccessorImpl.invoke0(Native Method)
	at java.base/jdk.internal.reflect.NativeMethodAccessorImpl.invoke(NativeMethodAccessorImpl.java:64)
	at java.base/jdk.internal.reflect.DelegatingMethodAccessorImpl.invoke(DelegatingMethodAccessorImpl.java:43)
	at java.base/java.lang.reflect.Method.invoke(Method.java:564)
	at org.testng.internal.MethodInvocationHelper.invokeMethod(MethodInvocationHelper.java:108)
	at org.testng.internal.Invoker.invokeMethod(Invoker.java:661)
	at org.testng.internal.Invoker.invokeTestMethod(Invoker.java:869)
	at org.testng.internal.Invoker.invokeTestMethods(Invoker.java:1193)
	at org.testng.internal.TestMethodWorker.invokeTestMethods(TestMethodWorker.java:126)
	at org.testng.internal.TestMethodWorker.run(TestMethodWorker.java:109)
	at org.testng.TestRunner.privateRun(TestRunner.java:744)
	at org.testng.TestRunner.run(TestRunner.java:602)
	at org.testng.SuiteRunner.runTest(SuiteRunner.java:380)
	at org.testng.SuiteRunner.runSequentially(SuiteRunner.java:375)
	at org.testng.SuiteRunner.privateRun(SuiteRunner.java:340)
	at org.testng.SuiteRunner.run(SuiteRunner.java:289)
	at org.testng.SuiteRunnerWorker.runSuite(SuiteRunnerWorker.java:52)
	at org.testng.SuiteRunnerWorker.run(SuiteRunnerWorker.java:86)
	at org.testng.TestNG.runSuitesSequentially(TestNG.java:1301)
	at org.testng.TestNG.runSuitesLocally(TestNG.java:1226)
	at org.testng.TestNG.runSuites(TestNG.java:1144)
	at org.testng.TestNG.run(TestNG.java:1115)
	at org.testng.remote.AbstractRemoteTestNG.run(AbstractRemoteTestNG.java:115)
	at org.testng.remote.RemoteTestNG.initAndRun(RemoteTestNG.java:251)
	at org.testng.remote.RemoteTestNG.main(RemoteTestNG.java:77)
</pre></div></td>
<td>172</td>
<td>com.cpcommunity.testScripts.community.TC052_Community_Admin_Create_Groups@6f36c2f0</td></tr>
<tr>
<td title='com.cpcommunity.testScripts.community.TC052_Community_Admin_Create_Groups.TC052()'><b>TC052</b><br>Test class: com.cpcommunity.testScripts.community.TC052_Community_Admin_Create_Groups<br>Parameters: {Description=Please check back soon...., Test Descrption=TC052_Community_Admin_Create_Groups, Runmode=Y, Name=Private Group, CityName=Hyderabad, browser=chrome, GroupTypeName=Private, communityName=SheTEK CA, email=viswanadh.ms@gmail.com, StateName=Telangana, password=B!zliG0#T@s1, CategoryName=Music, tenantType=B2B}</td>
<td><div><pre>org.openqa.selenium.NoSuchElementException: Cannot locate element with text: Hyderabad
For documentation on this error, please visit: http://seleniumhq.org/exceptions/no_such_element.html
Build info: version: &apos;3.14.0&apos;, revision: &apos;aacccce0&apos;, time: &apos;2018-08-02T20:19:58.91Z&apos;
System info: host: &apos;VISWANADHMS&apos;, ip: &apos;192.168.1.17&apos;, os.name: &apos;Windows 10&apos;, os.arch: &apos;amd64&apos;, os.version: &apos;10.0&apos;, java.version: &apos;15.0.2&apos;
Driver info: driver.version: unknown
	at org.openqa.selenium.support.ui.Select.selectByVisibleText(Select.java:151)
	at com.cpcommunity.PageObjects.BasePage.selectByVisibleText(BasePage.java:265)
	at com.cpcommunity.PageObjects.Create_UpdateGroupPage.fillGroupDetails(Create_UpdateGroupPage.java:113)
	at com.cpcommunity.PageObjects.Create_UpdateGroupPage.createGroup(Create_UpdateGroupPage.java:78)
	at com.cpcommunity.testScripts.community.TC052_Community_Admin_Create_Groups.TC052(TC052_Community_Admin_Create_Groups.java:37)
... Removed 25 stack frames</pre></div><a href='#' onClick='toggleBox("stack-trace1277867318", this, "Click to show all stack frames", "Click to hide stack frames")'>Click to show all stack frames</a>
<div class='stack-trace' id='stack-trace1277867318'><pre>org.openqa.selenium.NoSuchElementException: Cannot locate element with text: Hyderabad
For documentation on this error, please visit: http://seleniumhq.org/exceptions/no_such_element.html
Build info: version: &apos;3.14.0&apos;, revision: &apos;aacccce0&apos;, time: &apos;2018-08-02T20:19:58.91Z&apos;
System info: host: &apos;VISWANADHMS&apos;, ip: &apos;192.168.1.17&apos;, os.name: &apos;Windows 10&apos;, os.arch: &apos;amd64&apos;, os.version: &apos;10.0&apos;, java.version: &apos;15.0.2&apos;
Driver info: driver.version: unknown
	at org.openqa.selenium.support.ui.Select.selectByVisibleText(Select.java:151)
	at com.cpcommunity.PageObjects.BasePage.selectByVisibleText(BasePage.java:265)
	at com.cpcommunity.PageObjects.Create_UpdateGroupPage.fillGroupDetails(Create_UpdateGroupPage.java:113)
	at com.cpcommunity.PageObjects.Create_UpdateGroupPage.createGroup(Create_UpdateGroupPage.java:78)
	at com.cpcommunity.testScripts.community.TC052_Community_Admin_Create_Groups.TC052(TC052_Community_Admin_Create_Groups.java:37)
	at java.base/jdk.internal.reflect.NativeMethodAccessorImpl.invoke0(Native Method)
	at java.base/jdk.internal.reflect.NativeMethodAccessorImpl.invoke(NativeMethodAccessorImpl.java:64)
	at java.base/jdk.internal.reflect.DelegatingMethodAccessorImpl.invoke(DelegatingMethodAccessorImpl.java:43)
	at java.base/java.lang.reflect.Method.invoke(Method.java:564)
	at org.testng.internal.MethodInvocationHelper.invokeMethod(MethodInvocationHelper.java:108)
	at org.testng.internal.Invoker.invokeMethod(Invoker.java:661)
	at org.testng.internal.Invoker.invokeTestMethod(Invoker.java:869)
	at org.testng.internal.Invoker.invokeTestMethods(Invoker.java:1193)
	at org.testng.internal.TestMethodWorker.invokeTestMethods(TestMethodWorker.java:126)
	at org.testng.internal.TestMethodWorker.run(TestMethodWorker.java:109)
	at org.testng.TestRunner.privateRun(TestRunner.java:744)
	at org.testng.TestRunner.run(TestRunner.java:602)
	at org.testng.SuiteRunner.runTest(SuiteRunner.java:380)
	at org.testng.SuiteRunner.runSequentially(SuiteRunner.java:375)
	at org.testng.SuiteRunner.privateRun(SuiteRunner.java:340)
	at org.testng.SuiteRunner.run(SuiteRunner.java:289)
	at org.testng.SuiteRunnerWorker.runSuite(SuiteRunnerWorker.java:52)
	at org.testng.SuiteRunnerWorker.run(SuiteRunnerWorker.java:86)
	at org.testng.TestNG.runSuitesSequentially(TestNG.java:1301)
	at org.testng.TestNG.runSuitesLocally(TestNG.java:1226)
	at org.testng.TestNG.runSuites(TestNG.java:1144)
	at org.testng.TestNG.run(TestNG.java:1115)
	at org.testng.remote.AbstractRemoteTestNG.run(AbstractRemoteTestNG.java:115)
	at org.testng.remote.RemoteTestNG.initAndRun(RemoteTestNG.java:251)
	at org.testng.remote.RemoteTestNG.main(RemoteTestNG.java:77)
</pre></div></td>
<td>174</td>
<td>com.cpcommunity.testScripts.community.TC052_Community_Admin_Create_Groups@6f36c2f0</td></tr>
</table><p>
</body>
</html>