<?xml version="1.0" encoding="UTF-8"?>
<!-- Generated by org.testng.reporters.JUnitXMLReporter -->
<testsuite ignored="10" hostname="ViswanadhMS" failures="6" tests="6" name="Test7" time="17.154" errors="0" timestamp="25 Apr 2021 18:31:00 GMT">
  <testcase classname="com.cpcommunity.testScripts.Create_Paid_Event.TC142_Create_Paid_Event" name="TC142" time="1.542">
    <failure type="java.io.FileNotFoundException" message="D:\WorkSpace\bizligo-automation\src\test\resources\testdata\test\26 Apr 2021\ExecutionRunTime\runTime.txt (The system cannot find the path specified)">
      <![CDATA[java.io.FileNotFoundException: D:\WorkSpace\bizligo-automation\src\test\resources\testdata\test\26 Apr 2021\ExecutionRunTime\runTime.txt (The system cannot find the path specified)
	at java.base/java.io.FileInputStream.open0(Native Method)
	at java.base/java.io.FileInputStream.open(FileInputStream.java:211)
	at java.base/java.io.FileInputStream.<init>(FileInputStream.java:153)
	at java.base/java.io.FileReader.<init>(FileReader.java:75)
	at com.cpcommunity.testScripts.community.BaseTest.readInNotePadFile(BaseTest.java:382)
	at com.cpcommunity.testScripts.community.BaseTest.openBrowser(BaseTest.java:613)
	at com.cpcommunity.testScripts.Create_Paid_Event.TC142_Create_Paid_Event.TC142(TC142_Create_Paid_Event.java:23)
... Removed 25 stack frames]]>
    </failure>
  </testcase> <!-- TC142 -->
  <testcase classname="com.cpcommunity.testScripts.myprofiletestcases.TC019_Verify_User_is_Able_to_Un_Select_Email_Private" name="TC019" time="1.494">
    <failure type="java.io.FileNotFoundException" message="D:\WorkSpace\bizligo-automation\src\test\resources\testdata\test\26 Apr 2021\ExecutionRunTime\runTime.txt (The system cannot find the path specified)">
      <![CDATA[java.io.FileNotFoundException: D:\WorkSpace\bizligo-automation\src\test\resources\testdata\test\26 Apr 2021\ExecutionRunTime\runTime.txt (The system cannot find the path specified)
	at java.base/java.io.FileInputStream.open0(Native Method)
	at java.base/java.io.FileInputStream.open(FileInputStream.java:211)
	at java.base/java.io.FileInputStream.<init>(FileInputStream.java:153)
	at java.base/java.io.FileReader.<init>(FileReader.java:75)
	at com.cpcommunity.testScripts.community.BaseTest.readInNotePadFile(BaseTest.java:382)
	at com.cpcommunity.testScripts.community.BaseTest.openBrowser(BaseTest.java:613)
	at com.cpcommunity.testScripts.myprofiletestcases.TC019_Verify_User_is_Able_to_Un_Select_Email_Private.TC019(TC019_Verify_User_is_Able_to_Un_Select_Email_Private.java:26)
... Removed 25 stack frames]]>
    </failure>
  </testcase> <!-- TC019 -->
  <testcase classname="com.cpcommunity.testScripts.community.TC120_Add_Terms_And_Conditions" name="TC120" time="1.686">
    <failure type="java.io.FileNotFoundException" message="D:\WorkSpace\bizligo-automation\src\test\resources\testdata\test\26 Apr 2021\ExecutionRunTime\runTime.txt (The system cannot find the path specified)">
      <![CDATA[java.io.FileNotFoundException: D:\WorkSpace\bizligo-automation\src\test\resources\testdata\test\26 Apr 2021\ExecutionRunTime\runTime.txt (The system cannot find the path specified)
	at java.base/java.io.FileInputStream.open0(Native Method)
	at java.base/java.io.FileInputStream.open(FileInputStream.java:211)
	at java.base/java.io.FileInputStream.<init>(FileInputStream.java:153)
	at java.base/java.io.FileReader.<init>(FileReader.java:75)
	at com.cpcommunity.testScripts.community.BaseTest.readInNotePadFile(BaseTest.java:382)
	at com.cpcommunity.testScripts.community.BaseTest.openBrowser(BaseTest.java:613)
	at com.cpcommunity.testScripts.community.TC120_Add_Terms_And_Conditions.TC120(TC120_Add_Terms_And_Conditions.java:28)
... Removed 25 stack frames]]>
    </failure>
  </testcase> <!-- TC120 -->
  <testcase classname="com.cpcommunity.testScripts.advertisments.TC134_Verify_Member_Is_Able_Purchased_Required_Approval_Ad" name="TC134" time="1.533">
    <failure type="java.io.FileNotFoundException" message="D:\WorkSpace\bizligo-automation\src\test\resources\testdata\test\26 Apr 2021\ExecutionRunTime\runTime.txt (The system cannot find the path specified)">
      <![CDATA[java.io.FileNotFoundException: D:\WorkSpace\bizligo-automation\src\test\resources\testdata\test\26 Apr 2021\ExecutionRunTime\runTime.txt (The system cannot find the path specified)
	at java.base/java.io.FileInputStream.open0(Native Method)
	at java.base/java.io.FileInputStream.open(FileInputStream.java:211)
	at java.base/java.io.FileInputStream.<init>(FileInputStream.java:153)
	at java.base/java.io.FileReader.<init>(FileReader.java:75)
	at com.cpcommunity.testScripts.community.BaseTest.readInNotePadFile(BaseTest.java:382)
	at com.cpcommunity.testScripts.community.BaseTest.openBrowser(BaseTest.java:613)
	at com.cpcommunity.testScripts.advertisments.TC134_Verify_Member_Is_Able_Purchased_Required_Approval_Ad.TC134(TC134_Verify_Member_Is_Able_Purchased_Required_Approval_Ad.java:25)
... Removed 25 stack frames]]>
    </failure>
  </testcase> <!-- TC134 -->
  <testcase classname="com.cpcommunity.testScripts.advertisments.TC135_Verify_Member_Is_Able_Purchased_Required_Approval_Global_Members_Ad" name="TC135" time="1.591">
    <failure type="java.io.FileNotFoundException" message="D:\WorkSpace\bizligo-automation\src\test\resources\testdata\test\26 Apr 2021\ExecutionRunTime\runTime.txt (The system cannot find the path specified)">
      <![CDATA[java.io.FileNotFoundException: D:\WorkSpace\bizligo-automation\src\test\resources\testdata\test\26 Apr 2021\ExecutionRunTime\runTime.txt (The system cannot find the path specified)
	at java.base/java.io.FileInputStream.open0(Native Method)
	at java.base/java.io.FileInputStream.open(FileInputStream.java:211)
	at java.base/java.io.FileInputStream.<init>(FileInputStream.java:153)
	at java.base/java.io.FileReader.<init>(FileReader.java:75)
	at com.cpcommunity.testScripts.community.BaseTest.readInNotePadFile(BaseTest.java:382)
	at com.cpcommunity.testScripts.community.BaseTest.openBrowser(BaseTest.java:613)
	at com.cpcommunity.testScripts.advertisments.TC135_Verify_Member_Is_Able_Purchased_Required_Approval_Global_Members_Ad.TC135(TC135_Verify_Member_Is_Able_Purchased_Required_Approval_Global_Members_Ad.java:22)
... Removed 25 stack frames]]>
    </failure>
  </testcase> <!-- TC135 -->
  <testcase classname="com.cpcommunity.testScripts.community.TC215_TA_Update_The_Community_Details" name="TC215" time="1.564">
    <failure type="java.io.FileNotFoundException" message="D:\WorkSpace\bizligo-automation\src\test\resources\testdata\test\26 Apr 2021\ExecutionRunTime\runTime.txt (The system cannot find the path specified)">
      <![CDATA[java.io.FileNotFoundException: D:\WorkSpace\bizligo-automation\src\test\resources\testdata\test\26 Apr 2021\ExecutionRunTime\runTime.txt (The system cannot find the path specified)
	at java.base/java.io.FileInputStream.open0(Native Method)
	at java.base/java.io.FileInputStream.open(FileInputStream.java:211)
	at java.base/java.io.FileInputStream.<init>(FileInputStream.java:153)
	at java.base/java.io.FileReader.<init>(FileReader.java:75)
	at com.cpcommunity.testScripts.community.BaseTest.readInNotePadFile(BaseTest.java:382)
	at com.cpcommunity.testScripts.community.BaseTest.openBrowser(BaseTest.java:613)
	at com.cpcommunity.testScripts.community.TC215_TA_Update_The_Community_Details.TC215(TC215_TA_Update_The_Community_Details.java:29)
... Removed 25 stack frames]]>
    </failure>
  </testcase> <!-- TC215 -->
  <testcase classname="com.cpcommunity.testScripts.community.BaseTest" name="@BeforeSuite setUpFramework" time="0.0">
    <ignored/>
  </testcase> <!-- @BeforeSuite setUpFramework -->
  <testcase classname="com.cpcommunity.testScripts.community.BaseTest" name="@BeforeSuite setUpFramework" time="0.0">
    <ignored/>
  </testcase> <!-- @BeforeSuite setUpFramework -->
  <testcase classname="com.cpcommunity.testScripts.community.BaseTest" name="@BeforeSuite setUpFramework" time="0.0">
    <ignored/>
  </testcase> <!-- @BeforeSuite setUpFramework -->
  <testcase classname="com.cpcommunity.testScripts.community.BaseTest" name="@BeforeSuite setUpFramework" time="0.0">
    <ignored/>
  </testcase> <!-- @BeforeSuite setUpFramework -->
  <testcase classname="com.cpcommunity.testScripts.community.BaseTest" name="@BeforeSuite setUpFramework" time="0.0">
    <ignored/>
  </testcase> <!-- @BeforeSuite setUpFramework -->
  <testcase classname="com.cpcommunity.testScripts.community.BaseTest" name="@AfterSuite sendmail" time="0.0">
    <ignored/>
  </testcase> <!-- @AfterSuite sendmail -->
  <testcase classname="com.cpcommunity.testScripts.community.BaseTest" name="@AfterSuite sendmail" time="0.0">
    <ignored/>
  </testcase> <!-- @AfterSuite sendmail -->
  <testcase classname="com.cpcommunity.testScripts.community.BaseTest" name="@AfterSuite sendmail" time="0.0">
    <ignored/>
  </testcase> <!-- @AfterSuite sendmail -->
  <testcase classname="com.cpcommunity.testScripts.community.BaseTest" name="@AfterSuite sendmail" time="0.0">
    <ignored/>
  </testcase> <!-- @AfterSuite sendmail -->
  <testcase classname="com.cpcommunity.testScripts.community.BaseTest" name="@AfterSuite sendmail" time="0.0">
    <ignored/>
  </testcase> <!-- @AfterSuite sendmail -->
</testsuite> <!-- Test7 -->
