<?xml version="1.0" encoding="UTF-8"?>
<!-- Generated by org.testng.reporters.JUnitReportReporter -->
<testsuite skipped="0" hostname="LAPTOP-65H8KDP8" name="com.cpcommunity.testScripts.community.TC089_Configure_Paypal_Payment_Gateway" tests="1" failures="0" timestamp="29 Sep 2020 11:57:55 GMT" time="180.782" errors="1">
  <testcase name="TC089" time="180.782" classname="com.cpcommunity.testScripts.community.TC089_Configure_Paypal_Payment_Gateway">
    <error type="java.lang.IllegalStateException" message="This is not the PayPalPayment page">
      <![CDATA[java.lang.IllegalStateException: This is not the PayPalPayment page
	at com.cpcommunity.PageObjects.BasePage.openPage(BasePage.java:87)
	at com.cpcommunity.PageObjects.SetupPayPalPage.SetUpPayPalPaymentGateway(SetupPayPalPage.java:112)
	at com.cpcommunity.testScripts.community.TC089_Configure_Paypal_Payment_Gateway.TC089(TC089_Configure_Paypal_Payment_Gateway.java:38)
	at sun.reflect.NativeMethodAccessorImpl.invoke0(Native Method)
	at sun.reflect.NativeMethodAccessorImpl.invoke(NativeMethodAccessorImpl.java:62)
	at sun.reflect.DelegatingMethodAccessorImpl.invoke(DelegatingMethodAccessorImpl.java:43)
	at java.lang.reflect.Method.invoke(Method.java:498)
	at org.testng.internal.MethodInvocationHelper.invokeMethod(MethodInvocationHelper.java:108)
	at org.testng.internal.Invoker.invokeMethod(Invoker.java:661)
	at org.testng.internal.Invoker.invokeTestMethod(Invoker.java:869)
	at org.testng.internal.Invoker.invokeTestMethods(Invoker.java:1193)
	at org.testng.internal.TestMethodWorker.invokeTestMethods(TestMethodWorker.java:126)
	at org.testng.internal.TestMethodWorker.run(TestMethodWorker.java:109)
	at java.util.concurrent.ThreadPoolExecutor.runWorker(ThreadPoolExecutor.java:1149)
	at java.util.concurrent.ThreadPoolExecutor$Worker.run(ThreadPoolExecutor.java:624)
	at java.lang.Thread.run(Thread.java:748)
]]>
    </error>
  </testcase> <!-- TC089 -->
</testsuite> <!-- com.cpcommunity.testScripts.community.TC089_Configure_Paypal_Payment_Gateway -->
