<!DOCTYPE html PUBLIC "-//W3C//DTD XHTML 1.1//EN" "http://www.w3.org/TR/xhtml11/DTD/xhtml11.dtd">
<html xmlns="http://www.w3.org/1999/xhtml"><head><title>TestNG Report</title><style type="text/css">table {margin-bottom:10px;border-collapse:collapse;empty-cells:show}th,td {border:1px solid #009;padding:.25em .5em}th {vertical-align:bottom}td {vertical-align:top}table a {font-weight:bold}.stripe td {background-color: #E6EBF9}.num {text-align:right}.passedodd td {background-color: #3F3}.passedeven td {background-color: #0A0}.skippedodd td {background-color: #DDD}.skippedeven td {background-color: #CCC}.failedodd td,.attn {background-color: #F33}.failedeven td,.stripe .attn {background-color: #D00}.stacktrace {white-space:pre;font-family:monospace}.totop {font-size:85%;text-align:center;border-bottom:2px solid #000}</style></head><body><table><tr><th>Test</th><th># Passed</th><th># Skipped</th><th># Failed</th><th>Time (ms)</th><th>Included Groups</th><th>Excluded Groups</th></tr><tr><th colspan="7">Suite</th></tr><tr><td><a href="#t0">Test 1</a></td><td class="num">0</td><td class="num">0</td><td class="num attn">2</td><td class="num">350,141</td><td></td><td></td></tr></table><table id='summary'><thead><tr><th>Class</th><th>Method</th><th>Start</th><th>Time (ms)</th></tr></thead><tbody><tr><th colspan="4">Suite</th></tr></tbody><tbody id="t0"><tr><th colspan="4">Test 1 &#8212; failed</th></tr><tr class="failedeven"><td rowspan="2">com.cpcommunity.testScripts.community.TC052_Community_Admin_Create_Groups</td><td><a href="#m0">TC052</a></td><td rowspan="2">1619458660966</td><td rowspan="2">172506</td></tr><tr class="failedeven"><td><a href="#m1">TC052</a></td></tr></tbody></table><h2>Test 1</h2><h3 id="m0">com.cpcommunity.testScripts.community.TC052_Community_Admin_Create_Groups#TC052</h3><table class="result"><tr class="param"><th>Parameter #1</th></tr><tr class="param stripe"><td>{Description=Please check back soon...., Test Descrption=TC052_Community_Admin_Create_Groups, Runmode=TC052, Name=Public Group, CityName=Hyderabad, browser=chrome, GroupTypeName=Public, communityName=SheTEK CA, email=viswanadh.ms@gmail.com, StateName=Telangana, password=B!zliG0#T@s1, CategoryName=Music, tenantType=B2B}</td></tr><tr><th>Exception</th></tr><tr><td><div class="stacktrace">org.openqa.selenium.NoSuchElementException: Cannot locate element with text: Hyderabad
For documentation on this error, please visit: http://seleniumhq.org/exceptions/no_such_element.html
Build info: version: &apos;3.14.0&apos;, revision: &apos;aacccce0&apos;, time: &apos;2018-08-02T20:19:58.91Z&apos;
System info: host: &apos;VISWANADHMS&apos;, ip: &apos;192.168.1.17&apos;, os.name: &apos;Windows 10&apos;, os.arch: &apos;amd64&apos;, os.version: &apos;10.0&apos;, java.version: &apos;15.0.2&apos;
Driver info: driver.version: unknown
	at org.openqa.selenium.support.ui.Select.selectByVisibleText(Select.java:151)
	at com.cpcommunity.PageObjects.BasePage.selectByVisibleText(BasePage.java:265)
	at com.cpcommunity.PageObjects.Create_UpdateGroupPage.fillGroupDetails(Create_UpdateGroupPage.java:113)
	at com.cpcommunity.PageObjects.Create_UpdateGroupPage.createGroup(Create_UpdateGroupPage.java:78)
	at com.cpcommunity.testScripts.community.TC052_Community_Admin_Create_Groups.TC052(TC052_Community_Admin_Create_Groups.java:37)
... Removed 25 stack frames</div></td></tr></table><p class="totop"><a href="#summary">back to summary</a></p><h3 id="m1">com.cpcommunity.testScripts.community.TC052_Community_Admin_Create_Groups#TC052</h3><table class="result"><tr class="param"><th>Parameter #1</th></tr><tr class="param stripe"><td>{Description=Please check back soon...., Test Descrption=TC052_Community_Admin_Create_Groups, Runmode=Y, Name=Private Group, CityName=Hyderabad, browser=chrome, GroupTypeName=Private, communityName=SheTEK CA, email=viswanadh.ms@gmail.com, StateName=Telangana, password=B!zliG0#T@s1, CategoryName=Music, tenantType=B2B}</td></tr><tr><th>Exception</th></tr><tr><td><div class="stacktrace">org.openqa.selenium.NoSuchElementException: Cannot locate element with text: Hyderabad
For documentation on this error, please visit: http://seleniumhq.org/exceptions/no_such_element.html
Build info: version: &apos;3.14.0&apos;, revision: &apos;aacccce0&apos;, time: &apos;2018-08-02T20:19:58.91Z&apos;
System info: host: &apos;VISWANADHMS&apos;, ip: &apos;192.168.1.17&apos;, os.name: &apos;Windows 10&apos;, os.arch: &apos;amd64&apos;, os.version: &apos;10.0&apos;, java.version: &apos;15.0.2&apos;
Driver info: driver.version: unknown
	at org.openqa.selenium.support.ui.Select.selectByVisibleText(Select.java:151)
	at com.cpcommunity.PageObjects.BasePage.selectByVisibleText(BasePage.java:265)
	at com.cpcommunity.PageObjects.Create_UpdateGroupPage.fillGroupDetails(Create_UpdateGroupPage.java:113)
	at com.cpcommunity.PageObjects.Create_UpdateGroupPage.createGroup(Create_UpdateGroupPage.java:78)
	at com.cpcommunity.testScripts.community.TC052_Community_Admin_Create_Groups.TC052(TC052_Community_Admin_Create_Groups.java:37)
... Removed 25 stack frames</div></td></tr></table><p class="totop"><a href="#summary">back to summary</a></p></body></html>