<?xml version="1.0" encoding="UTF-8"?>
<testng-results ignored="0" total="2" passed="0" failed="2" skipped="0">
  <reporter-output>
  </reporter-output>
  <suite started-at="2021-04-26T17:37:40Z" name="Suite" finished-at="2021-04-26T17:43:30Z" duration-ms="350141">
    <groups>
    </groups>
    <test started-at="2021-04-26T17:37:40Z" name="Test 1" finished-at="2021-04-26T17:43:30Z" duration-ms="350141">
      <class name="com.cpcommunity.testScripts.community.TC052_Community_Admin_Create_Groups">
        <test-method is-config="true" signature="setUpFramework()[pri:0, instance:com.cpcommunity.testScripts.community.TC052_Community_Admin_Create_Groups@6f36c2f0]" started-at="2021-04-26T23:07:40Z" name="setUpFramework" finished-at="2021-04-26T23:07:40Z" duration-ms="26" status="PASS">
          <reporter-output>
          </reporter-output>
        </test-method> <!-- setUpFramework -->
        <test-method signature="TC052(java.util.Hashtable)[pri:0, instance:com.cpcommunity.testScripts.community.TC052_Community_Admin_Create_Groups@6f36c2f0]" started-at="2021-04-26T23:07:40Z" name="TC052" data-provider="masterDP" finished-at="2021-04-26T23:10:33Z" duration-ms="172506" status="FAIL">
          <params>
            <param index="0">
              <value>
                <![CDATA[{Description=Please check back soon...., Test Descrption=TC052_Community_Admin_Create_Groups, Runmode=TC052, Name=Public Group, CityName=Hyderabad, browser=chrome, GroupTypeName=Public, communityName=SheTEK CA, email=viswanadh.ms@gmail.com, StateName=Telangana, password=B!zliG0#T@s1, CategoryName=Music, tenantType=B2B}]]>
              </value>
            </param>
          </params>
          <exception class="org.openqa.selenium.NoSuchElementException">
            <message>
              <![CDATA[Cannot locate element with text: Hyderabad
For documentation on this error, please visit: http://seleniumhq.org/exceptions/no_such_element.html
Build info: version: '3.14.0', revision: 'aacccce0', time: '2018-08-02T20:19:58.91Z'
System info: host: 'VISWANADHMS', ip: '192.168.1.17', os.name: 'Windows 10', os.arch: 'amd64', os.version: '10.0', java.version: '15.0.2'
Driver info: driver.version: unknown]]>
            </message>
            <full-stacktrace>
              <![CDATA[org.openqa.selenium.NoSuchElementException: Cannot locate element with text: Hyderabad
For documentation on this error, please visit: http://seleniumhq.org/exceptions/no_such_element.html
Build info: version: '3.14.0', revision: 'aacccce0', time: '2018-08-02T20:19:58.91Z'
System info: host: 'VISWANADHMS', ip: '192.168.1.17', os.name: 'Windows 10', os.arch: 'amd64', os.version: '10.0', java.version: '15.0.2'
Driver info: driver.version: unknown
	at org.openqa.selenium.support.ui.Select.selectByVisibleText(Select.java:151)
	at com.cpcommunity.PageObjects.BasePage.selectByVisibleText(BasePage.java:265)
	at com.cpcommunity.PageObjects.Create_UpdateGroupPage.fillGroupDetails(Create_UpdateGroupPage.java:113)
	at com.cpcommunity.PageObjects.Create_UpdateGroupPage.createGroup(Create_UpdateGroupPage.java:78)
	at com.cpcommunity.testScripts.community.TC052_Community_Admin_Create_Groups.TC052(TC052_Community_Admin_Create_Groups.java:37)
	at java.base/jdk.internal.reflect.NativeMethodAccessorImpl.invoke0(Native Method)
	at java.base/jdk.internal.reflect.NativeMethodAccessorImpl.invoke(NativeMethodAccessorImpl.java:64)
	at java.base/jdk.internal.reflect.DelegatingMethodAccessorImpl.invoke(DelegatingMethodAccessorImpl.java:43)
	at java.base/java.lang.reflect.Method.invoke(Method.java:564)
	at org.testng.internal.MethodInvocationHelper.invokeMethod(MethodInvocationHelper.java:108)
	at org.testng.internal.Invoker.invokeMethod(Invoker.java:661)
	at org.testng.internal.Invoker.invokeTestMethod(Invoker.java:869)
	at org.testng.internal.Invoker.invokeTestMethods(Invoker.java:1193)
	at org.testng.internal.TestMethodWorker.invokeTestMethods(TestMethodWorker.java:126)
	at org.testng.internal.TestMethodWorker.run(TestMethodWorker.java:109)
	at org.testng.TestRunner.privateRun(TestRunner.java:744)
	at org.testng.TestRunner.run(TestRunner.java:602)
	at org.testng.SuiteRunner.runTest(SuiteRunner.java:380)
	at org.testng.SuiteRunner.runSequentially(SuiteRunner.java:375)
	at org.testng.SuiteRunner.privateRun(SuiteRunner.java:340)
	at org.testng.SuiteRunner.run(SuiteRunner.java:289)
	at org.testng.SuiteRunnerWorker.runSuite(SuiteRunnerWorker.java:52)
	at org.testng.SuiteRunnerWorker.run(SuiteRunnerWorker.java:86)
	at org.testng.TestNG.runSuitesSequentially(TestNG.java:1301)
	at org.testng.TestNG.runSuitesLocally(TestNG.java:1226)
	at org.testng.TestNG.runSuites(TestNG.java:1144)
	at org.testng.TestNG.run(TestNG.java:1115)
	at org.testng.remote.AbstractRemoteTestNG.run(AbstractRemoteTestNG.java:115)
	at org.testng.remote.RemoteTestNG.initAndRun(RemoteTestNG.java:251)
	at org.testng.remote.RemoteTestNG.main(RemoteTestNG.java:77)
]]>
            </full-stacktrace>
          </exception> <!-- org.openqa.selenium.NoSuchElementException -->
          <reporter-output>
          </reporter-output>
        </test-method> <!-- TC052 -->
        <test-method is-config="true" signature="tearDown()[pri:0, instance:com.cpcommunity.testScripts.community.TC052_Community_Admin_Create_Groups@6f36c2f0]" started-at="2021-04-26T23:10:34Z" name="tearDown" finished-at="2021-04-26T23:10:35Z" duration-ms="798" status="PASS">
          <reporter-output>
          </reporter-output>
        </test-method> <!-- tearDown -->
        <test-method signature="TC052(java.util.Hashtable)[pri:0, instance:com.cpcommunity.testScripts.community.TC052_Community_Admin_Create_Groups@6f36c2f0]" started-at="2021-04-26T23:10:35Z" name="TC052" data-provider="masterDP" finished-at="2021-04-26T23:13:29Z" duration-ms="174115" status="FAIL">
          <params>
            <param index="0">
              <value>
                <![CDATA[{Description=Please check back soon...., Test Descrption=TC052_Community_Admin_Create_Groups, Runmode=Y, Name=Private Group, CityName=Hyderabad, browser=chrome, GroupTypeName=Private, communityName=SheTEK CA, email=viswanadh.ms@gmail.com, StateName=Telangana, password=B!zliG0#T@s1, CategoryName=Music, tenantType=B2B}]]>
              </value>
            </param>
          </params>
          <exception class="org.openqa.selenium.NoSuchElementException">
            <message>
              <![CDATA[Cannot locate element with text: Hyderabad
For documentation on this error, please visit: http://seleniumhq.org/exceptions/no_such_element.html
Build info: version: '3.14.0', revision: 'aacccce0', time: '2018-08-02T20:19:58.91Z'
System info: host: 'VISWANADHMS', ip: '192.168.1.17', os.name: 'Windows 10', os.arch: 'amd64', os.version: '10.0', java.version: '15.0.2'
Driver info: driver.version: unknown]]>
            </message>
            <full-stacktrace>
              <![CDATA[org.openqa.selenium.NoSuchElementException: Cannot locate element with text: Hyderabad
For documentation on this error, please visit: http://seleniumhq.org/exceptions/no_such_element.html
Build info: version: '3.14.0', revision: 'aacccce0', time: '2018-08-02T20:19:58.91Z'
System info: host: 'VISWANADHMS', ip: '192.168.1.17', os.name: 'Windows 10', os.arch: 'amd64', os.version: '10.0', java.version: '15.0.2'
Driver info: driver.version: unknown
	at org.openqa.selenium.support.ui.Select.selectByVisibleText(Select.java:151)
	at com.cpcommunity.PageObjects.BasePage.selectByVisibleText(BasePage.java:265)
	at com.cpcommunity.PageObjects.Create_UpdateGroupPage.fillGroupDetails(Create_UpdateGroupPage.java:113)
	at com.cpcommunity.PageObjects.Create_UpdateGroupPage.createGroup(Create_UpdateGroupPage.java:78)
	at com.cpcommunity.testScripts.community.TC052_Community_Admin_Create_Groups.TC052(TC052_Community_Admin_Create_Groups.java:37)
	at java.base/jdk.internal.reflect.NativeMethodAccessorImpl.invoke0(Native Method)
	at java.base/jdk.internal.reflect.NativeMethodAccessorImpl.invoke(NativeMethodAccessorImpl.java:64)
	at java.base/jdk.internal.reflect.DelegatingMethodAccessorImpl.invoke(DelegatingMethodAccessorImpl.java:43)
	at java.base/java.lang.reflect.Method.invoke(Method.java:564)
	at org.testng.internal.MethodInvocationHelper.invokeMethod(MethodInvocationHelper.java:108)
	at org.testng.internal.Invoker.invokeMethod(Invoker.java:661)
	at org.testng.internal.Invoker.invokeTestMethod(Invoker.java:869)
	at org.testng.internal.Invoker.invokeTestMethods(Invoker.java:1193)
	at org.testng.internal.TestMethodWorker.invokeTestMethods(TestMethodWorker.java:126)
	at org.testng.internal.TestMethodWorker.run(TestMethodWorker.java:109)
	at org.testng.TestRunner.privateRun(TestRunner.java:744)
	at org.testng.TestRunner.run(TestRunner.java:602)
	at org.testng.SuiteRunner.runTest(SuiteRunner.java:380)
	at org.testng.SuiteRunner.runSequentially(SuiteRunner.java:375)
	at org.testng.SuiteRunner.privateRun(SuiteRunner.java:340)
	at org.testng.SuiteRunner.run(SuiteRunner.java:289)
	at org.testng.SuiteRunnerWorker.runSuite(SuiteRunnerWorker.java:52)
	at org.testng.SuiteRunnerWorker.run(SuiteRunnerWorker.java:86)
	at org.testng.TestNG.runSuitesSequentially(TestNG.java:1301)
	at org.testng.TestNG.runSuitesLocally(TestNG.java:1226)
	at org.testng.TestNG.runSuites(TestNG.java:1144)
	at org.testng.TestNG.run(TestNG.java:1115)
	at org.testng.remote.AbstractRemoteTestNG.run(AbstractRemoteTestNG.java:115)
	at org.testng.remote.RemoteTestNG.initAndRun(RemoteTestNG.java:251)
	at org.testng.remote.RemoteTestNG.main(RemoteTestNG.java:77)
]]>
            </full-stacktrace>
          </exception> <!-- org.openqa.selenium.NoSuchElementException -->
          <reporter-output>
          </reporter-output>
        </test-method> <!-- TC052 -->
        <test-method is-config="true" signature="tearDown()[pri:0, instance:com.cpcommunity.testScripts.community.TC052_Community_Admin_Create_Groups@6f36c2f0]" started-at="2021-04-26T23:13:29Z" name="tearDown" finished-at="2021-04-26T23:13:30Z" duration-ms="752" status="PASS">
          <reporter-output>
          </reporter-output>
        </test-method> <!-- tearDown -->
        <test-method is-config="true" signature="sendmail()[pri:0, instance:com.cpcommunity.testScripts.community.TC052_Community_Admin_Create_Groups@6f36c2f0]" started-at="2021-04-26T23:13:30Z" name="sendmail" finished-at="2021-04-26T23:13:38Z" duration-ms="7819" status="PASS">
          <reporter-output>
          </reporter-output>
        </test-method> <!-- sendmail -->
      </class> <!-- com.cpcommunity.testScripts.community.TC052_Community_Admin_Create_Groups -->
    </test> <!-- Test 1 -->
  </suite> <!-- Suite -->
</testng-results>
