<?xml version="1.0" encoding="UTF-8"?>
<!-- Generated by org.testng.reporters.JUnitReportReporter -->
<testsuite hostname="ViswanadhMS" failures="0" tests="1" name="com.cpcommunity.testScripts.community.TC090_Configure_AuthorizeNet_Payment_Gateway_____" time="477.474" errors="1" timestamp="26 Apr 2021 10:17:02 GMT" skipped="0">
  <testcase classname="com.cpcommunity.testScripts.community.TC090_Configure_AuthorizeNet_Payment_Gateway_____" name="TC090" time="477.474">
    <error message="This is not the PaymentConfirmation page" type="java.lang.IllegalStateException">
      <![CDATA[java.lang.IllegalStateException: This is not the PaymentConfirmation page
	at com.cpcommunity.PageObjects.BasePage.openPage(BasePage.java:97)
	at com.cpcommunity.PageObjects.PaymentGatewaysPage.gotoConfirmPaymentPage(PaymentGatewaysPage.java:114)
	at com.cpcommunity.testScripts.community.TC090_Configure_AuthorizeNet_Payment_Gateway_____.TC090(TC090_Configure_AuthorizeNet_Payment_Gateway_____.java:56)
	at java.base/jdk.internal.reflect.NativeMethodAccessorImpl.invoke0(Native Method)
	at java.base/jdk.internal.reflect.NativeMethodAccessorImpl.invoke(NativeMethodAccessorImpl.java:64)
	at java.base/jdk.internal.reflect.DelegatingMethodAccessorImpl.invoke(DelegatingMethodAccessorImpl.java:43)
	at java.base/java.lang.reflect.Method.invoke(Method.java:564)
	at org.testng.internal.MethodInvocationHelper.invokeMethod(MethodInvocationHelper.java:108)
	at org.testng.internal.Invoker.invokeMethod(Invoker.java:661)
	at org.testng.internal.Invoker.invokeTestMethod(Invoker.java:869)
	at org.testng.internal.Invoker.invokeTestMethods(Invoker.java:1193)
	at org.testng.internal.TestMethodWorker.invokeTestMethods(TestMethodWorker.java:126)
	at org.testng.internal.TestMethodWorker.run(TestMethodWorker.java:109)
	at java.base/java.util.concurrent.ThreadPoolExecutor.runWorker(ThreadPoolExecutor.java:1130)
	at java.base/java.util.concurrent.ThreadPoolExecutor$Worker.run(ThreadPoolExecutor.java:630)
	at java.base/java.lang.Thread.run(Thread.java:832)
]]>
    </error>
  </testcase> <!-- TC090 -->
</testsuite> <!-- com.cpcommunity.testScripts.community.TC090_Configure_AuthorizeNet_Payment_Gateway_____ -->
