<?xml version="1.0" encoding="UTF-8"?>
<!-- Generated by org.testng.reporters.JUnitXMLReporter -->
<testsuite hostname="LAPTOP-65H8KDP8" ignored="10" name="Test9" tests="9" failures="3" timestamp="05 Oct 2020 06:29:45 GMT" time="771.685" errors="0">
  <testcase name="TC019" time="97.167" classname="com.cpcommunity.testScripts.myprofiletestcases.TC019_Verify_User_is_Able_to_Un_Select_Email_Private">
    <skipped/>
  </testcase> <!-- TC019 -->
  <testcase name="TC120" time="166.076" classname="com.cpcommunity.testScripts.community.TC120_Add_Terms_And_Conditions"/>
  <testcase name="TC019" time="71.53" classname="com.cpcommunity.testScripts.myprofiletestcases.TC019_Verify_User_is_Able_to_Un_Select_Email_Private">
    <failure type="org.openqa.selenium.ElementNotVisibleException" message="element not visible
  (Session info: chrome=85.0.4183.121)
  (Driver info: chromedriver=2.38.552522 (437e6fbedfa8762dec75e2c5b3ddb86763dc9dcb),platform=Windows NT 10.0.18362 x86_64) (WARNING: The server did not provide any stacktrace information)
Command duration or timeout: 0 milliseconds
Build info: version: &amp;apos;3.14.0&amp;apos;, revision: &amp;apos;aacccce0&amp;apos;, time: &amp;apos;2018-08-02T20:19:58.91Z&amp;apos;
System info: host: &amp;apos;LAPTOP-65H8KDP8&amp;apos;, ip: &amp;apos;10.0.0.11&amp;apos;, os.name: &amp;apos;Windows 10&amp;apos;, os.arch: &amp;apos;amd64&amp;apos;, os.version: &amp;apos;10.0&amp;apos;, java.version: &amp;apos;1.8.0_251&amp;apos;
Driver info: org.openqa.selenium.chrome.ChromeDriver
Capabilities {acceptInsecureCerts: false, acceptSslCerts: false, applicationCacheEnabled: false, browserConnectionEnabled: false, browserName: chrome, chrome: {chromedriverVersion: 2.38.552522 (437e6fbedfa876..., userDataDir: C:\Users\netwo\AppData\Loca...}, cssSelectorsEnabled: true, databaseEnabled: false, handlesAlerts: true, hasTouchScreen: false, javascriptEnabled: true, locationContextEnabled: true, mobileEmulationEnabled: false, nativeEvents: true, networkConnectionEnabled: false, pageLoadStrategy: normal, platform: XP, platformName: XP, rotatable: false, setWindowRect: true, takesHeapSnapshot: true, takesScreenshot: true, unexpectedAlertBehaviour: , unhandledPromptBehavior: , version: 85.0.4183.121, webStorageEnabled: true}
Session ID: a47799f096fd81bfc7f60c623e9bac2b">
      <![CDATA[org.openqa.selenium.ElementNotVisibleException: element not visible
  (Session info: chrome=85.0.4183.121)
  (Driver info: chromedriver=2.38.552522 (437e6fbedfa8762dec75e2c5b3ddb86763dc9dcb),platform=Windows NT 10.0.18362 x86_64) (WARNING: The server did not provide any stacktrace information)
Command duration or timeout: 0 milliseconds
Build info: version: '3.14.0', revision: 'aacccce0', time: '2018-08-02T20:19:58.91Z'
System info: host: 'LAPTOP-65H8KDP8', ip: '10.0.0.11', os.name: 'Windows 10', os.arch: 'amd64', os.version: '10.0', java.version: '1.8.0_251'
Driver info: org.openqa.selenium.chrome.ChromeDriver
Capabilities {acceptInsecureCerts: false, acceptSslCerts: false, applicationCacheEnabled: false, browserConnectionEnabled: false, browserName: chrome, chrome: {chromedriverVersion: 2.38.552522 (437e6fbedfa876..., userDataDir: C:\Users\netwo\AppData\Loca...}, cssSelectorsEnabled: true, databaseEnabled: false, handlesAlerts: true, hasTouchScreen: false, javascriptEnabled: true, locationContextEnabled: true, mobileEmulationEnabled: false, nativeEvents: true, networkConnectionEnabled: false, pageLoadStrategy: normal, platform: XP, platformName: XP, rotatable: false, setWindowRect: true, takesHeapSnapshot: true, takesScreenshot: true, unexpectedAlertBehaviour: , unhandledPromptBehavior: , version: 85.0.4183.121, webStorageEnabled: true}
Session ID: a47799f096fd81bfc7f60c623e9bac2b
	at org.openqa.selenium.remote.ErrorHandler.createThrowable(ErrorHandler.java:214)
	at org.openqa.selenium.remote.ErrorHandler.throwIfResponseFailed(ErrorHandler.java:166)
	at org.openqa.selenium.remote.http.JsonHttpResponseCodec.reconstructValue(JsonHttpResponseCodec.java:40)
	at org.openqa.selenium.remote.http.AbstractHttpResponseCodec.decode(AbstractHttpResponseCodec.java:80)
	at org.openqa.selenium.remote.http.AbstractHttpResponseCodec.decode(AbstractHttpResponseCodec.java:44)
	at org.openqa.selenium.remote.HttpCommandExecutor.execute(HttpCommandExecutor.java:158)
	at org.openqa.selenium.remote.service.DriverCommandExecutor.execute(DriverCommandExecutor.java:83)
	at org.openqa.selenium.remote.RemoteWebDriver.execute(RemoteWebDriver.java:548)
	at org.openqa.selenium.remote.RemoteWebElement.execute(RemoteWebElement.java:276)
	at org.openqa.selenium.remote.RemoteWebElement.click(RemoteWebElement.java:83)
	at org.openqa.selenium.support.pagefactory.internal.LocatingElementHandler.invoke(LocatingElementHandler.java:51)
	at com.sun.proxy.$Proxy9.click(Unknown Source)
	at com.cpcommunity.PageObjects.BasePage.click(BasePage.java:200)
	at com.cpcommunity.PageObjects.MyProfilePage.UnSelectEmailPrivate(MyProfilePage.java:316)
	at com.cpcommunity.testScripts.myprofiletestcases.TC019_Verify_User_is_Able_to_Un_Select_Email_Private.TC019(TC019_Verify_User_is_Able_to_Un_Select_Email_Private.java:35)
	at java.util.concurrent.ThreadPoolExecutor.runWorker(ThreadPoolExecutor.java:1149)
	at java.util.concurrent.ThreadPoolExecutor$Worker.run(ThreadPoolExecutor.java:624)
	at java.lang.Thread.run(Thread.java:748)
... Removed 17 stack frames]]>
    </failure>
  </testcase> <!-- TC019 -->
  <testcase name="TC105" time="309.407" classname="com.cpcommunity.testScripts.community.TC105_Group_Admin_Approve_And_Reject_Group_Requests">
    <skipped/>
  </testcase> <!-- TC105 -->
  <testcase name="TC150" time="402.191" classname="com.cpcommunity.testScripts.Event_Registrations.TC150_Paid_Event_Registration_With_Authorize_From_Event_CheckIn">
    <skipped/>
  </testcase> <!-- TC150 -->
  <testcase name="TC105" time="276.327" classname="com.cpcommunity.testScripts.community.TC105_Group_Admin_Approve_And_Reject_Group_Requests">
    <failure type="org.openqa.selenium.TimeoutException" message="Expected condition failed: waiting for visibility of Proxy element for: AjaxElementLocator &amp;apos;By.xpath: //img[@height=&amp;apos;16&amp;apos;]&amp;apos; (tried for 30 second(s) with 500 milliseconds interval)">
      <![CDATA[org.openqa.selenium.TimeoutException: Expected condition failed: waiting for visibility of Proxy element for: AjaxElementLocator 'By.xpath: //img[@height='16']' (tried for 30 second(s) with 500 milliseconds interval)
	at org.openqa.selenium.support.ui.WebDriverWait.timeoutException(WebDriverWait.java:113)
	at org.openqa.selenium.support.ui.FluentWait.until(FluentWait.java:283)
	at com.cpcommunity.PageObjects.BasePage.waitForElementToPresent(BasePage.java:177)
	at com.cpcommunity.PageObjects.CommunityDetailsPage.navigateToManageGroupMembers(CommunityDetailsPage.java:797)
	at com.cpcommunity.testScripts.community.TC105_Group_Admin_Approve_And_Reject_Group_Requests.TC105(TC105_Group_Admin_Approve_And_Reject_Group_Requests.java:37)
	at java.util.concurrent.ThreadPoolExecutor.runWorker(ThreadPoolExecutor.java:1149)
	at java.util.concurrent.ThreadPoolExecutor$Worker.run(ThreadPoolExecutor.java:624)
	at java.lang.Thread.run(Thread.java:748)
Caused by: org.openqa.selenium.NoSuchElementException: Timed out after 20 seconds. Unable to locate the element
	at org.openqa.selenium.support.pagefactory.AjaxElementLocator.findElement(AjaxElementLocator.java:123)
	at org.openqa.selenium.support.pagefactory.internal.LocatingElementHandler.invoke(LocatingElementHandler.java:38)
	at com.sun.proxy.$Proxy9.isDisplayed(Unknown Source)
	at org.openqa.selenium.support.ui.ExpectedConditions.elementIfVisible(ExpectedConditions.java:315)
	at org.openqa.selenium.support.ui.ExpectedConditions.access$100(ExpectedConditions.java:44)
	at org.openqa.selenium.support.ui.ExpectedConditions$10.apply(ExpectedConditions.java:301)
	at org.openqa.selenium.support.ui.ExpectedConditions$10.apply(ExpectedConditions.java:298)
	at org.openqa.selenium.support.ui.FluentWait.until(FluentWait.java:260)
	... 16 more
Caused by: org.openqa.selenium.NoSuchElementException: no such element: Unable to locate element: {"method":"xpath","selector":"//img[@height='16']"}
  (Session info: chrome=85.0.4183.121)
  (Driver info: chromedriver=2.38.552522 (437e6fbedfa8762dec75e2c5b3ddb86763dc9dcb),platform=Windows NT 10.0.18362 x86_64) (WARNING: The server did not provide any stacktrace information)
Command duration or timeout: 0 milliseconds
For documentation on this error, please visit: http://seleniumhq.org/exceptions/no_such_element.html
Build info: version: '3.14.0', revision: 'aacccce0', time: '2018-08-02T20:19:58.91Z'
System info: host: 'LAPTOP-65H8KDP8', ip: '10.0.0.11', os.name: 'Windows 10', os.arch: 'amd64', os.version: '10.0', java.version: '1.8.0_251'
Driver info: org.openqa.selenium.chrome.ChromeDriver
Capabilities {acceptInsecureCerts: false, acceptSslCerts: false, applicationCacheEnabled: false, browserConnectionEnabled: false, browserName: chrome, chrome: {chromedriverVersion: 2.38.552522 (437e6fbedfa876..., userDataDir: C:\Users\netwo\AppData\Loca...}, cssSelectorsEnabled: true, databaseEnabled: false, handlesAlerts: true, hasTouchScreen: false, javascriptEnabled: true, locationContextEnabled: true, mobileEmulationEnabled: false, nativeEvents: true, networkConnectionEnabled: false, pageLoadStrategy: normal, platform: XP, platformName: XP, rotatable: false, setWindowRect: true, takesHeapSnapshot: true, takesScreenshot: true, unexpectedAlertBehaviour: , unhandledPromptBehavior: , version: 85.0.4183.121, webStorageEnabled: true}
Session ID: f0a69c099e6a6dbfc254093a447910a8
*** Element info: {Using=xpath, value=//img[@height='16']}
	at org.openqa.selenium.remote.ErrorHandler.createThrowable(ErrorHandler.java:214)
	at org.openqa.selenium.remote.ErrorHandler.throwIfResponseFailed(ErrorHandler.java:166)
	at org.openqa.selenium.remote.http.JsonHttpResponseCodec.reconstructValue(JsonHttpResponseCodec.java:40)
	at org.openqa.selenium.remote.http.AbstractHttpResponseCodec.decode(AbstractHttpResponseCodec.java:80)
	at org.openqa.selenium.remote.http.AbstractHttpResponseCodec.decode(AbstractHttpResponseCodec.java:44)
	at org.openqa.selenium.remote.HttpCommandExecutor.execute(HttpCommandExecutor.java:158)
	at org.openqa.selenium.remote.service.DriverCommandExecutor.execute(DriverCommandExecutor.java:83)
	at org.openqa.selenium.remote.RemoteWebDriver.execute(RemoteWebDriver.java:548)
	at org.openqa.selenium.remote.RemoteWebDriver.findElement(RemoteWebDriver.java:322)
	at org.openqa.selenium.remote.RemoteWebDriver.findElementByXPath(RemoteWebDriver.java:424)
	at org.openqa.selenium.By$ByXPath.findElement(By.java:353)
	at org.openqa.selenium.remote.RemoteWebDriver.findElement(RemoteWebDriver.java:314)
	at org.openqa.selenium.support.pagefactory.DefaultElementLocator.findElement(DefaultElementLocator.java:69)
	at org.openqa.selenium.support.pagefactory.AjaxElementLocator.access$001(AjaxElementLocator.java:39)
	at org.openqa.selenium.support.pagefactory.AjaxElementLocator$SlowLoadingElement.isLoaded(AjaxElementLocator.java:194)
	at org.openqa.selenium.support.ui.SlowLoadableComponent.get(SlowLoadableComponent.java:78)
	at org.openqa.selenium.support.pagefactory.AjaxElementLocator.findElement(AjaxElementLocator.java:119)
	... 23 more
... Removed 13 stack frames]]>
    </failure>
  </testcase> <!-- TC105 -->
  <testcase name="TC134" time="588.947" classname="com.cpcommunity.testScripts.advertisments.TC134_Verify_Member_Is_Able_Purchased_Required_Approval_Ad"/>
  <testcase name="TC135" time="558.987" classname="com.cpcommunity.testScripts.advertisments.TC135_Verify_Member_Is_Able_Purchased_Required_Approval_Global_Members_Ad"/>
  <testcase name="TC150" time="367.634" classname="com.cpcommunity.testScripts.Event_Registrations.TC150_Paid_Event_Registration_With_Authorize_From_Event_CheckIn">
    <failure type="org.openqa.selenium.TimeoutException" message="Expected condition failed: waiting for visibility of Proxy element for: AjaxElementLocator &amp;apos;By.xpath: //*[@class=&amp;apos;panel panel-default&amp;apos;]//*[contains(text(),&amp;apos;Success&amp;apos;)]&amp;apos; (tried for 30 second(s) with 500 milliseconds interval)">
      <![CDATA[org.openqa.selenium.TimeoutException: Expected condition failed: waiting for visibility of Proxy element for: AjaxElementLocator 'By.xpath: //*[@class='panel panel-default']//*[contains(text(),'Success')]' (tried for 30 second(s) with 500 milliseconds interval)
	at org.openqa.selenium.support.ui.WebDriverWait.timeoutException(WebDriverWait.java:113)
	at org.openqa.selenium.support.ui.FluentWait.until(FluentWait.java:283)
	at com.cpcommunity.PageObjects.BasePage.waitForPageToLoad(BasePage.java:96)
	at com.cpcommunity.PageObjects.BasePage.openPage(BasePage.java:82)
	at com.cpcommunity.PageObjects.AuthorizeGateway.MakePaymentToEvent(AuthorizeGateway.java:188)
	at com.cpcommunity.testScripts.Event_Registrations.TC150_Paid_Event_Registration_With_Authorize_From_Event_CheckIn.TC150(TC150_Paid_Event_Registration_With_Authorize_From_Event_CheckIn.java:35)
	at java.util.concurrent.ThreadPoolExecutor.runWorker(ThreadPoolExecutor.java:1149)
	at java.util.concurrent.ThreadPoolExecutor$Worker.run(ThreadPoolExecutor.java:624)
	at java.lang.Thread.run(Thread.java:748)
Caused by: org.openqa.selenium.NoSuchElementException: Timed out after 20 seconds. Unable to locate the element
	at org.openqa.selenium.support.pagefactory.AjaxElementLocator.findElement(AjaxElementLocator.java:123)
	at org.openqa.selenium.support.pagefactory.internal.LocatingElementHandler.invoke(LocatingElementHandler.java:38)
	at com.sun.proxy.$Proxy9.isDisplayed(Unknown Source)
	at org.openqa.selenium.support.ui.ExpectedConditions.elementIfVisible(ExpectedConditions.java:315)
	at org.openqa.selenium.support.ui.ExpectedConditions.access$100(ExpectedConditions.java:44)
	at org.openqa.selenium.support.ui.ExpectedConditions$10.apply(ExpectedConditions.java:301)
	at org.openqa.selenium.support.ui.ExpectedConditions$10.apply(ExpectedConditions.java:298)
	at org.openqa.selenium.support.ui.FluentWait.until(FluentWait.java:260)
	... 17 more
Caused by: org.openqa.selenium.NoSuchElementException: no such element: Unable to locate element: {"method":"xpath","selector":"//*[@class='panel panel-default']//*[contains(text(),'Success')]"}
  (Session info: chrome=85.0.4183.121)
  (Driver info: chromedriver=2.38.552522 (437e6fbedfa8762dec75e2c5b3ddb86763dc9dcb),platform=Windows NT 10.0.18362 x86_64) (WARNING: The server did not provide any stacktrace information)
Command duration or timeout: 0 milliseconds
For documentation on this error, please visit: http://seleniumhq.org/exceptions/no_such_element.html
Build info: version: '3.14.0', revision: 'aacccce0', time: '2018-08-02T20:19:58.91Z'
System info: host: 'LAPTOP-65H8KDP8', ip: '10.0.0.11', os.name: 'Windows 10', os.arch: 'amd64', os.version: '10.0', java.version: '1.8.0_251'
Driver info: org.openqa.selenium.chrome.ChromeDriver
Capabilities {acceptInsecureCerts: false, acceptSslCerts: false, applicationCacheEnabled: false, browserConnectionEnabled: false, browserName: chrome, chrome: {chromedriverVersion: 2.38.552522 (437e6fbedfa876..., userDataDir: C:\Users\netwo\AppData\Loca...}, cssSelectorsEnabled: true, databaseEnabled: false, handlesAlerts: true, hasTouchScreen: false, javascriptEnabled: true, locationContextEnabled: true, mobileEmulationEnabled: false, nativeEvents: true, networkConnectionEnabled: false, pageLoadStrategy: normal, platform: XP, platformName: XP, rotatable: false, setWindowRect: true, takesHeapSnapshot: true, takesScreenshot: true, unexpectedAlertBehaviour: , unhandledPromptBehavior: , version: 85.0.4183.121, webStorageEnabled: true}
Session ID: 841a691f2a4b20fc221880b1873a6c4d
*** Element info: {Using=xpath, value=//*[@class='panel panel-default']//*[contains(text(),'Success')]}
	at org.openqa.selenium.remote.ErrorHandler.createThrowable(ErrorHandler.java:214)
	at org.openqa.selenium.remote.ErrorHandler.throwIfResponseFailed(ErrorHandler.java:166)
	at org.openqa.selenium.remote.http.JsonHttpResponseCodec.reconstructValue(JsonHttpResponseCodec.java:40)
	at org.openqa.selenium.remote.http.AbstractHttpResponseCodec.decode(AbstractHttpResponseCodec.java:80)
	at org.openqa.selenium.remote.http.AbstractHttpResponseCodec.decode(AbstractHttpResponseCodec.java:44)
	at org.openqa.selenium.remote.HttpCommandExecutor.execute(HttpCommandExecutor.java:158)
	at org.openqa.selenium.remote.service.DriverCommandExecutor.execute(DriverCommandExecutor.java:83)
	at org.openqa.selenium.remote.RemoteWebDriver.execute(RemoteWebDriver.java:548)
	at org.openqa.selenium.remote.RemoteWebDriver.findElement(RemoteWebDriver.java:322)
	at org.openqa.selenium.remote.RemoteWebDriver.findElementByXPath(RemoteWebDriver.java:424)
	at org.openqa.selenium.By$ByXPath.findElement(By.java:353)
	at org.openqa.selenium.remote.RemoteWebDriver.findElement(RemoteWebDriver.java:314)
	at org.openqa.selenium.support.pagefactory.DefaultElementLocator.findElement(DefaultElementLocator.java:69)
	at org.openqa.selenium.support.pagefactory.AjaxElementLocator.access$001(AjaxElementLocator.java:39)
	at org.openqa.selenium.support.pagefactory.AjaxElementLocator$SlowLoadingElement.isLoaded(AjaxElementLocator.java:194)
	at org.openqa.selenium.support.ui.SlowLoadableComponent.get(SlowLoadableComponent.java:78)
	at org.openqa.selenium.support.pagefactory.AjaxElementLocator.findElement(AjaxElementLocator.java:119)
	... 24 more
... Removed 13 stack frames]]>
    </failure>
  </testcase> <!-- TC150 -->
  <testcase name="@BeforeSuite setUpFramework" time="0.0" classname="com.cpcommunity.testScripts.community.BaseTest">
    <ignored/>
  </testcase> <!-- @BeforeSuite setUpFramework -->
  <testcase name="@BeforeSuite setUpFramework" time="0.0" classname="com.cpcommunity.testScripts.community.BaseTest">
    <ignored/>
  </testcase> <!-- @BeforeSuite setUpFramework -->
  <testcase name="@BeforeSuite setUpFramework" time="0.0" classname="com.cpcommunity.testScripts.community.BaseTest">
    <ignored/>
  </testcase> <!-- @BeforeSuite setUpFramework -->
  <testcase name="@BeforeSuite setUpFramework" time="0.0" classname="com.cpcommunity.testScripts.community.BaseTest">
    <ignored/>
  </testcase> <!-- @BeforeSuite setUpFramework -->
  <testcase name="@BeforeSuite setUpFramework" time="0.0" classname="com.cpcommunity.testScripts.community.BaseTest">
    <ignored/>
  </testcase> <!-- @BeforeSuite setUpFramework -->
  <testcase name="@AfterSuite sendmail" time="0.0" classname="com.cpcommunity.testScripts.community.BaseTest">
    <ignored/>
  </testcase> <!-- @AfterSuite sendmail -->
  <testcase name="@AfterSuite sendmail" time="0.0" classname="com.cpcommunity.testScripts.community.BaseTest">
    <ignored/>
  </testcase> <!-- @AfterSuite sendmail -->
  <testcase name="@AfterSuite sendmail" time="0.0" classname="com.cpcommunity.testScripts.community.BaseTest">
    <ignored/>
  </testcase> <!-- @AfterSuite sendmail -->
  <testcase name="@AfterSuite sendmail" time="0.0" classname="com.cpcommunity.testScripts.community.BaseTest">
    <ignored/>
  </testcase> <!-- @AfterSuite sendmail -->
  <testcase name="@AfterSuite sendmail" time="0.0" classname="com.cpcommunity.testScripts.community.BaseTest">
    <ignored/>
  </testcase> <!-- @AfterSuite sendmail -->
</testsuite> <!-- Test9 -->
