<html>
<head>
<title>TestNG:  Test4</title>
<link href="../testng.css" rel="stylesheet" type="text/css" />
<link href="../my-testng.css" rel="stylesheet" type="text/css" />

<style type="text/css">
.log { display: none;} 
.stack-trace { display: none;} 
</style>
<script type="text/javascript">
<!--
function flip(e) {
  current = e.style.display;
  if (current == 'block') {
    e.style.display = 'none';
    return 0;
  }
  else {
    e.style.display = 'block';
    return 1;
  }
}

function toggleBox(szDivId, elem, msg1, msg2)
{
  var res = -1;  if (document.getElementById) {
    res = flip(document.getElementById(szDivId));
  }
  else if (document.all) {
    // this is the way old msie versions work
    res = flip(document.all[szDivId]);
  }
  if(elem) {
    if(res == 0) elem.innerHTML = msg1; else elem.innerHTML = msg2;
  }

}

function toggleAllBoxes() {
  if (document.getElementsByTagName) {
    d = document.getElementsByTagName('div');
    for (i = 0; i < d.length; i++) {
      if (d[i].className == 'log') {
        flip(d[i]);
      }
    }
  }
}

// -->
</script>

</head>
<body>
<h2 align='center'>Test4</h2><table border='1' align="center">
<tr>
<td>Tests passed/Failed/Skipped:</td><td>15/1/1</td>
</tr><tr>
<td>Started on:</td><td>Mon Oct 05 01:38:17 EDT 2020</td>
</tr>
<tr><td>Total time:</td><td>604 seconds (604619 ms)</td>
</tr><tr>
<td>Included groups:</td><td></td>
</tr><tr>
<td>Excluded groups:</td><td></td>
</tr>
</table><p/>
<small><i>(Hover the method name to see the test class name)</i></small><p/>
<table width='100%' border='1' class='invocation-failed'>
<tr><td colspan='4' align='center'><b>FAILED TESTS</b></td></tr>
<tr><td><b>Test method</b></td>
<td width="30%"><b>Exception</b></td>
<td width="10%"><b>Time (seconds)</b></td>
<td><b>Instance</b></td>
</tr>
<tr>
<td title='com.cpcommunity.testScripts.community.TC182_Verify_CA_Is_Not_Able_To_Create_Paid_Membership_Plan_Without_PG_Configuration.TC182()'><b>TC182</b><br>Test class: com.cpcommunity.testScripts.community.TC182_Verify_CA_Is_Not_Able_To_Create_Paid_Membership_Plan_Without_PG_Configuration<br>Parameters: {name=Paid membership, membershipPlanDescription=Please check back soon….., Test Descrption=TC182_Verify_CA_Is_Not_Able_To_Create_Paid_Membership_Plan_Without_Payment_Gateway_Configuration, duration=9, Runmode=Y, durationType=Days, browser=chrome, price=9, communityName=Community 2 -, email=andrew74444@gmail.com, password=Admin@123}</td>
<td><div><pre>org.openqa.selenium.NoSuchElementException: Timed out after 20 seconds. Unable to locate the element
	at org.openqa.selenium.support.pagefactory.AjaxElementLocator.findElement(AjaxElementLocator.java:123)
	at org.openqa.selenium.support.pagefactory.internal.LocatingElementHandler.invoke(LocatingElementHandler.java:38)
	at com.sun.proxy.$Proxy9.getWrappedElement(Unknown Source)
	at org.openqa.selenium.remote.internal.WebElementToJsonConverter.apply(WebElementToJsonConverter.java:50)
	at java.util.stream.ReferencePipeline$3$1.accept(ReferencePipeline.java:193)
	at java.util.Spliterators$ArraySpliterator.forEachRemaining(Spliterators.java:948)
	at java.util.stream.AbstractPipeline.copyInto(AbstractPipeline.java:482)
	at java.util.stream.AbstractPipeline.wrapAndCopyInto(AbstractPipeline.java:472)
	at java.util.stream.ReduceOps$ReduceOp.evaluateSequential(ReduceOps.java:708)
	at java.util.stream.AbstractPipeline.evaluate(AbstractPipeline.java:234)
	at java.util.stream.ReferencePipeline.collect(ReferencePipeline.java:499)
	at org.openqa.selenium.remote.RemoteWebDriver.executeScript(RemoteWebDriver.java:480)
	at com.cpcommunity.PageObjects.BasePage.highlightElement(BasePage.java:511)
	at com.cpcommunity.PageObjects.BasePage.click(BasePage.java:199)
	at com.cpcommunity.PageObjects.CommunityDashboardPage.navigateToMembershipPlans(CommunityDashboardPage.java:187)
	at com.cpcommunity.testScripts.community.TC182_Verify_CA_Is_Not_Able_To_Create_Paid_Membership_Plan_Without_PG_Configuration.TC182(TC182_Verify_CA_Is_Not_Able_To_Create_Paid_Membership_Plan_Without_PG_Configuration.java:32)
	at java.util.concurrent.ThreadPoolExecutor.runWorker(ThreadPoolExecutor.java:1149)
	at java.util.concurrent.ThreadPoolExecutor$Worker.run(ThreadPoolExecutor.java:624)
	at java.lang.Thread.run(Thread.java:748)
Caused by: org.openqa.selenium.NoSuchElementException: no such element: Unable to locate element: {&quot;method&quot;:&quot;xpath&quot;,&quot;selector&quot;:&quot;//a[contains(text(),&apos;Membership Plans&apos;)]&quot;}
  (Session info: chrome=85.0.4183.121)
  (Driver info: chromedriver=2.38.552522 (437e6fbedfa8762dec75e2c5b3ddb86763dc9dcb),platform=Windows NT 10.0.18362 x86_64) (WARNING: The server did not provide any stacktrace information)
Command duration or timeout: 0 milliseconds
For documentation on this error, please visit: http://seleniumhq.org/exceptions/no_such_element.html
Build info: version: &apos;3.14.0&apos;, revision: &apos;aacccce0&apos;, time: &apos;2018-08-02T20:19:58.91Z&apos;
System info: host: &apos;LAPTOP-65H8KDP8&apos;, ip: &apos;10.0.0.11&apos;, os.name: &apos;Windows 10&apos;, os.arch: &apos;amd64&apos;, os.version: &apos;10.0&apos;, java.version: &apos;1.8.0_251&apos;
Driver info: org.openqa.selenium.chrome.ChromeDriver
Capabilities {acceptInsecureCerts: false, acceptSslCerts: false, applicationCacheEnabled: false, browserConnectionEnabled: false, browserName: chrome, chrome: {chromedriverVersion: 2.38.552522 (437e6fbedfa876..., userDataDir: C:\Users\netwo\AppData\Loca...}, cssSelectorsEnabled: true, databaseEnabled: false, handlesAlerts: true, hasTouchScreen: false, javascriptEnabled: true, locationContextEnabled: true, mobileEmulationEnabled: false, nativeEvents: true, networkConnectionEnabled: false, pageLoadStrategy: normal, platform: XP, platformName: XP, rotatable: false, setWindowRect: true, takesHeapSnapshot: true, takesScreenshot: true, unexpectedAlertBehaviour: , unhandledPromptBehavior: , version: 85.0.4183.121, webStorageEnabled: true}
Session ID: 56fe0f2de9f6f03fc71ef5b23db7de99
*** Element info: {Using=xpath, value=//a[contains(text(),&apos;Membership Plans&apos;)]}
	at org.openqa.selenium.remote.ErrorHandler.createThrowable(ErrorHandler.java:214)
	at org.openqa.selenium.remote.ErrorHandler.throwIfResponseFailed(ErrorHandler.java:166)
	at org.openqa.selenium.remote.http.JsonHttpResponseCodec.reconstructValue(JsonHttpResponseCodec.java:40)
	at org.openqa.selenium.remote.http.AbstractHttpResponseCodec.decode(AbstractHttpResponseCodec.java:80)
	at org.openqa.selenium.remote.http.AbstractHttpResponseCodec.decode(AbstractHttpResponseCodec.java:44)
	at org.openqa.selenium.remote.HttpCommandExecutor.execute(HttpCommandExecutor.java:158)
	at org.openqa.selenium.remote.service.DriverCommandExecutor.execute(DriverCommandExecutor.java:83)
	at org.openqa.selenium.remote.RemoteWebDriver.execute(RemoteWebDriver.java:548)
	at org.openqa.selenium.remote.RemoteWebDriver.findElement(RemoteWebDriver.java:322)
	at org.openqa.selenium.remote.RemoteWebDriver.findElementByXPath(RemoteWebDriver.java:424)
	at org.openqa.selenium.By$ByXPath.findElement(By.java:353)
	at org.openqa.selenium.remote.RemoteWebDriver.findElement(RemoteWebDriver.java:314)
	at org.openqa.selenium.support.pagefactory.DefaultElementLocator.findElement(DefaultElementLocator.java:69)
	at org.openqa.selenium.support.pagefactory.AjaxElementLocator.access$001(AjaxElementLocator.java:39)
	at org.openqa.selenium.support.pagefactory.AjaxElementLocator$SlowLoadingElement.isLoaded(AjaxElementLocator.java:194)
	at org.openqa.selenium.support.ui.SlowLoadableComponent.get(SlowLoadableComponent.java:78)
	at org.openqa.selenium.support.pagefactory.AjaxElementLocator.findElement(AjaxElementLocator.java:119)
	... 28 more
... Removed 13 stack frames</pre></div><a href='#' onClick='toggleBox("stack-trace1228637002", this, "Click to show all stack frames", "Click to hide stack frames")'>Click to show all stack frames</a>
<div class='stack-trace' id='stack-trace1228637002'><pre>org.openqa.selenium.NoSuchElementException: Timed out after 20 seconds. Unable to locate the element
	at org.openqa.selenium.support.pagefactory.AjaxElementLocator.findElement(AjaxElementLocator.java:123)
	at org.openqa.selenium.support.pagefactory.internal.LocatingElementHandler.invoke(LocatingElementHandler.java:38)
	at com.sun.proxy.$Proxy9.getWrappedElement(Unknown Source)
	at org.openqa.selenium.remote.internal.WebElementToJsonConverter.apply(WebElementToJsonConverter.java:50)
	at java.util.stream.ReferencePipeline$3$1.accept(ReferencePipeline.java:193)
	at java.util.Spliterators$ArraySpliterator.forEachRemaining(Spliterators.java:948)
	at java.util.stream.AbstractPipeline.copyInto(AbstractPipeline.java:482)
	at java.util.stream.AbstractPipeline.wrapAndCopyInto(AbstractPipeline.java:472)
	at java.util.stream.ReduceOps$ReduceOp.evaluateSequential(ReduceOps.java:708)
	at java.util.stream.AbstractPipeline.evaluate(AbstractPipeline.java:234)
	at java.util.stream.ReferencePipeline.collect(ReferencePipeline.java:499)
	at org.openqa.selenium.remote.RemoteWebDriver.executeScript(RemoteWebDriver.java:480)
	at com.cpcommunity.PageObjects.BasePage.highlightElement(BasePage.java:511)
	at com.cpcommunity.PageObjects.BasePage.click(BasePage.java:199)
	at com.cpcommunity.PageObjects.CommunityDashboardPage.navigateToMembershipPlans(CommunityDashboardPage.java:187)
	at com.cpcommunity.testScripts.community.TC182_Verify_CA_Is_Not_Able_To_Create_Paid_Membership_Plan_Without_PG_Configuration.TC182(TC182_Verify_CA_Is_Not_Able_To_Create_Paid_Membership_Plan_Without_PG_Configuration.java:32)
	at sun.reflect.NativeMethodAccessorImpl.invoke0(Native Method)
	at sun.reflect.NativeMethodAccessorImpl.invoke(NativeMethodAccessorImpl.java:62)
	at sun.reflect.DelegatingMethodAccessorImpl.invoke(DelegatingMethodAccessorImpl.java:43)
	at java.lang.reflect.Method.invoke(Method.java:498)
	at org.testng.internal.MethodInvocationHelper.invokeMethod(MethodInvocationHelper.java:108)
	at org.testng.internal.Invoker.invokeMethod(Invoker.java:661)
	at org.testng.internal.Invoker.retryFailed(Invoker.java:1014)
	at org.testng.internal.Invoker.invokeTestMethods(Invoker.java:1215)
	at org.testng.internal.TestMethodWorker.invokeTestMethods(TestMethodWorker.java:126)
	at org.testng.internal.TestMethodWorker.run(TestMethodWorker.java:109)
	at java.util.concurrent.ThreadPoolExecutor.runWorker(ThreadPoolExecutor.java:1149)
	at java.util.concurrent.ThreadPoolExecutor$Worker.run(ThreadPoolExecutor.java:624)
	at java.lang.Thread.run(Thread.java:748)
Caused by: org.openqa.selenium.NoSuchElementException: no such element: Unable to locate element: {&quot;method&quot;:&quot;xpath&quot;,&quot;selector&quot;:&quot;//a[contains(text(),&apos;Membership Plans&apos;)]&quot;}
  (Session info: chrome=85.0.4183.121)
  (Driver info: chromedriver=2.38.552522 (437e6fbedfa8762dec75e2c5b3ddb86763dc9dcb),platform=Windows NT 10.0.18362 x86_64) (WARNING: The server did not provide any stacktrace information)
Command duration or timeout: 0 milliseconds
For documentation on this error, please visit: http://seleniumhq.org/exceptions/no_such_element.html
Build info: version: &apos;3.14.0&apos;, revision: &apos;aacccce0&apos;, time: &apos;2018-08-02T20:19:58.91Z&apos;
System info: host: &apos;LAPTOP-65H8KDP8&apos;, ip: &apos;10.0.0.11&apos;, os.name: &apos;Windows 10&apos;, os.arch: &apos;amd64&apos;, os.version: &apos;10.0&apos;, java.version: &apos;1.8.0_251&apos;
Driver info: org.openqa.selenium.chrome.ChromeDriver
Capabilities {acceptInsecureCerts: false, acceptSslCerts: false, applicationCacheEnabled: false, browserConnectionEnabled: false, browserName: chrome, chrome: {chromedriverVersion: 2.38.552522 (437e6fbedfa876..., userDataDir: C:\Users\netwo\AppData\Loca...}, cssSelectorsEnabled: true, databaseEnabled: false, handlesAlerts: true, hasTouchScreen: false, javascriptEnabled: true, locationContextEnabled: true, mobileEmulationEnabled: false, nativeEvents: true, networkConnectionEnabled: false, pageLoadStrategy: normal, platform: XP, platformName: XP, rotatable: false, setWindowRect: true, takesHeapSnapshot: true, takesScreenshot: true, unexpectedAlertBehaviour: , unhandledPromptBehavior: , version: 85.0.4183.121, webStorageEnabled: true}
Session ID: 56fe0f2de9f6f03fc71ef5b23db7de99
*** Element info: {Using=xpath, value=//a[contains(text(),&apos;Membership Plans&apos;)]}
	at sun.reflect.GeneratedConstructorAccessor77.newInstance(Unknown Source)
	at sun.reflect.DelegatingConstructorAccessorImpl.newInstance(DelegatingConstructorAccessorImpl.java:45)
	at java.lang.reflect.Constructor.newInstance(Constructor.java:423)
	at org.openqa.selenium.remote.ErrorHandler.createThrowable(ErrorHandler.java:214)
	at org.openqa.selenium.remote.ErrorHandler.throwIfResponseFailed(ErrorHandler.java:166)
	at org.openqa.selenium.remote.http.JsonHttpResponseCodec.reconstructValue(JsonHttpResponseCodec.java:40)
	at org.openqa.selenium.remote.http.AbstractHttpResponseCodec.decode(AbstractHttpResponseCodec.java:80)
	at org.openqa.selenium.remote.http.AbstractHttpResponseCodec.decode(AbstractHttpResponseCodec.java:44)
	at org.openqa.selenium.remote.HttpCommandExecutor.execute(HttpCommandExecutor.java:158)
	at org.openqa.selenium.remote.service.DriverCommandExecutor.execute(DriverCommandExecutor.java:83)
	at org.openqa.selenium.remote.RemoteWebDriver.execute(RemoteWebDriver.java:548)
	at org.openqa.selenium.remote.RemoteWebDriver.findElement(RemoteWebDriver.java:322)
	at org.openqa.selenium.remote.RemoteWebDriver.findElementByXPath(RemoteWebDriver.java:424)
	at org.openqa.selenium.By$ByXPath.findElement(By.java:353)
	at org.openqa.selenium.remote.RemoteWebDriver.findElement(RemoteWebDriver.java:314)
	at org.openqa.selenium.support.pagefactory.DefaultElementLocator.findElement(DefaultElementLocator.java:69)
	at org.openqa.selenium.support.pagefactory.AjaxElementLocator.access$001(AjaxElementLocator.java:39)
	at org.openqa.selenium.support.pagefactory.AjaxElementLocator$SlowLoadingElement.isLoaded(AjaxElementLocator.java:194)
	at org.openqa.selenium.support.ui.SlowLoadableComponent.get(SlowLoadableComponent.java:78)
	at org.openqa.selenium.support.pagefactory.AjaxElementLocator.findElement(AjaxElementLocator.java:119)
	... 28 more
</pre></div></td>
<td>157</td>
<td>com.cpcommunity.testScripts.community.TC182_Verify_CA_Is_Not_Able_To_Create_Paid_Membership_Plan_Without_PG_Configuration@5891e32e</td></tr>
</table><p>
<table width='100%' border='1' class='invocation-passed'>
<tr><td colspan='4' align='center'><b>PASSED TESTS</b></td></tr>
<tr><td><b>Test method</b></td>
<td width="30%"><b>Exception</b></td>
<td width="10%"><b>Time (seconds)</b></td>
<td><b>Instance</b></td>
</tr>
<tr>
<td title='com.cpcommunity.testScripts.community.TC174_Verify_CA_Is_Not_Able_Configure_Membership_Plan_More_Than_Pricing_Plan_Duration.TC001()'><b>TC001</b><br>Test class: com.cpcommunity.testScripts.community.TC174_Verify_CA_Is_Not_Able_Configure_Membership_Plan_More_Than_Pricing_Plan_Duration<br>Parameters: {additionalDetails=Event Management Prefered , communityName=Community 1 -, jobTypeID=Contract, remarks=immediate joining required, makeGlobal=Yes, browser=chrome, OtherName=Other Name, planName=All Plans 1, email2=curatora99@gmail.com, About=Please check back soon, email1=connectproemqa@gmail.com, resume=\src\test\resources\testImages\Files\ChromePDF1.pdf, name=Silver, description=As a Business Analyst, you will be –

· Working closely with internal, external stakeholders and end users to understand their business objectives and processes.

· Leading the requirement collection activities including creating workshop and interview schedules and agenda.

· Facilitating requirement gathering workshops and interviews to identify, translate and document business and user needs into detailed, testable and verifiable business, functional and system requirement specifications

· Facilitating communications between solution architects, developers, quality assurance analysts and business users as required throughout the requirement analysis, design and testing phases to ensure the defined requirements are interpreted correctly

· Draft the functional requirements documents as use cases or user stories. Create mock up screens wherever required.

· Coordinating with UI designer to ensure the UI design is in-line with the requirements at hand.

· Creating and maintaining project deliverables as defined by the Project Development methodology, be it SDLC or Agile.

· Working closely with the Solutions practice project manager(s) and delivery manager to help defining project scope. Working closely with the quality assurance lead and the business users during system testing and user acceptance testing to ensure that requirements are thoroughly tested and if necessary assist with executing test cases.

· Participating in the creation of end user and system training plans and documentation, facilitate training sessions

· Collaborating with the Solutions team on new business proposals and projects which may require the collection, analysis and documentation of information and/or data

Skills & Qualifications

· 3 - 5 years of experience as a Business Analyst

· Experience with formal project management methodologies, best practices, system development life-cycle and product development life-cycle

· Experience working with off-shore development and testing teams

· Experience with translating business and user needs into detailed, testable and verifiable business, functional and system requirement specifications preferably for web based applications

· Experience with documenting specifications for business intelligence or information technology reports, dashboards

· Experience with business process design techniques

· Experience with Microsoft office suite of products

· Must possess strong interpersonal, communication and presentation skills

· Must be capable of gaining client and end user confidence and trust

· Awareness and understanding of web technology architectures and web user interface design techniques

· Must be willing to occasionally work additional hours to support the needs of the business

· Must be capable of maintaining a high level of productivity in a dynamic and fast paced environment

· Bachelor’s degree in Information Sciences, Information Technologies, Business Science, and Computer Science preferred

· IIBA, PMP or six sigma certification a plus

· Applicants must be able to provide samples of documentation they have authored., BuildingRelationship=Building Relationship, Branding=Branding, groupDescription=Please check back soon...., location=Madhapur, Hyderabad, city=Hyderabad, durationType=Day(s), billingRate=$20-$25, Networking=Networking, email=andrew74444@gmail.com, duration=1, jobTitle=Business Analyst, paymentMethod=authorize, logoImagePath=\src\test\resources\testImages\ExeFiles\ChromeImage4.exe, price=10, password=Admin@123, paymentGateway=authorize, membershipPlan=Advertisements, groupType=Public, Category=Learning, Runmode=Y, optionalMessage=Ready to join in 5 days, InvestInBusiness=InvestIn Business, Marketing=Marketing, groupCategory=Music, membershipPlanDescription=SheTek is addressing the need to increase the percentage of women represented in the technology industry. Our SheTek Community supports a pipeline of talent that is highly skilled and job ready. This unique community is powered through partnerships and collaborations to provide training, mentorship, and internships that lead to job placements through SheTek Staffing Services. We also empower women entrepreneurs through our technology offerings by giving them access to solutions and CTO services that help them grow their business., Other=no other, Test Descrption=TC001_Purchase_Pricing_Plan_With_PayPal, GrowMyBusiness=Grow My Business, groupName=Public Group 1, state=Telangana, type=Public}</td>
<td></td>
<td>110</td>
<td>com.cpcommunity.testScripts.community.TC174_Verify_CA_Is_Not_Able_Configure_Membership_Plan_More_Than_Pricing_Plan_Duration@7403c468</td></tr>
<tr>
<td title='com.cpcommunity.testScripts.myprofiletestcases.TC017_Verify_User_is_Able_to_Select_Public_Radio_Button.TC017()'><b>TC017</b><br>Test class: com.cpcommunity.testScripts.myprofiletestcases.TC017_Verify_User_is_Able_to_Select_Public_Radio_Button<br>Parameters: {Test Descrption=TC017_Verify_User_is_Able_to_Select_Public_Radio_Button, password=Admin@123, email=andrew74444@gmail.com, browser=chrome, Runmode=Y}</td>
<td></td>
<td>101</td>
<td>com.cpcommunity.testScripts.myprofiletestcases.TC017_Verify_User_is_Able_to_Select_Public_Radio_Button@553a3d88</td></tr>
<tr>
<td title='com.cpcommunity.testScripts.myprofiletestcases.TC025_Verify_User_Is_Able_To_Delete_Skills.TC025()'><b>TC025</b><br>Test class: com.cpcommunity.testScripts.myprofiletestcases.TC025_Verify_User_Is_Able_To_Delete_Skills<br>Parameters: {Test Descrption=TC025_Verify_User_Is_Able_To_Delete_Skills, password=Admin@123, email=andrew74444@gmail.com, browser=chrome, Runmode=Y}</td>
<td></td>
<td>74</td>
<td>com.cpcommunity.testScripts.myprofiletestcases.TC025_Verify_User_Is_Able_To_Delete_Skills@23fe1d71</td></tr>
<tr>
<td title='com.cpcommunity.testScripts.community.TC035_Create_Community_With_Rejected_Community_Name.TC035()'><b>TC035</b><br>Test class: com.cpcommunity.testScripts.community.TC035_Create_Community_With_Rejected_Community_Name<br>Parameters: {About=Please check back soon, InvestInBusiness=InvestIn Business, Test Descrption=TC035_Create_Community_With_Rejected_Community_Name, Branding=Branding, Runmode=Y, OtherName=Other Name, Other=no other, browser=chrome, communityName=Virtual Business -, BuildingRelationship=Building Relationship, Marketing=Marketing, email=curatora99@gmail.com, type=Private, Networking=Networking, GrowMyBusiness=Grow My Business, Category=Learning, password=Admin@123}</td>
<td></td>
<td>127</td>
<td>com.cpcommunity.testScripts.community.TC035_Create_Community_With_Rejected_Community_Name@cb0ed20</td></tr>
<tr>
<td title='com.cpcommunity.testScripts.community.TC039_Edit_Community.TC039()'><b>TC039</b><br>Test class: com.cpcommunity.testScripts.community.TC039_Edit_Community<br>Parameters: {Branding=Branding, password=Admin@123, Test Descrption=TC039_Edit_Community, OtherName=OtherName, GrowMyBusiness=Grow My Business, TwitterUrl=https://twitter.com/PamTen_Inc, website=https://www.pamten.com/, type=Private, InvestInBusiness=InvestIn Business, communityName=Community -, LogoImagePath=, CityName=Princeton, About=Please check back soon, Runmode=Y, Other=no other, ImagePath=, BuildingRelationship=Building Relationship, email=andrew74444@gmail.com, Marketing=Marketing, Category=Learning, FacebookUrl=https://www.facebook.com/pages/PamTen/322853384488287?ref=hl, LinkedInUrl=http://www.linkedin.com/company/pamten/, StateName=New jersey, browser=chrome, Networking=Networking, CommunityUpdate=we will have event soon on 31 Dec, 2019. Get ready!!!}</td>
<td></td>
<td>297</td>
<td>com.cpcommunity.testScripts.community.TC039_Edit_Community@8e24743</td></tr>
<tr>
<td title='com.cpcommunity.testScripts.community.TC040_Community_Admin_Invite_Members.TC040()'><b>TC040</b><br>Test class: com.cpcommunity.testScripts.community.TC040_Community_Admin_Invite_Members<br>Parameters: {email7=justinchamp111@gmail.com, email6=elizabeth.evans003@gmail.com, email5=brooksalex796@gmail.com, email4=harleydavid463@gmail.com, Test Descrption=TC040_Community_Admin_Invite_Members, email3=nancycarton2@gmail.com, email2=nancykemper463@gmail.com, email1=curatora99@gmail.com, Runmode=Y, browser=chrome, communityName=Community -, email=andrew74444@gmail.com, password=Admin@123}</td>
<td></td>
<td>235</td>
<td>com.cpcommunity.testScripts.community.TC040_Community_Admin_Invite_Members@74a10858</td></tr>
<tr>
<td title='com.cpcommunity.testScripts.community.TC052_Community_Admin_Create_Groups.TC052()'><b>TC052</b><br>Test class: com.cpcommunity.testScripts.community.TC052_Community_Admin_Create_Groups<br>Parameters: {Description=Please check back soon...., Test Descrption=TC052_Community_Admin_Create_Groups, Runmode=Y, Name=Public Group, CityName=Hyderabad, browser=chrome, GroupTypeName=Public, communityName=Community -, email=andrew74444@gmail.com, ImagePath=\src\test\resources\testImages\ExeFiles\ChromeImage4.exe, StateName=Telangana, password=Admin@123, CategoryName=Music}</td>
<td></td>
<td>174</td>
<td>com.cpcommunity.testScripts.community.TC052_Community_Admin_Create_Groups@28ac3dc3</td></tr>
<tr>
<td title='com.cpcommunity.testScripts.community.TC052_Community_Admin_Create_Groups.TC052()'><b>TC052</b><br>Test class: com.cpcommunity.testScripts.community.TC052_Community_Admin_Create_Groups<br>Parameters: {Description=Please check back soon...., Test Descrption=TC052_Community_Admin_Create_Groups, Runmode=Y, Name=Private Group, CityName=Hyderabad, browser=chrome, GroupTypeName=Private, communityName=Community -, email=andrew74444@gmail.com, ImagePath=\src\test\resources\testImages\ExeFiles\ChromeImage4.exe, StateName=Telangana, password=Admin@123, CategoryName=Music}</td>
<td></td>
<td>199</td>
<td>com.cpcommunity.testScripts.community.TC052_Community_Admin_Create_Groups@28ac3dc3</td></tr>
<tr>
<td title='com.cpcommunity.testScripts.community.TC079_Share_Posts_in_Communities.TC079()'><b>TC079</b><br>Test class: com.cpcommunity.testScripts.community.TC079_Share_Posts_in_Communities<br>Parameters: {linkURL=https://www.pamten.com/, PostMessage=Hi…Glad to see you all again…..!!!!, Test Descrption=TC079_Share_Posts_in_Communities, postComment=Hi Nice to see you back ….. !!!!!, Runmode=Y, linkName=Pamten, postImage=D:\workspace\CPCommunityQA\src\main\resources\configfile\ExeFiles\ChromeImage6.exe, browser=chrome, communityName=Community -, email=andrew74444@gmail.com, password=Admin@123, postFile=D:\workspace\CPCommunityQA\src\main\resources\configfile\ExeFiles\ChromePDF1.exe}</td>
<td></td>
<td>158</td>
<td>com.cpcommunity.testScripts.community.TC079_Share_Posts_in_Communities@32eebfca</td></tr>
<tr>
<td title='com.cpcommunity.testScripts.community.TC128_Create_Job_Requirement.TC128()'><b>TC128</b><br>Test class: com.cpcommunity.testScripts.community.TC128_Create_Job_Requirement<br>Parameters: {Description=As a Business Analyst, you will be –

· Working closely with internal, external stakeholders and end users to understand their business objectives and processes.

· Leading the requirement collection activities including creating workshop and interview schedules and agenda.

· Facilitating requirement gathering workshops and interviews to identify, translate and document business and user needs into detailed, testable and verifiable business, functional and system requirement specifications

· Facilitating communications between solution architects, developers, quality assurance analysts and business users as required throughout the requirement analysis, design and testing phases to ensure the defined requirements are interpreted correctly

· Draft the functional requirements documents as use cases or user stories. Create mock up screens wherever required.

· Coordinating with UI designer to ensure the UI design is in-line with the requirements at hand.

· Creating and maintaining project deliverables as defined by the Project Development methodology, be it SDLC or Agile.

· Working closely with the Solutions practice project manager(s) and delivery manager to help defining project scope. Working closely with the quality assurance lead and the business users during system testing and user acceptance testing to ensure that requirements are thoroughly tested and if necessary assist with executing test cases.

· Participating in the creation of end user and system training plans and documentation, facilitate training sessions

· Collaborating with the Solutions team on new business proposals and projects which may require the collection, analysis and documentation of information and/or data

Skills & Qualifications

· 3 - 5 years of experience as a Business Analyst

· Experience with formal project management methodologies, best practices, system development life-cycle and product development life-cycle

· Experience working with off-shore development and testing teams

· Experience with translating business and user needs into detailed, testable and verifiable business, functional and system requirement specifications preferably for web based applications

· Experience with documenting specifications for business intelligence or information technology reports, dashboards

· Experience with business process design techniques

· Experience with Microsoft office suite of products

· Must possess strong interpersonal, communication and presentation skills

· Must be capable of gaining client and end user confidence and trust

· Awareness and understanding of web technology architectures and web user interface design techniques

· Must be willing to occasionally work additional hours to support the needs of the business

· Must be capable of maintaining a high level of productivity in a dynamic and fast paced environment

· Bachelor’s degree in Information Sciences, Information Technologies, Business Science, and Computer Science preferred

· IIBA, PMP or six sigma certification a plus

· Applicants must be able to provide samples of documentation they have authored., Test Descrption=TC128_Create_Job_Requirement, Runmode=Y, makeGlobal=Yes, browser=chrome, Location=Madhapur, Hyderabad, remarks=immediate joining required, communityName=Community -, JobTitle=Business Analyst, email=andrew74444@gmail.com, AdditionalDetails=Event Management Prefered , BillingRate=$20-$25, JobTypeID=Contract, password=Admin@123}</td>
<td></td>
<td>305</td>
<td>com.cpcommunity.testScripts.community.TC128_Create_Job_Requirement@4e718207</td></tr>
<tr>
<td title='com.cpcommunity.testScripts.community.TC169_Verify_Member_Cannot_Able_To_Remove_CA_From_Manage_Community_Members_page_For_Only_One_Community_Admin.TC162()'><b>TC162</b><br>Test class: com.cpcommunity.testScripts.community.TC169_Verify_Member_Cannot_Able_To_Remove_CA_From_Manage_Community_Members_page_For_Only_One_Community_Admin<br>Parameters: {Test Descrption=TC162_Verify_Member_Can_Able_To_Access_Manage_Community_When_The_CA_Role_Is_Assigned, password=Admin@123, email=andrew74444@gmail.com, browser=chrome, Runmode=Y, communityName=Community -, email1=consumera99@gmail.com}</td>
<td></td>
<td>139</td>
<td>com.cpcommunity.testScripts.community.TC169_Verify_Member_Cannot_Able_To_Remove_CA_From_Manage_Community_Members_page_For_Only_One_Community_Admin@1d371b2d</td></tr>
<tr>
<td title='com.cpcommunity.testScripts.community.TC163_Member_Invite_Friends_To_Community.TC163()'><b>TC163</b><br>Test class: com.cpcommunity.testScripts.community.TC163_Member_Invite_Friends_To_Community<br>Parameters: {Test Descrption=TC163_Member_Invite_Friends_To_Community, password=Admin@123, email=andrew74444@gmail.com, browser=chrome, friendEmail=elliswatson12x@gmail.com, Runmode=Y, communityName=Community -}</td>
<td></td>
<td>122</td>
<td>com.cpcommunity.testScripts.community.TC163_Member_Invite_Friends_To_Community@543c6f6d</td></tr>
<tr>
<td title='com.cpcommunity.testScripts.community.TC171_Verify_Total_Communities_Count_And_In_My_Communities_Are_Same.TC171()'><b>TC171</b><br>Test class: com.cpcommunity.testScripts.community.TC171_Verify_Total_Communities_Count_And_In_My_Communities_Are_Same<br>Parameters: {Test Descrption=TC171_Verify_Total_Communities_Count_And_In_My_Communities_Are_Same, password=Admin@123, email=andrew74444@gmail.com, browser=chrome, Runmode=Y, communityName=Community -}</td>
<td></td>
<td>76</td>
<td>com.cpcommunity.testScripts.community.TC171_Verify_Total_Communities_Count_And_In_My_Communities_Are_Same@13eb8acf</td></tr>
<tr>
<td title='com.cpcommunity.testScripts.community.TC172_Verify_Purchased_Membership_Is_Not_Editable_To_CA.TC172()'><b>TC172</b><br>Test class: com.cpcommunity.testScripts.community.TC172_Verify_Purchased_Membership_Is_Not_Editable_To_CA<br>Parameters: {Test Descrption=TC172_Verify_Purchased_Membership_Is_Not_Editable_To_CA, password=Admin@123, email=andrew74444@gmail.com, browser=chrome, Runmode=Y, communityName=Community 1 -}</td>
<td></td>
<td>101</td>
<td>com.cpcommunity.testScripts.community.TC172_Verify_Purchased_Membership_Is_Not_Editable_To_CA@51c8530f</td></tr>
<tr>
<td title='com.cpcommunity.testScripts.advertisments.TC183_Verify_CA_Is_Not_Able_To_Create_Advertisment_Plan_Without_PG_Configuration.TC183()'><b>TC183</b><br>Test class: com.cpcommunity.testScripts.advertisments.TC183_Verify_CA_Is_Not_Able_To_Create_Advertisment_Plan_Without_PG_Configuration<br>Parameters: {Test Descrption=TC183_Verify_CA_Is_Not_Able_To_Create_Advertisment_Plan_Without_Payment_Gateway_Configuration, password=Admin@123, email=andrew74444@gmail.com, browser=chrome, Runmode=Y, communityName=Community -}</td>
<td></td>
<td>143</td>
<td>com.cpcommunity.testScripts.advertisments.TC183_Verify_CA_Is_Not_Able_To_Create_Advertisment_Plan_Without_PG_Configuration@7a30d1e6</td></tr>
</table><p>
<table width='100%' border='1' class='invocation-skipped'>
<tr><td colspan='4' align='center'><b>SKIPPED TESTS</b></td></tr>
<tr><td><b>Test method</b></td>
<td width="30%"><b>Exception</b></td>
<td width="10%"><b>Time (seconds)</b></td>
<td><b>Instance</b></td>
</tr>
<tr>
<td title='com.cpcommunity.testScripts.community.TC182_Verify_CA_Is_Not_Able_To_Create_Paid_Membership_Plan_Without_PG_Configuration.TC182()'><b>TC182</b><br>Test class: com.cpcommunity.testScripts.community.TC182_Verify_CA_Is_Not_Able_To_Create_Paid_Membership_Plan_Without_PG_Configuration<br>Parameters: {name=Paid membership, membershipPlanDescription=Please check back soon….., Test Descrption=TC182_Verify_CA_Is_Not_Able_To_Create_Paid_Membership_Plan_Without_Payment_Gateway_Configuration, duration=9, Runmode=Y, durationType=Days, browser=chrome, price=9, communityName=Community 2 -, email=andrew74444@gmail.com, password=Admin@123}</td>
<td><div><pre>org.openqa.selenium.NoSuchElementException: Timed out after 20 seconds. Unable to locate the element
	at org.openqa.selenium.support.pagefactory.AjaxElementLocator.findElement(AjaxElementLocator.java:123)
	at org.openqa.selenium.support.pagefactory.internal.LocatingElementHandler.invoke(LocatingElementHandler.java:38)
	at com.sun.proxy.$Proxy9.getWrappedElement(Unknown Source)
	at org.openqa.selenium.remote.internal.WebElementToJsonConverter.apply(WebElementToJsonConverter.java:50)
	at java.util.stream.ReferencePipeline$3$1.accept(ReferencePipeline.java:193)
	at java.util.Spliterators$ArraySpliterator.forEachRemaining(Spliterators.java:948)
	at java.util.stream.AbstractPipeline.copyInto(AbstractPipeline.java:482)
	at java.util.stream.AbstractPipeline.wrapAndCopyInto(AbstractPipeline.java:472)
	at java.util.stream.ReduceOps$ReduceOp.evaluateSequential(ReduceOps.java:708)
	at java.util.stream.AbstractPipeline.evaluate(AbstractPipeline.java:234)
	at java.util.stream.ReferencePipeline.collect(ReferencePipeline.java:499)
	at org.openqa.selenium.remote.RemoteWebDriver.executeScript(RemoteWebDriver.java:480)
	at com.cpcommunity.PageObjects.BasePage.highlightElement(BasePage.java:511)
	at com.cpcommunity.PageObjects.BasePage.click(BasePage.java:199)
	at com.cpcommunity.PageObjects.CommunityDashboardPage.navigateToMembershipPlans(CommunityDashboardPage.java:187)
	at com.cpcommunity.testScripts.community.TC182_Verify_CA_Is_Not_Able_To_Create_Paid_Membership_Plan_Without_PG_Configuration.TC182(TC182_Verify_CA_Is_Not_Able_To_Create_Paid_Membership_Plan_Without_PG_Configuration.java:32)
	at java.util.concurrent.ThreadPoolExecutor.runWorker(ThreadPoolExecutor.java:1149)
	at java.util.concurrent.ThreadPoolExecutor$Worker.run(ThreadPoolExecutor.java:624)
	at java.lang.Thread.run(Thread.java:748)
Caused by: org.openqa.selenium.NoSuchElementException: no such element: Unable to locate element: {&quot;method&quot;:&quot;xpath&quot;,&quot;selector&quot;:&quot;//a[contains(text(),&apos;Membership Plans&apos;)]&quot;}
  (Session info: chrome=85.0.4183.121)
  (Driver info: chromedriver=2.38.552522 (437e6fbedfa8762dec75e2c5b3ddb86763dc9dcb),platform=Windows NT 10.0.18362 x86_64) (WARNING: The server did not provide any stacktrace information)
Command duration or timeout: 0 milliseconds
For documentation on this error, please visit: http://seleniumhq.org/exceptions/no_such_element.html
Build info: version: &apos;3.14.0&apos;, revision: &apos;aacccce0&apos;, time: &apos;2018-08-02T20:19:58.91Z&apos;
System info: host: &apos;LAPTOP-65H8KDP8&apos;, ip: &apos;10.0.0.11&apos;, os.name: &apos;Windows 10&apos;, os.arch: &apos;amd64&apos;, os.version: &apos;10.0&apos;, java.version: &apos;1.8.0_251&apos;
Driver info: org.openqa.selenium.chrome.ChromeDriver
Capabilities {acceptInsecureCerts: false, acceptSslCerts: false, applicationCacheEnabled: false, browserConnectionEnabled: false, browserName: chrome, chrome: {chromedriverVersion: 2.38.552522 (437e6fbedfa876..., userDataDir: C:\Users\netwo\AppData\Loca...}, cssSelectorsEnabled: true, databaseEnabled: false, handlesAlerts: true, hasTouchScreen: false, javascriptEnabled: true, locationContextEnabled: true, mobileEmulationEnabled: false, nativeEvents: true, networkConnectionEnabled: false, pageLoadStrategy: normal, platform: XP, platformName: XP, rotatable: false, setWindowRect: true, takesHeapSnapshot: true, takesScreenshot: true, unexpectedAlertBehaviour: , unhandledPromptBehavior: , version: 85.0.4183.121, webStorageEnabled: true}
Session ID: ed30c046dfa0052e01418d066d6cbeb4
*** Element info: {Using=xpath, value=//a[contains(text(),&apos;Membership Plans&apos;)]}
	at org.openqa.selenium.remote.ErrorHandler.createThrowable(ErrorHandler.java:214)
	at org.openqa.selenium.remote.ErrorHandler.throwIfResponseFailed(ErrorHandler.java:166)
	at org.openqa.selenium.remote.http.JsonHttpResponseCodec.reconstructValue(JsonHttpResponseCodec.java:40)
	at org.openqa.selenium.remote.http.AbstractHttpResponseCodec.decode(AbstractHttpResponseCodec.java:80)
	at org.openqa.selenium.remote.http.AbstractHttpResponseCodec.decode(AbstractHttpResponseCodec.java:44)
	at org.openqa.selenium.remote.HttpCommandExecutor.execute(HttpCommandExecutor.java:158)
	at org.openqa.selenium.remote.service.DriverCommandExecutor.execute(DriverCommandExecutor.java:83)
	at org.openqa.selenium.remote.RemoteWebDriver.execute(RemoteWebDriver.java:548)
	at org.openqa.selenium.remote.RemoteWebDriver.findElement(RemoteWebDriver.java:322)
	at org.openqa.selenium.remote.RemoteWebDriver.findElementByXPath(RemoteWebDriver.java:424)
	at org.openqa.selenium.By$ByXPath.findElement(By.java:353)
	at org.openqa.selenium.remote.RemoteWebDriver.findElement(RemoteWebDriver.java:314)
	at org.openqa.selenium.support.pagefactory.DefaultElementLocator.findElement(DefaultElementLocator.java:69)
	at org.openqa.selenium.support.pagefactory.AjaxElementLocator.access$001(AjaxElementLocator.java:39)
	at org.openqa.selenium.support.pagefactory.AjaxElementLocator$SlowLoadingElement.isLoaded(AjaxElementLocator.java:194)
	at org.openqa.selenium.support.ui.SlowLoadableComponent.get(SlowLoadableComponent.java:78)
	at org.openqa.selenium.support.pagefactory.AjaxElementLocator.findElement(AjaxElementLocator.java:119)
	... 28 more
... Removed 13 stack frames</pre></div><a href='#' onClick='toggleBox("stack-trace250376898", this, "Click to show all stack frames", "Click to hide stack frames")'>Click to show all stack frames</a>
<div class='stack-trace' id='stack-trace250376898'><pre>org.openqa.selenium.NoSuchElementException: Timed out after 20 seconds. Unable to locate the element
	at org.openqa.selenium.support.pagefactory.AjaxElementLocator.findElement(AjaxElementLocator.java:123)
	at org.openqa.selenium.support.pagefactory.internal.LocatingElementHandler.invoke(LocatingElementHandler.java:38)
	at com.sun.proxy.$Proxy9.getWrappedElement(Unknown Source)
	at org.openqa.selenium.remote.internal.WebElementToJsonConverter.apply(WebElementToJsonConverter.java:50)
	at java.util.stream.ReferencePipeline$3$1.accept(ReferencePipeline.java:193)
	at java.util.Spliterators$ArraySpliterator.forEachRemaining(Spliterators.java:948)
	at java.util.stream.AbstractPipeline.copyInto(AbstractPipeline.java:482)
	at java.util.stream.AbstractPipeline.wrapAndCopyInto(AbstractPipeline.java:472)
	at java.util.stream.ReduceOps$ReduceOp.evaluateSequential(ReduceOps.java:708)
	at java.util.stream.AbstractPipeline.evaluate(AbstractPipeline.java:234)
	at java.util.stream.ReferencePipeline.collect(ReferencePipeline.java:499)
	at org.openqa.selenium.remote.RemoteWebDriver.executeScript(RemoteWebDriver.java:480)
	at com.cpcommunity.PageObjects.BasePage.highlightElement(BasePage.java:511)
	at com.cpcommunity.PageObjects.BasePage.click(BasePage.java:199)
	at com.cpcommunity.PageObjects.CommunityDashboardPage.navigateToMembershipPlans(CommunityDashboardPage.java:187)
	at com.cpcommunity.testScripts.community.TC182_Verify_CA_Is_Not_Able_To_Create_Paid_Membership_Plan_Without_PG_Configuration.TC182(TC182_Verify_CA_Is_Not_Able_To_Create_Paid_Membership_Plan_Without_PG_Configuration.java:32)
	at sun.reflect.NativeMethodAccessorImpl.invoke0(Native Method)
	at sun.reflect.NativeMethodAccessorImpl.invoke(NativeMethodAccessorImpl.java:62)
	at sun.reflect.DelegatingMethodAccessorImpl.invoke(DelegatingMethodAccessorImpl.java:43)
	at java.lang.reflect.Method.invoke(Method.java:498)
	at org.testng.internal.MethodInvocationHelper.invokeMethod(MethodInvocationHelper.java:108)
	at org.testng.internal.Invoker.invokeMethod(Invoker.java:661)
	at org.testng.internal.Invoker.invokeTestMethod(Invoker.java:869)
	at org.testng.internal.Invoker.invokeTestMethods(Invoker.java:1193)
	at org.testng.internal.TestMethodWorker.invokeTestMethods(TestMethodWorker.java:126)
	at org.testng.internal.TestMethodWorker.run(TestMethodWorker.java:109)
	at java.util.concurrent.ThreadPoolExecutor.runWorker(ThreadPoolExecutor.java:1149)
	at java.util.concurrent.ThreadPoolExecutor$Worker.run(ThreadPoolExecutor.java:624)
	at java.lang.Thread.run(Thread.java:748)
Caused by: org.openqa.selenium.NoSuchElementException: no such element: Unable to locate element: {&quot;method&quot;:&quot;xpath&quot;,&quot;selector&quot;:&quot;//a[contains(text(),&apos;Membership Plans&apos;)]&quot;}
  (Session info: chrome=85.0.4183.121)
  (Driver info: chromedriver=2.38.552522 (437e6fbedfa8762dec75e2c5b3ddb86763dc9dcb),platform=Windows NT 10.0.18362 x86_64) (WARNING: The server did not provide any stacktrace information)
Command duration or timeout: 0 milliseconds
For documentation on this error, please visit: http://seleniumhq.org/exceptions/no_such_element.html
Build info: version: &apos;3.14.0&apos;, revision: &apos;aacccce0&apos;, time: &apos;2018-08-02T20:19:58.91Z&apos;
System info: host: &apos;LAPTOP-65H8KDP8&apos;, ip: &apos;10.0.0.11&apos;, os.name: &apos;Windows 10&apos;, os.arch: &apos;amd64&apos;, os.version: &apos;10.0&apos;, java.version: &apos;1.8.0_251&apos;
Driver info: org.openqa.selenium.chrome.ChromeDriver
Capabilities {acceptInsecureCerts: false, acceptSslCerts: false, applicationCacheEnabled: false, browserConnectionEnabled: false, browserName: chrome, chrome: {chromedriverVersion: 2.38.552522 (437e6fbedfa876..., userDataDir: C:\Users\netwo\AppData\Loca...}, cssSelectorsEnabled: true, databaseEnabled: false, handlesAlerts: true, hasTouchScreen: false, javascriptEnabled: true, locationContextEnabled: true, mobileEmulationEnabled: false, nativeEvents: true, networkConnectionEnabled: false, pageLoadStrategy: normal, platform: XP, platformName: XP, rotatable: false, setWindowRect: true, takesHeapSnapshot: true, takesScreenshot: true, unexpectedAlertBehaviour: , unhandledPromptBehavior: , version: 85.0.4183.121, webStorageEnabled: true}
Session ID: ed30c046dfa0052e01418d066d6cbeb4
*** Element info: {Using=xpath, value=//a[contains(text(),&apos;Membership Plans&apos;)]}
	at sun.reflect.GeneratedConstructorAccessor77.newInstance(Unknown Source)
	at sun.reflect.DelegatingConstructorAccessorImpl.newInstance(DelegatingConstructorAccessorImpl.java:45)
	at java.lang.reflect.Constructor.newInstance(Constructor.java:423)
	at org.openqa.selenium.remote.ErrorHandler.createThrowable(ErrorHandler.java:214)
	at org.openqa.selenium.remote.ErrorHandler.throwIfResponseFailed(ErrorHandler.java:166)
	at org.openqa.selenium.remote.http.JsonHttpResponseCodec.reconstructValue(JsonHttpResponseCodec.java:40)
	at org.openqa.selenium.remote.http.AbstractHttpResponseCodec.decode(AbstractHttpResponseCodec.java:80)
	at org.openqa.selenium.remote.http.AbstractHttpResponseCodec.decode(AbstractHttpResponseCodec.java:44)
	at org.openqa.selenium.remote.HttpCommandExecutor.execute(HttpCommandExecutor.java:158)
	at org.openqa.selenium.remote.service.DriverCommandExecutor.execute(DriverCommandExecutor.java:83)
	at org.openqa.selenium.remote.RemoteWebDriver.execute(RemoteWebDriver.java:548)
	at org.openqa.selenium.remote.RemoteWebDriver.findElement(RemoteWebDriver.java:322)
	at org.openqa.selenium.remote.RemoteWebDriver.findElementByXPath(RemoteWebDriver.java:424)
	at org.openqa.selenium.By$ByXPath.findElement(By.java:353)
	at org.openqa.selenium.remote.RemoteWebDriver.findElement(RemoteWebDriver.java:314)
	at org.openqa.selenium.support.pagefactory.DefaultElementLocator.findElement(DefaultElementLocator.java:69)
	at org.openqa.selenium.support.pagefactory.AjaxElementLocator.access$001(AjaxElementLocator.java:39)
	at org.openqa.selenium.support.pagefactory.AjaxElementLocator$SlowLoadingElement.isLoaded(AjaxElementLocator.java:194)
	at org.openqa.selenium.support.ui.SlowLoadableComponent.get(SlowLoadableComponent.java:78)
	at org.openqa.selenium.support.pagefactory.AjaxElementLocator.findElement(AjaxElementLocator.java:119)
	... 28 more
</pre></div></td>
<td>172</td>
<td>com.cpcommunity.testScripts.community.TC182_Verify_CA_Is_Not_Able_To_Create_Paid_Membership_Plan_Without_PG_Configuration@5891e32e</td></tr>
</table><p>
</body>
</html>